<?xml version="1.0" encoding="UTF-8"?>
<testsuites name="Acceptance" time="5397.075" tests="27" failures="9" errors="0">
   <testsuite name="Acceptance" tests="27" failures="9" errors="0" time="5397.075" timestamp="2019-12-03 19:15:28" hostname="akhilesh - 192.168.1.6" id="Test Suites/Acceptance">
      <properties>
[...]
</properties>
      <testcase name="Test Cases/Rate users - third party" time="61.256" classname="Test Cases/Rate users - third party" status="PASSED">
         <system-out><![CDATA[2019-12-03 19:15:28 - [TEST_CASE][PASSED] - Test Cases/Rate users - third party: Test Cases/Rate users - third party

2019-12-03 19:15:28 - [TEST_STEP][PASSED] - Start listener action : beforeTestcase: null

2019-12-03 19:15:28 - [TEST_STEP][PASSED] - openBrowser(AppUrl): Browser is opened with url: 'https://qa.thework.life'

2019-12-03 19:15:29 - [MESSAGE][INFO] - Starting 'Firefox' driver

2019-12-03 19:15:29 - [MESSAGE][INFO] - Action delay is set to 0 seconds

2019-12-03 19:15:40 - [MESSAGE][PASSED] - Browser is opened with url: 'https://qa.thework.life'

2019-12-03 19:15:40 - [TEST_STEP][PASSED] - navigateToUrl(AppUrl): Navigate to 'https://qa.thework.life' successfully

2019-12-03 19:15:42 - [MESSAGE][PASSED] - Navigate to 'https://qa.thework.life' successfully

2019-12-03 19:15:42 - [TEST_STEP][PASSED] - setText(findTestObject("Object Repository/Rate/Page_theworklife - Find Great People To Work With/input_Forgot password_username"), "worklifetest10001@gmail.com"): Text 'worklifetest10001@gmail.com' is set on object 'Object Repository/Rate/Page_theworklife - Find Great People To Work With/input_Forgot password_username'

2019-12-03 19:15:43 - [MESSAGE][PASSED] - Text 'worklifetest10001@gmail.com' is set on object 'Object Repository/Rate/Page_theworklife - Find Great People To Work With/input_Forgot password_username'

2019-12-03 19:15:43 - [TEST_STEP][PASSED] - setEncryptedText(findTestObject("Object Repository/Rate/Page_theworklife - Find Great People To Work With/input_Forgot password_password"), "x8UobeF0bbxd7GrPsdhkIlsTrhBxwBw1"): Text ****** has been set on object 'Object Repository/Rate/Page_theworklife - Find Great People To Work With/input_Forgot password_password'

2019-12-03 19:15:43 - [MESSAGE][PASSED] - Text ****** has been set on object 'Object Repository/Rate/Page_theworklife - Find Great People To Work With/input_Forgot password_password'

2019-12-03 19:15:43 - [TEST_STEP][PASSED] - click(findTestObject("Object Repository/Rate/Page_theworklife - Find Great People To Work With/button_Sign in")): Object: 'Object Repository/Rate/Page_theworklife - Find Great People To Work With/button_Sign in' is clicked on

2019-12-03 19:15:47 - [MESSAGE][PASSED] - Object: 'Object Repository/Rate/Page_theworklife - Find Great People To Work With/button_Sign in' is clicked on

2019-12-03 19:15:47 - [TEST_STEP][PASSED] - setEncryptedText(findTestObject("Object Repository/Rate/Page_theworklife - Find Great People To Work With/input_Password does not match_password"), "XU9cBalmEBp1UP+jEU2w4UUBUuNgBY4U"): Text ****** has been set on object 'Object Repository/Rate/Page_theworklife - Find Great People To Work With/input_Password does not match_password'

2019-12-03 19:15:47 - [MESSAGE][PASSED] - Text ****** has been set on object 'Object Repository/Rate/Page_theworklife - Find Great People To Work With/input_Password does not match_password'

2019-12-03 19:15:47 - [TEST_STEP][PASSED] - click(findTestObject("Object Repository/Rate/Page_theworklife - Find Great People To Work With/button_Sign in")): Object: 'Object Repository/Rate/Page_theworklife - Find Great People To Work With/button_Sign in' is clicked on

2019-12-03 19:15:54 - [MESSAGE][PASSED] - Object: 'Object Repository/Rate/Page_theworklife - Find Great People To Work With/button_Sign in' is clicked on

2019-12-03 19:15:54 - [TEST_STEP][PASSED] - setText(findTestObject("Object Repository/Rate/Page_Home/input_View all_searchText"), "user1570385143181"): Text 'user1570385143181' is set on object 'Object Repository/Rate/Page_Home/input_View all_searchText'

2019-12-03 19:15:55 - [MESSAGE][PASSED] - Text 'user1570385143181' is set on object 'Object Repository/Rate/Page_Home/input_View all_searchText'

2019-12-03 19:15:55 - [TEST_STEP][PASSED] - click(findTestObject("Rate/Page_Home/Search user button")): Object: 'Object Repository/Rate/Page_Home/Search user button' is clicked on

2019-12-03 19:16:01 - [MESSAGE][PASSED] - Object: 'Object Repository/Rate/Page_Home/Search user button' is clicked on

2019-12-03 19:16:01 - [TEST_STEP][PASSED] - click(findTestObject("Rate/Page_Home/click on user to rate")): Object: 'Object Repository/Rate/Page_Home/click on user to rate' is clicked on

2019-12-03 19:16:01 - [MESSAGE][PASSED] - Object: 'Object Repository/Rate/Page_Home/click on user to rate' is clicked on

2019-12-03 19:16:01 - [TEST_STEP][PASSED] - click(findTestObject("Rate/Page_Home/Click rate now")): Object: 'Object Repository/Rate/Page_Home/Click rate now' is clicked on

2019-12-03 19:16:06 - [MESSAGE][PASSED] - Object: 'Object Repository/Rate/Page_Home/Click rate now' is clicked on

2019-12-03 19:16:06 - [TEST_STEP][PASSED] - waitForElementClickable(findTestObject("Rate/Page_View Profile/span_Desire to work with again_star3"), 5): Object 'Object Repository/Rate/Page_View Profile/span_Desire to work with again_star3' is clickable

2019-12-03 19:16:07 - [MESSAGE][PASSED] - Object 'Object Repository/Rate/Page_View Profile/span_Desire to work with again_star3' is clickable

2019-12-03 19:16:07 - [TEST_STEP][NOT_RUN] - sleep(5000): NOT_RUN: sleep(5000)

2019-12-03 19:16:07 - [MESSAGE][NOT_RUN] - NOT_RUN: sleep(5000)

2019-12-03 19:16:07 - [TEST_STEP][PASSED] - delay(5): Delayed 5 second(s)

2019-12-03 19:16:12 - [MESSAGE][PASSED] - Delayed 5 second(s)

2019-12-03 19:16:12 - [TEST_STEP][PASSED] - click(findTestObject("Object Repository/Rate/Page_View Profile/span_Desire to work with again_star3")): Object: 'Object Repository/Rate/Page_View Profile/span_Desire to work with again_star3' is clicked on

2019-12-03 19:16:13 - [MESSAGE][PASSED] - Object: 'Object Repository/Rate/Page_View Profile/span_Desire to work with again_star3' is clicked on

2019-12-03 19:16:13 - [TEST_STEP][PASSED] - click(findTestObject("Object Repository/Rate/Page_View Profile/span_Encourages work life balance_star3")): Object: 'Object Repository/Rate/Page_View Profile/span_Encourages work life balance_star3' is clicked on

2019-12-03 19:16:13 - [MESSAGE][PASSED] - Object: 'Object Repository/Rate/Page_View Profile/span_Encourages work life balance_star3' is clicked on

2019-12-03 19:16:13 - [TEST_STEP][PASSED] - click(findTestObject("Object Repository/Rate/Page_View Profile/span_Dependability_star3")): Object: 'Object Repository/Rate/Page_View Profile/span_Dependability_star3' is clicked on

2019-12-03 19:16:14 - [MESSAGE][PASSED] - Object: 'Object Repository/Rate/Page_View Profile/span_Dependability_star3' is clicked on

2019-12-03 19:16:14 - [TEST_STEP][PASSED] - click(findTestObject("Object Repository/Rate/Page_View Profile/span_Solution Seeker_star3")): Object: 'Object Repository/Rate/Page_View Profile/span_Solution Seeker_star3' is clicked on

2019-12-03 19:16:14 - [MESSAGE][PASSED] - Object: 'Object Repository/Rate/Page_View Profile/span_Solution Seeker_star3' is clicked on

2019-12-03 19:16:14 - [TEST_STEP][PASSED] - click(findTestObject("Object Repository/Rate/Page_View Profile/span_Willingness to Learn_star3")): Object: 'Object Repository/Rate/Page_View Profile/span_Willingness to Learn_star3' is clicked on

2019-12-03 19:16:15 - [MESSAGE][PASSED] - Object: 'Object Repository/Rate/Page_View Profile/span_Willingness to Learn_star3' is clicked on

2019-12-03 19:16:15 - [TEST_STEP][PASSED] - click(findTestObject("Object Repository/Rate/Page_View Profile/span_Enthusiasm_star3")): Object: 'Object Repository/Rate/Page_View Profile/span_Enthusiasm_star3' is clicked on

2019-12-03 19:16:15 - [MESSAGE][PASSED] - Object: 'Object Repository/Rate/Page_View Profile/span_Enthusiasm_star3' is clicked on

2019-12-03 19:16:15 - [TEST_STEP][PASSED] - click(findTestObject("Object Repository/Rate/Page_View Profile/span_Clarity in Communication_star3")): Object: 'Object Repository/Rate/Page_View Profile/span_Clarity in Communication_star3' is clicked on

2019-12-03 19:16:15 - [MESSAGE][PASSED] - Object: 'Object Repository/Rate/Page_View Profile/span_Clarity in Communication_star3' is clicked on

2019-12-03 19:16:15 - [TEST_STEP][PASSED] - click(findTestObject("Object Repository/Rate/Page_View Profile/span_Mutual Respect_star3")): Object: 'Object Repository/Rate/Page_View Profile/span_Mutual Respect_star3' is clicked on

2019-12-03 19:16:16 - [MESSAGE][PASSED] - Object: 'Object Repository/Rate/Page_View Profile/span_Mutual Respect_star3' is clicked on

2019-12-03 19:16:16 - [TEST_STEP][PASSED] - click(findTestObject("Object Repository/Rate/Page_View Profile/button_Next")): Object: 'Object Repository/Rate/Page_View Profile/button_Next' is clicked on

2019-12-03 19:16:17 - [MESSAGE][PASSED] - Object: 'Object Repository/Rate/Page_View Profile/button_Next' is clicked on

2019-12-03 19:16:17 - [TEST_STEP][PASSED] - waitForElementClickable(findTestObject("Rate/Page_View Profile/textarea_test recomendation test on qa enviornment for vijay test account"), 3): Object 'Object Repository/Rate/Page_View Profile/textarea_test recomendation test on qa enviornment for vijay test account' is clickable

2019-12-03 19:16:18 - [MESSAGE][PASSED] - Object 'Object Repository/Rate/Page_View Profile/textarea_test recomendation test on qa enviornment for vijay test account' is clickable

2019-12-03 19:16:18 - [TEST_STEP][PASSED] - setText(findTestObject("Object Repository/Rate/Page_View Profile/textarea_test recomendation test on qa enviornment for vijay test account"), "test recomendation test on qa enviornment for vijay test account tst test test test for recommendation test scenario vijay test"): Text 'test recomendation test on qa enviornment for vijay test account tst test test test for recommendation test scenario vijay test' is set on object 'Object Repository/Rate/Page_View Profile/textarea_test recomendation test on qa enviornment for vijay test account'

2019-12-03 19:16:18 - [MESSAGE][PASSED] - Text 'test recomendation test on qa enviornment for vijay test account tst test test test for recommendation test scenario vijay test' is set on object 'Object Repository/Rate/Page_View Profile/textarea_test recomendation test on qa enviornment for vijay test account'

2019-12-03 19:16:18 - [TEST_STEP][PASSED] - click(findTestObject("Object Repository/Rate/Page_View Profile/button_Submit")): Object: 'Object Repository/Rate/Page_View Profile/button_Submit' is clicked on

2019-12-03 19:16:19 - [MESSAGE][PASSED] - Object: 'Object Repository/Rate/Page_View Profile/button_Submit' is clicked on

2019-12-03 19:16:19 - [TEST_STEP][PASSED] - waitForElementClickable(findTestObject("Rate/Page_View Profile/a_OK"), 3): Object 'Object Repository/Rate/Page_View Profile/a_OK' is clickable

2019-12-03 19:16:20 - [MESSAGE][PASSED] - Object 'Object Repository/Rate/Page_View Profile/a_OK' is clickable

2019-12-03 19:16:20 - [TEST_STEP][PASSED] - delay(5): Delayed 5 second(s)

2019-12-03 19:16:25 - [MESSAGE][PASSED] - Delayed 5 second(s)

2019-12-03 19:16:25 - [TEST_STEP][PASSED] - click(findTestObject("Rate/Page_View Profile/a_OK")): Object: 'Object Repository/Rate/Page_View Profile/a_OK' is clicked on

2019-12-03 19:16:25 - [MESSAGE][PASSED] - Object: 'Object Repository/Rate/Page_View Profile/a_OK' is clicked on

2019-12-03 19:16:25 - [TEST_STEP][PASSED] - closeBrowser(): Browser is closed

2019-12-03 19:16:27 - [MESSAGE][PASSED] - Browser is closed

2019-12-03 19:16:27 - [TEST_STEP][PASSED] - Start listener action : afterTestcase: Browser is closed

2019-12-03 19:16:27 - [TEST_STEP][PASSED] - closeBrowser(): Browser is closed

2019-12-03 19:16:27 - [MESSAGE][PASSED] - Browser is closed

2019-12-03 19:16:29 - [TEST_STEP][PASSED] - Video: Video recording for test case 'Test Cases/Rate users - third party' .

2019-12-03 19:16:29 - [MESSAGE][INFO] - Video recording for test case 'Test Cases/Rate users - third party' .
[[ATTACHMENT|/Users/akhilesh/git/KatalonBDD1/Reports/20191203_191511/Acceptance/20191203_191511/videos/test_1.avi]]]]></system-out>
         <system-err><![CDATA[]]></system-err>
      </testcase>
      <testcase name="Test Cases/Connect with users" time="40.075" classname="Test Cases/Connect with users" status="PASSED">
         <system-out><![CDATA[2019-12-03 19:16:29 - [TEST_CASE][PASSED] - Test Cases/Connect with users: Test Cases/Connect with users

2019-12-03 19:16:29 - [TEST_STEP][PASSED] - Start listener action : beforeTestcase: null

2019-12-03 19:16:29 - [TEST_STEP][PASSED] - openBrowser(AppUrl): Browser is opened with url: 'https://qa.thework.life'

2019-12-03 19:16:29 - [MESSAGE][INFO] - Starting 'Firefox' driver

2019-12-03 19:16:39 - [MESSAGE][PASSED] - Browser is opened with url: 'https://qa.thework.life'

2019-12-03 19:16:39 - [TEST_STEP][PASSED] - navigateToUrl(AppUrl): Navigate to 'https://qa.thework.life' successfully

2019-12-03 19:16:41 - [MESSAGE][PASSED] - Navigate to 'https://qa.thework.life' successfully

2019-12-03 19:16:41 - [TEST_STEP][PASSED] - setText(findTestObject("Experience/Page_theworklife - Find Great People To Work With/input_Forgot password_username"), "worklifetest10001@gmail.com"): Text 'worklifetest10001@gmail.com' is set on object 'Object Repository/Experience/Page_theworklife - Find Great People To Work With/input_Forgot password_username'

2019-12-03 19:16:42 - [MESSAGE][PASSED] - Text 'worklifetest10001@gmail.com' is set on object 'Object Repository/Experience/Page_theworklife - Find Great People To Work With/input_Forgot password_username'

2019-12-03 19:16:42 - [TEST_STEP][PASSED] - setEncryptedText(findTestObject("Experience/Page_theworklife - Find Great People To Work With/input_Forgot password_password"), "XU9cBalmEBp1UP+jEU2w4UUBUuNgBY4U"): Text ****** has been set on object 'Object Repository/Experience/Page_theworklife - Find Great People To Work With/input_Forgot password_password'

2019-12-03 19:16:42 - [MESSAGE][PASSED] - Text ****** has been set on object 'Object Repository/Experience/Page_theworklife - Find Great People To Work With/input_Forgot password_password'

2019-12-03 19:16:42 - [TEST_STEP][PASSED] - click(findTestObject("Object Repository/Rate/Page_theworklife - Find Great People To Work With/button_Sign in")): Object: 'Object Repository/Rate/Page_theworklife - Find Great People To Work With/button_Sign in' is clicked on

2019-12-03 19:16:52 - [MESSAGE][PASSED] - Object: 'Object Repository/Rate/Page_theworklife - Find Great People To Work With/button_Sign in' is clicked on

2019-12-03 19:16:52 - [TEST_STEP][PASSED] - waitForElementPresent(findTestObject("connect with user/Page_Home/a_connections"), 3): Object 'Object Repository/connect with user/Page_Home/a_connections' is present

2019-12-03 19:16:52 - [MESSAGE][PASSED] - Object 'Object Repository/connect with user/Page_Home/a_connections' is present

2019-12-03 19:16:52 - [TEST_STEP][PASSED] - delay(4): Delayed 4 second(s)

2019-12-03 19:16:56 - [MESSAGE][PASSED] - Delayed 4 second(s)

2019-12-03 19:16:56 - [TEST_STEP][PASSED] - click(findTestObject("connect with user/Page_Home/a_connections")): Object: 'Object Repository/connect with user/Page_Home/a_connections' is clicked on

2019-12-03 19:16:59 - [MESSAGE][PASSED] - Object: 'Object Repository/connect with user/Page_Home/a_connections' is clicked on

2019-12-03 19:16:59 - [TEST_STEP][PASSED] - setText(findTestObject("Rate/Page_Home/input_View all_searchText"), "vijay"): Text 'vijay' is set on object 'Object Repository/Rate/Page_Home/input_View all_searchText'

2019-12-03 19:16:59 - [MESSAGE][PASSED] - Text 'vijay' is set on object 'Object Repository/Rate/Page_Home/input_View all_searchText'

2019-12-03 19:16:59 - [TEST_STEP][PASSED] - click(findTestObject("Rate/Page_Home/Search user button")): Object: 'Object Repository/Rate/Page_Home/Search user button' is clicked on

2019-12-03 19:17:05 - [MESSAGE][PASSED] - Object: 'Object Repository/Rate/Page_Home/Search user button' is clicked on

2019-12-03 19:17:05 - [TEST_STEP][PASSED] - click(findTestObject("connect with user/Page_Search/button_Connect")): Object: 'Object Repository/connect with user/Page_Search/button_Connect' is clicked on

2019-12-03 19:17:06 - [MESSAGE][PASSED] - Object: 'Object Repository/connect with user/Page_Search/button_Connect' is clicked on

2019-12-03 19:17:06 - [TEST_STEP][PASSED] - closeBrowser(): Browser is closed

2019-12-03 19:17:07 - [MESSAGE][PASSED] - Browser is closed

2019-12-03 19:17:07 - [TEST_STEP][PASSED] - Start listener action : afterTestcase: Browser is closed

2019-12-03 19:17:07 - [TEST_STEP][PASSED] - closeBrowser(): Browser is closed

2019-12-03 19:17:07 - [MESSAGE][PASSED] - Browser is closed

2019-12-03 19:17:09 - [TEST_STEP][PASSED] - Video: Video recording for test case 'Test Cases/Connect with users' .

2019-12-03 19:17:09 - [MESSAGE][INFO] - Video recording for test case 'Test Cases/Connect with users' .
[[ATTACHMENT|/Users/akhilesh/git/KatalonBDD1/Reports/20191203_191511/Acceptance/20191203_191511/videos/test_2.avi]]]]></system-out>
         <system-err><![CDATA[]]></system-err>
      </testcase>
      <testcase name="Test Cases/Endorse skills" time="57.129" classname="Test Cases/Endorse skills" status="PASSED">
         <system-out><![CDATA[2019-12-03 19:17:09 - [TEST_CASE][PASSED] - Test Cases/Endorse skills: Test Cases/Endorse skills

2019-12-03 19:17:09 - [TEST_STEP][PASSED] - Start listener action : beforeTestcase: null

2019-12-03 19:17:09 - [TEST_STEP][PASSED] - openBrowser(AppUrl): Browser is opened with url: 'https://qa.thework.life'

2019-12-03 19:17:09 - [MESSAGE][INFO] - Starting 'Firefox' driver

2019-12-03 19:17:24 - [MESSAGE][PASSED] - Browser is opened with url: 'https://qa.thework.life'

2019-12-03 19:17:24 - [TEST_STEP][PASSED] - navigateToUrl(AppUrl): Navigate to 'https://qa.thework.life' successfully

2019-12-03 19:17:27 - [MESSAGE][PASSED] - Navigate to 'https://qa.thework.life' successfully

2019-12-03 19:17:27 - [TEST_STEP][PASSED] - setText(findTestObject("Object Repository/Endorse skills/Page_theworklife - Find Great People To Work With/input_Forgot password_username"), "worklifetest10001@gmail.com"): Text 'worklifetest10001@gmail.com' is set on object 'Object Repository/Endorse skills/Page_theworklife - Find Great People To Work With/input_Forgot password_username'

2019-12-03 19:17:28 - [MESSAGE][PASSED] - Text 'worklifetest10001@gmail.com' is set on object 'Object Repository/Endorse skills/Page_theworklife - Find Great People To Work With/input_Forgot password_username'

2019-12-03 19:17:28 - [TEST_STEP][PASSED] - setEncryptedText(findTestObject("Object Repository/Endorse skills/Page_theworklife - Find Great People To Work With/input_Forgot password_password"), "XU9cBalmEBp1UP+jEU2w4UUBUuNgBY4U"): Text ****** has been set on object 'Object Repository/Endorse skills/Page_theworklife - Find Great People To Work With/input_Forgot password_password'

2019-12-03 19:17:28 - [MESSAGE][PASSED] - Text ****** has been set on object 'Object Repository/Endorse skills/Page_theworklife - Find Great People To Work With/input_Forgot password_password'

2019-12-03 19:17:28 - [TEST_STEP][PASSED] - click(findTestObject("Object Repository/Rate/Page_theworklife - Find Great People To Work With/button_Sign in")): Object: 'Object Repository/Rate/Page_theworklife - Find Great People To Work With/button_Sign in' is clicked on

2019-12-03 19:17:37 - [MESSAGE][PASSED] - Object: 'Object Repository/Rate/Page_theworklife - Find Great People To Work With/button_Sign in' is clicked on

2019-12-03 19:17:37 - [TEST_STEP][PASSED] - setText(findTestObject("Object Repository/Endorse skills/Page_Home/input_View all_searchText"), "vijay"): Text 'vijay' is set on object 'Object Repository/Endorse skills/Page_Home/input_View all_searchText'

2019-12-03 19:17:38 - [MESSAGE][PASSED] - Text 'vijay' is set on object 'Object Repository/Endorse skills/Page_Home/input_View all_searchText'

2019-12-03 19:17:38 - [TEST_STEP][PASSED] - delay(3): Delayed 3 second(s)

2019-12-03 19:17:41 - [MESSAGE][PASSED] - Delayed 3 second(s)

2019-12-03 19:17:41 - [TEST_STEP][PASSED] - click(findTestObject("Object Repository/Endorse skills/Page_Search/div_Vijay Test")): Object: 'Object Repository/Endorse skills/Page_Search/div_Vijay Test' is clicked on

2019-12-03 19:17:45 - [MESSAGE][PASSED] - Object: 'Object Repository/Endorse skills/Page_Search/div_Vijay Test' is clicked on

2019-12-03 19:17:45 - [TEST_STEP][PASSED] - click(findTestObject("Endorse skills/Page_Search/search vijay test")): Object: 'Object Repository/Endorse skills/Page_Search/search vijay test' is clicked on

2019-12-03 19:17:45 - [MESSAGE][PASSED] - Object: 'Object Repository/Endorse skills/Page_Search/search vijay test' is clicked on

2019-12-03 19:17:45 - [TEST_STEP][PASSED] - delay(5): Delayed 5 second(s)

2019-12-03 19:17:50 - [MESSAGE][PASSED] - Delayed 5 second(s)

2019-12-03 19:17:50 - [TEST_STEP][PASSED] - click(findTestObject("Object Repository/Endorse skills/Page_View Profile/span_Endorse Skills")): Object: 'Object Repository/Endorse skills/Page_View Profile/span_Endorse Skills' is clicked on

2019-12-03 19:17:51 - [MESSAGE][PASSED] - Object: 'Object Repository/Endorse skills/Page_View Profile/span_Endorse Skills' is clicked on

2019-12-03 19:17:51 - [TEST_STEP][NOT_RUN] - delay(5): NOT_RUN: delay(5)

2019-12-03 19:17:51 - [MESSAGE][NOT_RUN] - NOT_RUN: delay(5)

2019-12-03 19:17:51 - [TEST_STEP][NOT_RUN] - waitForElementClickable(findTestObject("Endorse skills/click on endorse skill"), 5): NOT_RUN: waitForElementClickable(findTestObject("Endorse skills/click on endorse skill"), 5)

2019-12-03 19:17:51 - [MESSAGE][NOT_RUN] - NOT_RUN: waitForElementClickable(findTestObject("Endorse skills/click on endorse skill"), 5)

2019-12-03 19:17:51 - [TEST_STEP][NOT_RUN] - click(findTestObject("Endorse skills/click on endorse skill")): NOT_RUN: click(findTestObject("Endorse skills/click on endorse skill"))

2019-12-03 19:17:51 - [MESSAGE][NOT_RUN] - NOT_RUN: click(findTestObject("Endorse skills/click on endorse skill"))

2019-12-03 19:17:51 - [TEST_STEP][PASSED] - delay(5): Delayed 5 second(s)

2019-12-03 19:17:56 - [MESSAGE][PASSED] - Delayed 5 second(s)

2019-12-03 19:17:56 - [TEST_STEP][PASSED] - click(findTestObject("Endorse skills/Page_View Profile/button_Endorse")): Object: 'Object Repository/Endorse skills/Page_View Profile/button_Endorse' is clicked on

2019-12-03 19:17:56 - [MESSAGE][PASSED] - Object: 'Object Repository/Endorse skills/Page_View Profile/button_Endorse' is clicked on

2019-12-03 19:17:56 - [TEST_STEP][PASSED] - waitForElementClickable(findTestObject("Endorse skills/Page_View Profile/a_OK"), 5): Object 'Object Repository/Endorse skills/Page_View Profile/a_OK' is clickable

2019-12-03 19:17:57 - [MESSAGE][PASSED] - Object 'Object Repository/Endorse skills/Page_View Profile/a_OK' is clickable

2019-12-03 19:17:57 - [TEST_STEP][PASSED] - delay(5): Delayed 5 second(s)

2019-12-03 19:18:02 - [MESSAGE][PASSED] - Delayed 5 second(s)

2019-12-03 19:18:02 - [TEST_STEP][PASSED] - click(findTestObject("Object Repository/Endorse skills/Page_View Profile/a_OK")): Object: 'Object Repository/Endorse skills/Page_View Profile/a_OK' is clicked on

2019-12-03 19:18:03 - [MESSAGE][PASSED] - Object: 'Object Repository/Endorse skills/Page_View Profile/a_OK' is clicked on

2019-12-03 19:18:03 - [TEST_STEP][PASSED] - closeBrowser(): Browser is closed

2019-12-03 19:18:04 - [MESSAGE][PASSED] - Browser is closed

2019-12-03 19:18:04 - [TEST_STEP][PASSED] - Start listener action : afterTestcase: Browser is closed

2019-12-03 19:18:04 - [TEST_STEP][PASSED] - closeBrowser(): Browser is closed

2019-12-03 19:18:04 - [MESSAGE][PASSED] - Browser is closed

2019-12-03 19:18:06 - [TEST_STEP][PASSED] - Video: Video recording for test case 'Test Cases/Endorse skills' .

2019-12-03 19:18:06 - [MESSAGE][INFO] - Video recording for test case 'Test Cases/Endorse skills' .
[[ATTACHMENT|/Users/akhilesh/git/KatalonBDD1/Reports/20191203_191511/Acceptance/20191203_191511/videos/test_3.avi]]]]></system-out>
         <system-err><![CDATA[]]></system-err>
      </testcase>
      <testcase name="Test Cases/Flag reviews" time="78.146" classname="Test Cases/Flag reviews" status="FAILED">
         <failure type="FAILED" message="Test Cases/Flag reviews FAILED.
Reason:
com.kms.katalon.core.exception.StepFailedException: Unable to click on object 'Object Repository/flag review/Page_View Profile/click btn-btn report'
	at com.kms.katalon.core.webui.keyword.internal.WebUIKeywordMain.stepFailed(WebUIKeywordMain.groovy:64)
	at com.kms.katalon.core.webui.keyword.internal.WebUIKeywordMain.runKeyword(WebUIKeywordMain.groovy:26)
	at com.kms.katalon.core.webui.keyword.builtin.ClickKeyword.click(ClickKeyword.groovy:103)
	at com.kms.katalon.core.webui.keyword.builtin.ClickKeyword.execute(ClickKeyword.groovy:43)
	at com.kms.katalon.core.keyword.internal.KeywordExecutor.executeKeywordForPlatform(KeywordExecutor.groovy:60)
	at com.kms.katalon.core.webui.keyword.WebUiBuiltInKeywords.click(WebUiBuiltInKeywords.groovy:616)
	at com.kms.katalon.core.webui.keyword.WebUiBuiltInKeywords$click$3.call(Unknown Source)
	at Flag reviews.run(Flag reviews:37)
	at com.kms.katalon.core.main.ScriptEngine.run(ScriptEngine.java:194)
	at com.kms.katalon.core.main.ScriptEngine.runScriptAsRawText(ScriptEngine.java:119)
	at com.kms.katalon.core.main.TestCaseExecutor.runScript(TestCaseExecutor.java:337)
	at com.kms.katalon.core.main.TestCaseExecutor.doExecute(TestCaseExecutor.java:328)
	at com.kms.katalon.core.main.TestCaseExecutor.processExecutionPhase(TestCaseExecutor.java:307)
	at com.kms.katalon.core.main.TestCaseExecutor.accessMainPhase(TestCaseExecutor.java:299)
	at com.kms.katalon.core.main.TestCaseExecutor.execute(TestCaseExecutor.java:233)
	at com.kms.katalon.core.main.TestSuiteExecutor.accessTestCaseMainPhase(TestSuiteExecutor.java:169)
	at com.kms.katalon.core.main.TestSuiteExecutor.accessTestSuiteMainPhase(TestSuiteExecutor.java:142)
	at com.kms.katalon.core.main.TestSuiteExecutor.execute(TestSuiteExecutor.java:91)
	at com.kms.katalon.core.main.TestCaseMain.startTestSuite(TestCaseMain.java:157)
	at com.kms.katalon.core.main.TestCaseMain$startTestSuite$0.call(Unknown Source)
	at TempTestSuite1575380721167.run(TempTestSuite1575380721167.groovy:36)
Caused by: com.kms.katalon.core.webui.exception.WebElementNotFoundException: Web element with id: 'Object Repository/flag review/Page_View Profile/click btn-btn report' located by 'By.xpath: //button[contains(@class,'btn btn-report')]' not found
	at com.kms.katalon.core.webui.common.WebUiCommonHelper.findWebElement(WebUiCommonHelper.java:1113)
	at com.kms.katalon.core.webui.keyword.internal.WebUIAbstractKeyword.findWebElement(WebUIAbstractKeyword.groovy:27)
	at com.kms.katalon.core.webui.keyword.internal.WebUIAbstractKeyword.findWebElement(WebUIAbstractKeyword.groovy:26)
	at com.kms.katalon.core.webui.keyword.builtin.ClickKeyword$_click_closure1.doCall(ClickKeyword.groovy:68)
	at com.kms.katalon.core.webui.keyword.builtin.ClickKeyword$_click_closure1.call(ClickKeyword.groovy)
	at com.kms.katalon.core.webui.keyword.internal.WebUIKeywordMain.runKeyword(WebUIKeywordMain.groovy:20)
	... 19 more
"/>
         <system-out><![CDATA[2019-12-03 19:18:06 - [TEST_CASE][FAILED] - Test Cases/Flag reviews: Test Cases/Flag reviews FAILED.
Reason:
com.kms.katalon.core.exception.StepFailedException: Unable to click on object 'Object Repository/flag review/Page_View Profile/click btn-btn report'
	at com.kms.katalon.core.webui.keyword.internal.WebUIKeywordMain.stepFailed(WebUIKeywordMain.groovy:64)
	at com.kms.katalon.core.webui.keyword.internal.WebUIKeywordMain.runKeyword(WebUIKeywordMain.groovy:26)
	at com.kms.katalon.core.webui.keyword.builtin.ClickKeyword.click(ClickKeyword.groovy:103)
	at com.kms.katalon.core.webui.keyword.builtin.ClickKeyword.execute(ClickKeyword.groovy:43)
	at com.kms.katalon.core.keyword.internal.KeywordExecutor.executeKeywordForPlatform(KeywordExecutor.groovy:60)
	at com.kms.katalon.core.webui.keyword.WebUiBuiltInKeywords.click(WebUiBuiltInKeywords.groovy:616)
	at com.kms.katalon.core.webui.keyword.WebUiBuiltInKeywords$click$3.call(Unknown Source)
	at Flag reviews.run(Flag reviews:37)
	at com.kms.katalon.core.main.ScriptEngine.run(ScriptEngine.java:194)
	at com.kms.katalon.core.main.ScriptEngine.runScriptAsRawText(ScriptEngine.java:119)
	at com.kms.katalon.core.main.TestCaseExecutor.runScript(TestCaseExecutor.java:337)
	at com.kms.katalon.core.main.TestCaseExecutor.doExecute(TestCaseExecutor.java:328)
	at com.kms.katalon.core.main.TestCaseExecutor.processExecutionPhase(TestCaseExecutor.java:307)
	at com.kms.katalon.core.main.TestCaseExecutor.accessMainPhase(TestCaseExecutor.java:299)
	at com.kms.katalon.core.main.TestCaseExecutor.execute(TestCaseExecutor.java:233)
	at com.kms.katalon.core.main.TestSuiteExecutor.accessTestCaseMainPhase(TestSuiteExecutor.java:169)
	at com.kms.katalon.core.main.TestSuiteExecutor.accessTestSuiteMainPhase(TestSuiteExecutor.java:142)
	at com.kms.katalon.core.main.TestSuiteExecutor.execute(TestSuiteExecutor.java:91)
	at com.kms.katalon.core.main.TestCaseMain.startTestSuite(TestCaseMain.java:157)
	at com.kms.katalon.core.main.TestCaseMain$startTestSuite$0.call(Unknown Source)
	at TempTestSuite1575380721167.run(TempTestSuite1575380721167.groovy:36)
Caused by: com.kms.katalon.core.webui.exception.WebElementNotFoundException: Web element with id: 'Object Repository/flag review/Page_View Profile/click btn-btn report' located by 'By.xpath: //button[contains(@class,'btn btn-report')]' not found
	at com.kms.katalon.core.webui.common.WebUiCommonHelper.findWebElement(WebUiCommonHelper.java:1113)
	at com.kms.katalon.core.webui.keyword.internal.WebUIAbstractKeyword.findWebElement(WebUIAbstractKeyword.groovy:27)
	at com.kms.katalon.core.webui.keyword.internal.WebUIAbstractKeyword.findWebElement(WebUIAbstractKeyword.groovy:26)
	at com.kms.katalon.core.webui.keyword.builtin.ClickKeyword$_click_closure1.doCall(ClickKeyword.groovy:68)
	at com.kms.katalon.core.webui.keyword.builtin.ClickKeyword$_click_closure1.call(ClickKeyword.groovy)
	at com.kms.katalon.core.webui.keyword.internal.WebUIKeywordMain.runKeyword(WebUIKeywordMain.groovy:20)
	... 19 more


2019-12-03 19:18:06 - [TEST_STEP][PASSED] - Start listener action : beforeTestcase: null

2019-12-03 19:18:07 - [TEST_STEP][PASSED] - openBrowser(AppUrl): Browser is opened with url: 'https://qa.thework.life'

2019-12-03 19:18:07 - [MESSAGE][INFO] - Starting 'Firefox' driver

2019-12-03 19:18:14 - [MESSAGE][PASSED] - Browser is opened with url: 'https://qa.thework.life'

2019-12-03 19:18:14 - [TEST_STEP][PASSED] - navigateToUrl(AppUrl): Navigate to 'https://qa.thework.life' successfully

2019-12-03 19:18:16 - [MESSAGE][PASSED] - Navigate to 'https://qa.thework.life' successfully

2019-12-03 19:18:16 - [TEST_STEP][PASSED] - setText(findTestObject("Object Repository/flag review/Page_theworklife - Find Great People To Work With/input_Forgot password_username"), "vijayvstest01@gmail.com"): Text 'vijayvstest01@gmail.com' is set on object 'Object Repository/flag review/Page_theworklife - Find Great People To Work With/input_Forgot password_username'

2019-12-03 19:18:17 - [MESSAGE][PASSED] - Text 'vijayvstest01@gmail.com' is set on object 'Object Repository/flag review/Page_theworklife - Find Great People To Work With/input_Forgot password_username'

2019-12-03 19:18:17 - [TEST_STEP][PASSED] - setEncryptedText(findTestObject("Object Repository/flag review/Page_theworklife - Find Great People To Work With/input_Forgot password_password"), "cvW8qx4B2o3F4VwP/kNsqA=="): Text ****** has been set on object 'Object Repository/flag review/Page_theworklife - Find Great People To Work With/input_Forgot password_password'

2019-12-03 19:18:17 - [MESSAGE][PASSED] - Text ****** has been set on object 'Object Repository/flag review/Page_theworklife - Find Great People To Work With/input_Forgot password_password'

2019-12-03 19:18:17 - [TEST_STEP][PASSED] - click(findTestObject("Object Repository/Rate/Page_theworklife - Find Great People To Work With/button_Sign in")): Object: 'Object Repository/Rate/Page_theworklife - Find Great People To Work With/button_Sign in' is clicked on

2019-12-03 19:18:23 - [MESSAGE][PASSED] - Object: 'Object Repository/Rate/Page_theworklife - Find Great People To Work With/button_Sign in' is clicked on

2019-12-03 19:18:23 - [TEST_STEP][PASSED] - click(findTestObject("flag review/Click profile")): Object: 'Object Repository/flag review/Click profile' is clicked on

2019-12-03 19:18:25 - [MESSAGE][PASSED] - Object: 'Object Repository/flag review/Click profile' is clicked on

2019-12-03 19:18:25 - [TEST_STEP][PASSED] - click(findTestObject("flag review/click myprofile")): Object: 'Object Repository/flag review/click myprofile' is clicked on

2019-12-03 19:18:31 - [MESSAGE][PASSED] - Object: 'Object Repository/flag review/click myprofile' is clicked on

2019-12-03 19:18:31 - [TEST_STEP][PASSED] - waitForElementClickable(findTestObject("flag review/Page_View Profile/span_Report"), 3): Object 'Object Repository/flag review/Page_View Profile/span_Report' is clickable

2019-12-03 19:18:31 - [MESSAGE][PASSED] - Object 'Object Repository/flag review/Page_View Profile/span_Report' is clickable

2019-12-03 19:18:31 - [TEST_STEP][PASSED] - click(findTestObject("Object Repository/flag review/Page_View Profile/span_Report")): Object: 'Object Repository/flag review/Page_View Profile/span_Report' is clicked on

2019-12-03 19:18:36 - [MESSAGE][PASSED] - Object: 'Object Repository/flag review/Page_View Profile/span_Report' is clicked on

2019-12-03 19:18:36 - [TEST_STEP][FAILED] - click(findTestObject("flag review/Page_View Profile/click btn-btn report")): Unable to click on object 'Object Repository/flag review/Page_View Profile/click btn-btn report' (Root cause: com.kms.katalon.core.exception.StepFailedException: Unable to click on object 'Object Repository/flag review/Page_View Profile/click btn-btn report'
	at com.kms.katalon.core.webui.keyword.internal.WebUIKeywordMain.stepFailed(WebUIKeywordMain.groovy:64)
	at com.kms.katalon.core.webui.keyword.internal.WebUIKeywordMain.runKeyword(WebUIKeywordMain.groovy:26)
	at com.kms.katalon.core.webui.keyword.builtin.ClickKeyword.click(ClickKeyword.groovy:103)
	at com.kms.katalon.core.webui.keyword.builtin.ClickKeyword.execute(ClickKeyword.groovy:43)
	at com.kms.katalon.core.keyword.internal.KeywordExecutor.executeKeywordForPlatform(KeywordExecutor.groovy:60)
	at com.kms.katalon.core.webui.keyword.WebUiBuiltInKeywords.click(WebUiBuiltInKeywords.groovy:616)
	at com.kms.katalon.core.webui.keyword.WebUiBuiltInKeywords$click$3.call(Unknown Source)
	at Flag reviews.run(Flag reviews:37)
	at com.kms.katalon.core.main.ScriptEngine.run(ScriptEngine.java:194)
	at com.kms.katalon.core.main.ScriptEngine.runScriptAsRawText(ScriptEngine.java:119)
	at com.kms.katalon.core.main.TestCaseExecutor.runScript(TestCaseExecutor.java:337)
	at com.kms.katalon.core.main.TestCaseExecutor.doExecute(TestCaseExecutor.java:328)
	at com.kms.katalon.core.main.TestCaseExecutor.processExecutionPhase(TestCaseExecutor.java:307)
	at com.kms.katalon.core.main.TestCaseExecutor.accessMainPhase(TestCaseExecutor.java:299)
	at com.kms.katalon.core.main.TestCaseExecutor.execute(TestCaseExecutor.java:233)
	at com.kms.katalon.core.main.TestSuiteExecutor.accessTestCaseMainPhase(TestSuiteExecutor.java:169)
	at com.kms.katalon.core.main.TestSuiteExecutor.accessTestSuiteMainPhase(TestSuiteExecutor.java:142)
	at com.kms.katalon.core.main.TestSuiteExecutor.execute(TestSuiteExecutor.java:91)
	at com.kms.katalon.core.main.TestCaseMain.startTestSuite(TestCaseMain.java:157)
	at com.kms.katalon.core.main.TestCaseMain$startTestSuite$0.call(Unknown Source)
	at TempTestSuite1575380721167.run(TempTestSuite1575380721167.groovy:36)
Caused by: com.kms.katalon.core.webui.exception.WebElementNotFoundException: Web element with id: 'Object Repository/flag review/Page_View Profile/click btn-btn report' located by 'By.xpath: //button[contains(@class,'btn btn-report')]' not found
	at com.kms.katalon.core.webui.common.WebUiCommonHelper.findWebElement(WebUiCommonHelper.java:1113)
	at com.kms.katalon.core.webui.keyword.internal.WebUIAbstractKeyword.findWebElement(WebUIAbstractKeyword.groovy:27)
	at com.kms.katalon.core.webui.keyword.internal.WebUIAbstractKeyword.findWebElement(WebUIAbstractKeyword.groovy:26)
	at com.kms.katalon.core.webui.keyword.builtin.ClickKeyword$_click_closure1.doCall(ClickKeyword.groovy:68)
	at com.kms.katalon.core.webui.keyword.builtin.ClickKeyword$_click_closure1.call(ClickKeyword.groovy)
	at com.kms.katalon.core.webui.keyword.internal.WebUIKeywordMain.runKeyword(WebUIKeywordMain.groovy:20)
	at com.kms.katalon.core.webui.keyword.builtin.ClickKeyword.click(ClickKeyword.groovy:103)
	at com.kms.katalon.core.webui.keyword.builtin.ClickKeyword.execute(ClickKeyword.groovy:43)
	at com.kms.katalon.core.keyword.internal.KeywordExecutor.executeKeywordForPlatform(KeywordExecutor.groovy:60)
	at com.kms.katalon.core.webui.keyword.WebUiBuiltInKeywords.click(WebUiBuiltInKeywords.groovy:616)
	at com.kms.katalon.core.webui.keyword.WebUiBuiltInKeywords$click$3.call(Unknown Source)
	at Script1570271316443.run(Script1570271316443.groovy:37)
	... 13 more
)

2019-12-03 19:19:21 - [MESSAGE][INFO] - Unable to find the element located by 'By.xpath: //button[contains(@class,'btn btn-report')]'. Please recheck the objects properties to make sure the desired element is located. 

2019-12-03 19:19:22 - [MESSAGE][FAILED] - Unable to click on object 'Object Repository/flag review/Page_View Profile/click btn-btn report' (Root cause: com.kms.katalon.core.exception.StepFailedException: Unable to click on object 'Object Repository/flag review/Page_View Profile/click btn-btn report'
	at com.kms.katalon.core.webui.keyword.internal.WebUIKeywordMain.stepFailed(WebUIKeywordMain.groovy:64)
	at com.kms.katalon.core.webui.keyword.internal.WebUIKeywordMain.runKeyword(WebUIKeywordMain.groovy:26)
	at com.kms.katalon.core.webui.keyword.builtin.ClickKeyword.click(ClickKeyword.groovy:103)
	at com.kms.katalon.core.webui.keyword.builtin.ClickKeyword.execute(ClickKeyword.groovy:43)
	at com.kms.katalon.core.keyword.internal.KeywordExecutor.executeKeywordForPlatform(KeywordExecutor.groovy:60)
	at com.kms.katalon.core.webui.keyword.WebUiBuiltInKeywords.click(WebUiBuiltInKeywords.groovy:616)
	at com.kms.katalon.core.webui.keyword.WebUiBuiltInKeywords$click$3.call(Unknown Source)
	at Flag reviews.run(Flag reviews:37)
	at com.kms.katalon.core.main.ScriptEngine.run(ScriptEngine.java:194)
	at com.kms.katalon.core.main.ScriptEngine.runScriptAsRawText(ScriptEngine.java:119)
	at com.kms.katalon.core.main.TestCaseExecutor.runScript(TestCaseExecutor.java:337)
	at com.kms.katalon.core.main.TestCaseExecutor.doExecute(TestCaseExecutor.java:328)
	at com.kms.katalon.core.main.TestCaseExecutor.processExecutionPhase(TestCaseExecutor.java:307)
	at com.kms.katalon.core.main.TestCaseExecutor.accessMainPhase(TestCaseExecutor.java:299)
	at com.kms.katalon.core.main.TestCaseExecutor.execute(TestCaseExecutor.java:233)
	at com.kms.katalon.core.main.TestSuiteExecutor.accessTestCaseMainPhase(TestSuiteExecutor.java:169)
	at com.kms.katalon.core.main.TestSuiteExecutor.accessTestSuiteMainPhase(TestSuiteExecutor.java:142)
	at com.kms.katalon.core.main.TestSuiteExecutor.execute(TestSuiteExecutor.java:91)
	at com.kms.katalon.core.main.TestCaseMain.startTestSuite(TestCaseMain.java:157)
	at com.kms.katalon.core.main.TestCaseMain$startTestSuite$0.call(Unknown Source)
	at TempTestSuite1575380721167.run(TempTestSuite1575380721167.groovy:36)
Caused by: com.kms.katalon.core.webui.exception.WebElementNotFoundException: Web element with id: 'Object Repository/flag review/Page_View Profile/click btn-btn report' located by 'By.xpath: //button[contains(@class,'btn btn-report')]' not found
	at com.kms.katalon.core.webui.common.WebUiCommonHelper.findWebElement(WebUiCommonHelper.java:1113)
	at com.kms.katalon.core.webui.keyword.internal.WebUIAbstractKeyword.findWebElement(WebUIAbstractKeyword.groovy:27)
	at com.kms.katalon.core.webui.keyword.internal.WebUIAbstractKeyword.findWebElement(WebUIAbstractKeyword.groovy:26)
	at com.kms.katalon.core.webui.keyword.builtin.ClickKeyword$_click_closure1.doCall(ClickKeyword.groovy:68)
	at com.kms.katalon.core.webui.keyword.builtin.ClickKeyword$_click_closure1.call(ClickKeyword.groovy)
	at com.kms.katalon.core.webui.keyword.internal.WebUIKeywordMain.runKeyword(WebUIKeywordMain.groovy:20)
	at com.kms.katalon.core.webui.keyword.builtin.ClickKeyword.click(ClickKeyword.groovy:103)
	at com.kms.katalon.core.webui.keyword.builtin.ClickKeyword.execute(ClickKeyword.groovy:43)
	at com.kms.katalon.core.keyword.internal.KeywordExecutor.executeKeywordForPlatform(KeywordExecutor.groovy:60)
	at com.kms.katalon.core.webui.keyword.WebUiBuiltInKeywords.click(WebUiBuiltInKeywords.groovy:616)
	at com.kms.katalon.core.webui.keyword.WebUiBuiltInKeywords$click$3.call(Unknown Source)
	at Script1570271316443.run(Script1570271316443.groovy:37)
	... 13 more
)
[[ATTACHMENT|/Users/akhilesh/git/KatalonBDD1/Reports/20191203_191511/Acceptance/20191203_191511/1575380961911.png]]

2019-12-03 19:19:22 - [TEST_STEP][PASSED] - Start listener action : afterTestcase: Browser is closed

2019-12-03 19:19:22 - [TEST_STEP][PASSED] - closeBrowser(): Browser is closed

2019-12-03 19:19:23 - [MESSAGE][PASSED] - Browser is closed

2019-12-03 19:19:25 - [TEST_STEP][PASSED] - Video: Video recording for test case 'Test Cases/Flag reviews' .

2019-12-03 19:19:25 - [MESSAGE][INFO] - Video recording for test case 'Test Cases/Flag reviews' .
[[ATTACHMENT|/Users/akhilesh/git/KatalonBDD1/Reports/20191203_191511/Acceptance/20191203_191511/videos/test_4.avi]]]]></system-out>
         <system-err><![CDATA[2019-12-03 19:18:06 - [TEST_CASE][FAILED] - Test Cases/Flag reviews: Test Cases/Flag reviews FAILED.
Reason:
com.kms.katalon.core.exception.StepFailedException: Unable to click on object 'Object Repository/flag review/Page_View Profile/click btn-btn report'
	at com.kms.katalon.core.webui.keyword.internal.WebUIKeywordMain.stepFailed(WebUIKeywordMain.groovy:64)
	at com.kms.katalon.core.webui.keyword.internal.WebUIKeywordMain.runKeyword(WebUIKeywordMain.groovy:26)
	at com.kms.katalon.core.webui.keyword.builtin.ClickKeyword.click(ClickKeyword.groovy:103)
	at com.kms.katalon.core.webui.keyword.builtin.ClickKeyword.execute(ClickKeyword.groovy:43)
	at com.kms.katalon.core.keyword.internal.KeywordExecutor.executeKeywordForPlatform(KeywordExecutor.groovy:60)
	at com.kms.katalon.core.webui.keyword.WebUiBuiltInKeywords.click(WebUiBuiltInKeywords.groovy:616)
	at com.kms.katalon.core.webui.keyword.WebUiBuiltInKeywords$click$3.call(Unknown Source)
	at Flag reviews.run(Flag reviews:37)
	at com.kms.katalon.core.main.ScriptEngine.run(ScriptEngine.java:194)
	at com.kms.katalon.core.main.ScriptEngine.runScriptAsRawText(ScriptEngine.java:119)
	at com.kms.katalon.core.main.TestCaseExecutor.runScript(TestCaseExecutor.java:337)
	at com.kms.katalon.core.main.TestCaseExecutor.doExecute(TestCaseExecutor.java:328)
	at com.kms.katalon.core.main.TestCaseExecutor.processExecutionPhase(TestCaseExecutor.java:307)
	at com.kms.katalon.core.main.TestCaseExecutor.accessMainPhase(TestCaseExecutor.java:299)
	at com.kms.katalon.core.main.TestCaseExecutor.execute(TestCaseExecutor.java:233)
	at com.kms.katalon.core.main.TestSuiteExecutor.accessTestCaseMainPhase(TestSuiteExecutor.java:169)
	at com.kms.katalon.core.main.TestSuiteExecutor.accessTestSuiteMainPhase(TestSuiteExecutor.java:142)
	at com.kms.katalon.core.main.TestSuiteExecutor.execute(TestSuiteExecutor.java:91)
	at com.kms.katalon.core.main.TestCaseMain.startTestSuite(TestCaseMain.java:157)
	at com.kms.katalon.core.main.TestCaseMain$startTestSuite$0.call(Unknown Source)
	at TempTestSuite1575380721167.run(TempTestSuite1575380721167.groovy:36)
Caused by: com.kms.katalon.core.webui.exception.WebElementNotFoundException: Web element with id: 'Object Repository/flag review/Page_View Profile/click btn-btn report' located by 'By.xpath: //button[contains(@class,'btn btn-report')]' not found
	at com.kms.katalon.core.webui.common.WebUiCommonHelper.findWebElement(WebUiCommonHelper.java:1113)
	at com.kms.katalon.core.webui.keyword.internal.WebUIAbstractKeyword.findWebElement(WebUIAbstractKeyword.groovy:27)
	at com.kms.katalon.core.webui.keyword.internal.WebUIAbstractKeyword.findWebElement(WebUIAbstractKeyword.groovy:26)
	at com.kms.katalon.core.webui.keyword.builtin.ClickKeyword$_click_closure1.doCall(ClickKeyword.groovy:68)
	at com.kms.katalon.core.webui.keyword.builtin.ClickKeyword$_click_closure1.call(ClickKeyword.groovy)
	at com.kms.katalon.core.webui.keyword.internal.WebUIKeywordMain.runKeyword(WebUIKeywordMain.groovy:20)
	... 19 more]]></system-err>
      </testcase>
      <testcase name="Test Cases/Verify connection" time="2.143" classname="Test Cases/Verify connection" status="PASSED">
         <system-out><![CDATA[2019-12-03 19:19:25 - [TEST_CASE][PASSED] - Test Cases/Verify connection: Test Cases/Verify connection

2019-12-03 19:19:25 - [TEST_STEP][PASSED] - Start listener action : beforeTestcase: null

2019-12-03 19:19:25 - [TEST_STEP][PASSED] - return null: null

2019-12-03 19:19:25 - [TEST_STEP][PASSED] - Start listener action : afterTestcase: Browser is closed

2019-12-03 19:19:25 - [TEST_STEP][PASSED] - closeBrowser(): Browser is closed

2019-12-03 19:19:25 - [MESSAGE][PASSED] - Browser is closed

2019-12-03 19:19:27 - [TEST_STEP][PASSED] - Video: Video recording for test case 'Test Cases/Verify connection' .

2019-12-03 19:19:27 - [MESSAGE][INFO] - Video recording for test case 'Test Cases/Verify connection' .
[[ATTACHMENT|/Users/akhilesh/git/KatalonBDD1/Reports/20191203_191511/Acceptance/20191203_191511/videos/test_5.avi]]]]></system-out>
         <system-err><![CDATA[]]></system-err>
      </testcase>
      <testcase name="Test Cases/verify pending connctions" time="14.954" classname="Test Cases/verify pending connctions" status="FAILED">
         <failure type="FAILED" message="Test Cases/verify pending connctions FAILED.
Reason:
com.kms.katalon.core.exception.StepFailedException: Unable to set text
	at com.kms.katalon.core.webui.keyword.internal.WebUIKeywordMain.stepFailed(WebUIKeywordMain.groovy:64)
	at com.kms.katalon.core.webui.keyword.internal.WebUIKeywordMain.runKeyword(WebUIKeywordMain.groovy:26)
	at com.kms.katalon.core.webui.keyword.builtin.SetTextKeyword.setText(SetTextKeyword.groovy:66)
	at com.kms.katalon.core.webui.keyword.builtin.SetTextKeyword.execute(SetTextKeyword.groovy:37)
	at com.kms.katalon.core.keyword.internal.KeywordExecutor.executeKeywordForPlatform(KeywordExecutor.groovy:60)
	at com.kms.katalon.core.webui.keyword.WebUiBuiltInKeywords.setText(WebUiBuiltInKeywords.groovy:950)
	at com.kms.katalon.core.webui.keyword.WebUiBuiltInKeywords$setText$1.call(Unknown Source)
	at verify pending connctions.run(verify pending connctions:21)
	at com.kms.katalon.core.main.ScriptEngine.run(ScriptEngine.java:194)
	at com.kms.katalon.core.main.ScriptEngine.runScriptAsRawText(ScriptEngine.java:119)
	at com.kms.katalon.core.main.TestCaseExecutor.runScript(TestCaseExecutor.java:337)
	at com.kms.katalon.core.main.TestCaseExecutor.doExecute(TestCaseExecutor.java:328)
	at com.kms.katalon.core.main.TestCaseExecutor.processExecutionPhase(TestCaseExecutor.java:307)
	at com.kms.katalon.core.main.TestCaseExecutor.accessMainPhase(TestCaseExecutor.java:299)
	at com.kms.katalon.core.main.TestCaseExecutor.execute(TestCaseExecutor.java:233)
	at com.kms.katalon.core.main.TestSuiteExecutor.accessTestCaseMainPhase(TestSuiteExecutor.java:169)
	at com.kms.katalon.core.main.TestSuiteExecutor.accessTestSuiteMainPhase(TestSuiteExecutor.java:142)
	at com.kms.katalon.core.main.TestSuiteExecutor.execute(TestSuiteExecutor.java:91)
	at com.kms.katalon.core.main.TestCaseMain.startTestSuite(TestCaseMain.java:157)
	at com.kms.katalon.core.main.TestCaseMain$startTestSuite$0.call(Unknown Source)
	at TempTestSuite1575380721167.run(TempTestSuite1575380721167.groovy:36)
Caused by: java.lang.IllegalArgumentException: Object is null
	at com.kms.katalon.core.helper.KeywordHelper.checkTestObjectParameter(KeywordHelper.java:33)
	at com.kms.katalon.core.webui.keyword.builtin.SetTextKeyword$_setText_closure1.doCall(SetTextKeyword.groovy:45)
	at com.kms.katalon.core.webui.keyword.builtin.SetTextKeyword$_setText_closure1.call(SetTextKeyword.groovy)
	at com.kms.katalon.core.webui.keyword.internal.WebUIKeywordMain.runKeyword(WebUIKeywordMain.groovy:20)
	... 19 more
"/>
         <system-out><![CDATA[2019-12-03 19:19:27 - [TEST_CASE][FAILED] - Test Cases/verify pending connctions: Test Cases/verify pending connctions FAILED.
Reason:
com.kms.katalon.core.exception.StepFailedException: Unable to set text
	at com.kms.katalon.core.webui.keyword.internal.WebUIKeywordMain.stepFailed(WebUIKeywordMain.groovy:64)
	at com.kms.katalon.core.webui.keyword.internal.WebUIKeywordMain.runKeyword(WebUIKeywordMain.groovy:26)
	at com.kms.katalon.core.webui.keyword.builtin.SetTextKeyword.setText(SetTextKeyword.groovy:66)
	at com.kms.katalon.core.webui.keyword.builtin.SetTextKeyword.execute(SetTextKeyword.groovy:37)
	at com.kms.katalon.core.keyword.internal.KeywordExecutor.executeKeywordForPlatform(KeywordExecutor.groovy:60)
	at com.kms.katalon.core.webui.keyword.WebUiBuiltInKeywords.setText(WebUiBuiltInKeywords.groovy:950)
	at com.kms.katalon.core.webui.keyword.WebUiBuiltInKeywords$setText$1.call(Unknown Source)
	at verify pending connctions.run(verify pending connctions:21)
	at com.kms.katalon.core.main.ScriptEngine.run(ScriptEngine.java:194)
	at com.kms.katalon.core.main.ScriptEngine.runScriptAsRawText(ScriptEngine.java:119)
	at com.kms.katalon.core.main.TestCaseExecutor.runScript(TestCaseExecutor.java:337)
	at com.kms.katalon.core.main.TestCaseExecutor.doExecute(TestCaseExecutor.java:328)
	at com.kms.katalon.core.main.TestCaseExecutor.processExecutionPhase(TestCaseExecutor.java:307)
	at com.kms.katalon.core.main.TestCaseExecutor.accessMainPhase(TestCaseExecutor.java:299)
	at com.kms.katalon.core.main.TestCaseExecutor.execute(TestCaseExecutor.java:233)
	at com.kms.katalon.core.main.TestSuiteExecutor.accessTestCaseMainPhase(TestSuiteExecutor.java:169)
	at com.kms.katalon.core.main.TestSuiteExecutor.accessTestSuiteMainPhase(TestSuiteExecutor.java:142)
	at com.kms.katalon.core.main.TestSuiteExecutor.execute(TestSuiteExecutor.java:91)
	at com.kms.katalon.core.main.TestCaseMain.startTestSuite(TestCaseMain.java:157)
	at com.kms.katalon.core.main.TestCaseMain$startTestSuite$0.call(Unknown Source)
	at TempTestSuite1575380721167.run(TempTestSuite1575380721167.groovy:36)
Caused by: java.lang.IllegalArgumentException: Object is null
	at com.kms.katalon.core.helper.KeywordHelper.checkTestObjectParameter(KeywordHelper.java:33)
	at com.kms.katalon.core.webui.keyword.builtin.SetTextKeyword$_setText_closure1.doCall(SetTextKeyword.groovy:45)
	at com.kms.katalon.core.webui.keyword.builtin.SetTextKeyword$_setText_closure1.call(SetTextKeyword.groovy)
	at com.kms.katalon.core.webui.keyword.internal.WebUIKeywordMain.runKeyword(WebUIKeywordMain.groovy:20)
	... 19 more


2019-12-03 19:19:27 - [TEST_STEP][PASSED] - Start listener action : beforeTestcase: null

2019-12-03 19:19:27 - [TEST_STEP][PASSED] - openBrowser(AppUrl): Browser is opened with url: 'https://qa.thework.life'

2019-12-03 19:19:27 - [MESSAGE][INFO] - Starting 'Firefox' driver

2019-12-03 19:19:36 - [MESSAGE][PASSED] - Browser is opened with url: 'https://qa.thework.life'

2019-12-03 19:19:36 - [TEST_STEP][PASSED] - navigateToUrl(AppUrl): Navigate to 'https://qa.thework.life' successfully

2019-12-03 19:19:38 - [MESSAGE][PASSED] - Navigate to 'https://qa.thework.life' successfully

2019-12-03 19:19:38 - [TEST_STEP][FAILED] - setText(findTestObject("Object Repository/pending connections/Page_theworklife - Find Great People To Work With/input_Forgot password_username"), "vijayvstest01@gmail.com"): Unable to set text (Root cause: com.kms.katalon.core.exception.StepFailedException: Unable to set text
	at com.kms.katalon.core.webui.keyword.internal.WebUIKeywordMain.stepFailed(WebUIKeywordMain.groovy:64)
	at com.kms.katalon.core.webui.keyword.internal.WebUIKeywordMain.runKeyword(WebUIKeywordMain.groovy:26)
	at com.kms.katalon.core.webui.keyword.builtin.SetTextKeyword.setText(SetTextKeyword.groovy:66)
	at com.kms.katalon.core.webui.keyword.builtin.SetTextKeyword.execute(SetTextKeyword.groovy:37)
	at com.kms.katalon.core.keyword.internal.KeywordExecutor.executeKeywordForPlatform(KeywordExecutor.groovy:60)
	at com.kms.katalon.core.webui.keyword.WebUiBuiltInKeywords.setText(WebUiBuiltInKeywords.groovy:950)
	at com.kms.katalon.core.webui.keyword.WebUiBuiltInKeywords$setText$1.call(Unknown Source)
	at verify pending connctions.run(verify pending connctions:21)
	at com.kms.katalon.core.main.ScriptEngine.run(ScriptEngine.java:194)
	at com.kms.katalon.core.main.ScriptEngine.runScriptAsRawText(ScriptEngine.java:119)
	at com.kms.katalon.core.main.TestCaseExecutor.runScript(TestCaseExecutor.java:337)
	at com.kms.katalon.core.main.TestCaseExecutor.doExecute(TestCaseExecutor.java:328)
	at com.kms.katalon.core.main.TestCaseExecutor.processExecutionPhase(TestCaseExecutor.java:307)
	at com.kms.katalon.core.main.TestCaseExecutor.accessMainPhase(TestCaseExecutor.java:299)
	at com.kms.katalon.core.main.TestCaseExecutor.execute(TestCaseExecutor.java:233)
	at com.kms.katalon.core.main.TestSuiteExecutor.accessTestCaseMainPhase(TestSuiteExecutor.java:169)
	at com.kms.katalon.core.main.TestSuiteExecutor.accessTestSuiteMainPhase(TestSuiteExecutor.java:142)
	at com.kms.katalon.core.main.TestSuiteExecutor.execute(TestSuiteExecutor.java:91)
	at com.kms.katalon.core.main.TestCaseMain.startTestSuite(TestCaseMain.java:157)
	at com.kms.katalon.core.main.TestCaseMain$startTestSuite$0.call(Unknown Source)
	at TempTestSuite1575380721167.run(TempTestSuite1575380721167.groovy:36)
Caused by: java.lang.IllegalArgumentException: Object is null
	at com.kms.katalon.core.helper.KeywordHelper.checkTestObjectParameter(KeywordHelper.java:33)
	at com.kms.katalon.core.webui.keyword.builtin.SetTextKeyword$_setText_closure1.doCall(SetTextKeyword.groovy:45)
	at com.kms.katalon.core.webui.keyword.builtin.SetTextKeyword$_setText_closure1.call(SetTextKeyword.groovy)
	at com.kms.katalon.core.webui.keyword.internal.WebUIKeywordMain.runKeyword(WebUIKeywordMain.groovy:20)
	at com.kms.katalon.core.webui.keyword.builtin.SetTextKeyword.setText(SetTextKeyword.groovy:66)
	at com.kms.katalon.core.webui.keyword.builtin.SetTextKeyword.execute(SetTextKeyword.groovy:37)
	at com.kms.katalon.core.keyword.internal.KeywordExecutor.executeKeywordForPlatform(KeywordExecutor.groovy:60)
	at com.kms.katalon.core.webui.keyword.WebUiBuiltInKeywords.setText(WebUiBuiltInKeywords.groovy:950)
	at com.kms.katalon.core.webui.keyword.WebUiBuiltInKeywords$setText$1.call(Unknown Source)
	at Script1571559282889.run(Script1571559282889.groovy:21)
	... 13 more
)

2019-12-03 19:19:38 - [MESSAGE][WARNING] - Test object with id 'Object Repository/pending connections/Page_theworklife - Find Great People To Work With/input_Forgot password_username' does not exist

2019-12-03 19:19:38 - [MESSAGE][WARNING] - Test object with id 'Object Repository/' does not exist

2019-12-03 19:19:38 - [MESSAGE][FAILED] - Unable to set text (Root cause: com.kms.katalon.core.exception.StepFailedException: Unable to set text
	at com.kms.katalon.core.webui.keyword.internal.WebUIKeywordMain.stepFailed(WebUIKeywordMain.groovy:64)
	at com.kms.katalon.core.webui.keyword.internal.WebUIKeywordMain.runKeyword(WebUIKeywordMain.groovy:26)
	at com.kms.katalon.core.webui.keyword.builtin.SetTextKeyword.setText(SetTextKeyword.groovy:66)
	at com.kms.katalon.core.webui.keyword.builtin.SetTextKeyword.execute(SetTextKeyword.groovy:37)
	at com.kms.katalon.core.keyword.internal.KeywordExecutor.executeKeywordForPlatform(KeywordExecutor.groovy:60)
	at com.kms.katalon.core.webui.keyword.WebUiBuiltInKeywords.setText(WebUiBuiltInKeywords.groovy:950)
	at com.kms.katalon.core.webui.keyword.WebUiBuiltInKeywords$setText$1.call(Unknown Source)
	at verify pending connctions.run(verify pending connctions:21)
	at com.kms.katalon.core.main.ScriptEngine.run(ScriptEngine.java:194)
	at com.kms.katalon.core.main.ScriptEngine.runScriptAsRawText(ScriptEngine.java:119)
	at com.kms.katalon.core.main.TestCaseExecutor.runScript(TestCaseExecutor.java:337)
	at com.kms.katalon.core.main.TestCaseExecutor.doExecute(TestCaseExecutor.java:328)
	at com.kms.katalon.core.main.TestCaseExecutor.processExecutionPhase(TestCaseExecutor.java:307)
	at com.kms.katalon.core.main.TestCaseExecutor.accessMainPhase(TestCaseExecutor.java:299)
	at com.kms.katalon.core.main.TestCaseExecutor.execute(TestCaseExecutor.java:233)
	at com.kms.katalon.core.main.TestSuiteExecutor.accessTestCaseMainPhase(TestSuiteExecutor.java:169)
	at com.kms.katalon.core.main.TestSuiteExecutor.accessTestSuiteMainPhase(TestSuiteExecutor.java:142)
	at com.kms.katalon.core.main.TestSuiteExecutor.execute(TestSuiteExecutor.java:91)
	at com.kms.katalon.core.main.TestCaseMain.startTestSuite(TestCaseMain.java:157)
	at com.kms.katalon.core.main.TestCaseMain$startTestSuite$0.call(Unknown Source)
	at TempTestSuite1575380721167.run(TempTestSuite1575380721167.groovy:36)
Caused by: java.lang.IllegalArgumentException: Object is null
	at com.kms.katalon.core.helper.KeywordHelper.checkTestObjectParameter(KeywordHelper.java:33)
	at com.kms.katalon.core.webui.keyword.builtin.SetTextKeyword$_setText_closure1.doCall(SetTextKeyword.groovy:45)
	at com.kms.katalon.core.webui.keyword.builtin.SetTextKeyword$_setText_closure1.call(SetTextKeyword.groovy)
	at com.kms.katalon.core.webui.keyword.internal.WebUIKeywordMain.runKeyword(WebUIKeywordMain.groovy:20)
	at com.kms.katalon.core.webui.keyword.builtin.SetTextKeyword.setText(SetTextKeyword.groovy:66)
	at com.kms.katalon.core.webui.keyword.builtin.SetTextKeyword.execute(SetTextKeyword.groovy:37)
	at com.kms.katalon.core.keyword.internal.KeywordExecutor.executeKeywordForPlatform(KeywordExecutor.groovy:60)
	at com.kms.katalon.core.webui.keyword.WebUiBuiltInKeywords.setText(WebUiBuiltInKeywords.groovy:950)
	at com.kms.katalon.core.webui.keyword.WebUiBuiltInKeywords$setText$1.call(Unknown Source)
	at Script1571559282889.run(Script1571559282889.groovy:21)
	... 13 more
)
[[ATTACHMENT|/Users/akhilesh/git/KatalonBDD1/Reports/20191203_191511/Acceptance/20191203_191511/1575380978354.png]]

2019-12-03 19:19:38 - [TEST_STEP][PASSED] - Start listener action : afterTestcase: Browser is closed

2019-12-03 19:19:38 - [TEST_STEP][PASSED] - closeBrowser(): Browser is closed

2019-12-03 19:19:40 - [MESSAGE][PASSED] - Browser is closed

2019-12-03 19:19:42 - [TEST_STEP][PASSED] - Video: Video recording for test case 'Test Cases/verify pending connctions' .

2019-12-03 19:19:42 - [MESSAGE][INFO] - Video recording for test case 'Test Cases/verify pending connctions' .
[[ATTACHMENT|/Users/akhilesh/git/KatalonBDD1/Reports/20191203_191511/Acceptance/20191203_191511/videos/test_6.avi]]]]></system-out>
         <system-err><![CDATA[2019-12-03 19:19:27 - [TEST_CASE][FAILED] - Test Cases/verify pending connctions: Test Cases/verify pending connctions FAILED.
Reason:
com.kms.katalon.core.exception.StepFailedException: Unable to set text
	at com.kms.katalon.core.webui.keyword.internal.WebUIKeywordMain.stepFailed(WebUIKeywordMain.groovy:64)
	at com.kms.katalon.core.webui.keyword.internal.WebUIKeywordMain.runKeyword(WebUIKeywordMain.groovy:26)
	at com.kms.katalon.core.webui.keyword.builtin.SetTextKeyword.setText(SetTextKeyword.groovy:66)
	at com.kms.katalon.core.webui.keyword.builtin.SetTextKeyword.execute(SetTextKeyword.groovy:37)
	at com.kms.katalon.core.keyword.internal.KeywordExecutor.executeKeywordForPlatform(KeywordExecutor.groovy:60)
	at com.kms.katalon.core.webui.keyword.WebUiBuiltInKeywords.setText(WebUiBuiltInKeywords.groovy:950)
	at com.kms.katalon.core.webui.keyword.WebUiBuiltInKeywords$setText$1.call(Unknown Source)
	at verify pending connctions.run(verify pending connctions:21)
	at com.kms.katalon.core.main.ScriptEngine.run(ScriptEngine.java:194)
	at com.kms.katalon.core.main.ScriptEngine.runScriptAsRawText(ScriptEngine.java:119)
	at com.kms.katalon.core.main.TestCaseExecutor.runScript(TestCaseExecutor.java:337)
	at com.kms.katalon.core.main.TestCaseExecutor.doExecute(TestCaseExecutor.java:328)
	at com.kms.katalon.core.main.TestCaseExecutor.processExecutionPhase(TestCaseExecutor.java:307)
	at com.kms.katalon.core.main.TestCaseExecutor.accessMainPhase(TestCaseExecutor.java:299)
	at com.kms.katalon.core.main.TestCaseExecutor.execute(TestCaseExecutor.java:233)
	at com.kms.katalon.core.main.TestSuiteExecutor.accessTestCaseMainPhase(TestSuiteExecutor.java:169)
	at com.kms.katalon.core.main.TestSuiteExecutor.accessTestSuiteMainPhase(TestSuiteExecutor.java:142)
	at com.kms.katalon.core.main.TestSuiteExecutor.execute(TestSuiteExecutor.java:91)
	at com.kms.katalon.core.main.TestCaseMain.startTestSuite(TestCaseMain.java:157)
	at com.kms.katalon.core.main.TestCaseMain$startTestSuite$0.call(Unknown Source)
	at TempTestSuite1575380721167.run(TempTestSuite1575380721167.groovy:36)
Caused by: java.lang.IllegalArgumentException: Object is null
	at com.kms.katalon.core.helper.KeywordHelper.checkTestObjectParameter(KeywordHelper.java:33)
	at com.kms.katalon.core.webui.keyword.builtin.SetTextKeyword$_setText_closure1.doCall(SetTextKeyword.groovy:45)
	at com.kms.katalon.core.webui.keyword.builtin.SetTextKeyword$_setText_closure1.call(SetTextKeyword.groovy)
	at com.kms.katalon.core.webui.keyword.internal.WebUIKeywordMain.runKeyword(WebUIKeywordMain.groovy:20)
	... 19 more]]></system-err>
      </testcase>
      <testcase name="Test Cases/Search users" time="29.411" classname="Test Cases/Search users" status="PASSED">
         <system-out><![CDATA[2019-12-03 19:19:42 - [TEST_CASE][PASSED] - Test Cases/Search users: Test Cases/Search users

2019-12-03 19:19:42 - [TEST_STEP][PASSED] - Start listener action : beforeTestcase: null

2019-12-03 19:19:42 - [TEST_STEP][PASSED] - openBrowser(AppUrl): Browser is opened with url: 'https://qa.thework.life'

2019-12-03 19:19:42 - [MESSAGE][INFO] - Starting 'Firefox' driver

2019-12-03 19:19:50 - [MESSAGE][PASSED] - Browser is opened with url: 'https://qa.thework.life'

2019-12-03 19:19:50 - [TEST_STEP][PASSED] - navigateToUrl(AppUrl): Navigate to 'https://qa.thework.life' successfully

2019-12-03 19:19:52 - [MESSAGE][PASSED] - Navigate to 'https://qa.thework.life' successfully

2019-12-03 19:19:52 - [TEST_STEP][PASSED] - setText(findTestObject("Object Repository/Search user/Page_theworklife - Find Great People To Work With/input_Forgot password_username"), "worklifetest10001@gmail.com"): Text 'worklifetest10001@gmail.com' is set on object 'Object Repository/Search user/Page_theworklife - Find Great People To Work With/input_Forgot password_username'

2019-12-03 19:19:52 - [MESSAGE][PASSED] - Text 'worklifetest10001@gmail.com' is set on object 'Object Repository/Search user/Page_theworklife - Find Great People To Work With/input_Forgot password_username'

2019-12-03 19:19:52 - [TEST_STEP][PASSED] - setEncryptedText(findTestObject("Object Repository/Search user/Page_theworklife - Find Great People To Work With/input_Forgot password_password"), "XU9cBalmEBp1UP+jEU2w4UUBUuNgBY4U"): Text ****** has been set on object 'Object Repository/Search user/Page_theworklife - Find Great People To Work With/input_Forgot password_password'

2019-12-03 19:19:53 - [MESSAGE][PASSED] - Text ****** has been set on object 'Object Repository/Search user/Page_theworklife - Find Great People To Work With/input_Forgot password_password'

2019-12-03 19:19:53 - [TEST_STEP][PASSED] - click(findTestObject("Object Repository/Search user/Page_theworklife - Find Great People To Work With/button_Sign in")): Object: 'Object Repository/Search user/Page_theworklife - Find Great People To Work With/button_Sign in' is clicked on

2019-12-03 19:20:00 - [MESSAGE][PASSED] - Object: 'Object Repository/Search user/Page_theworklife - Find Great People To Work With/button_Sign in' is clicked on

2019-12-03 19:20:00 - [TEST_STEP][PASSED] - waitForElementClickable(findTestObject("Object Repository/Rate/Page_Home/input_View all_searchText"), 2): Object 'Object Repository/Rate/Page_Home/input_View all_searchText' is clickable

2019-12-03 19:20:01 - [MESSAGE][PASSED] - Object 'Object Repository/Rate/Page_Home/input_View all_searchText' is clickable

2019-12-03 19:20:01 - [TEST_STEP][PASSED] - setText(findTestObject("Object Repository/Rate/Page_Home/input_View all_searchText"), "vijay"): Text 'vijay' is set on object 'Object Repository/Rate/Page_Home/input_View all_searchText'

2019-12-03 19:20:01 - [MESSAGE][PASSED] - Text 'vijay' is set on object 'Object Repository/Rate/Page_Home/input_View all_searchText'

2019-12-03 19:20:01 - [TEST_STEP][PASSED] - click(findTestObject("Search user/Search user button")): Object: 'Object Repository/Search user/Search user button' is clicked on

2019-12-03 19:20:07 - [MESSAGE][PASSED] - Object: 'Object Repository/Search user/Search user button' is clicked on

2019-12-03 19:20:07 - [TEST_STEP][PASSED] - click(findTestObject("Object Repository/Rate/Page_Search/div_Vijay Test")): Object: 'Object Repository/Rate/Page_Search/div_Vijay Test' is clicked on

2019-12-03 19:20:07 - [MESSAGE][PASSED] - Object: 'Object Repository/Rate/Page_Search/div_Vijay Test' is clicked on

2019-12-03 19:20:07 - [TEST_STEP][PASSED] - closeBrowser(): Browser is closed

2019-12-03 19:20:09 - [MESSAGE][PASSED] - Browser is closed

2019-12-03 19:20:09 - [TEST_STEP][PASSED] - Start listener action : afterTestcase: Browser is closed

2019-12-03 19:20:09 - [TEST_STEP][PASSED] - closeBrowser(): Browser is closed

2019-12-03 19:20:09 - [MESSAGE][PASSED] - Browser is closed

2019-12-03 19:20:11 - [TEST_STEP][PASSED] - Video: Video recording for test case 'Test Cases/Search users' .

2019-12-03 19:20:11 - [MESSAGE][INFO] - Video recording for test case 'Test Cases/Search users' .
[[ATTACHMENT|/Users/akhilesh/git/KatalonBDD1/Reports/20191203_191511/Acceptance/20191203_191511/videos/test_7.avi]]]]></system-out>
         <system-err><![CDATA[]]></system-err>
      </testcase>
      <testcase name="Test Cases/Thumbing - Upvote and downvote" time="1914.76" classname="Test Cases/Thumbing - Upvote and downvote" status="FAILED">
         <failure type="FAILED" message="Test Cases/Thumbing - Upvote and downvote FAILED.
Reason:
com.kms.katalon.core.exception.StepFailedException: Unable to click on object 'Object Repository/Thumbing-Upvote and Downvote/Page_View Profile/span_Agree'
	at com.kms.katalon.core.webui.keyword.internal.WebUIKeywordMain.stepFailed(WebUIKeywordMain.groovy:64)
	at com.kms.katalon.core.webui.keyword.internal.WebUIKeywordMain.runKeyword(WebUIKeywordMain.groovy:26)
	at com.kms.katalon.core.webui.keyword.builtin.ClickKeyword.click(ClickKeyword.groovy:103)
	at com.kms.katalon.core.webui.keyword.builtin.ClickKeyword.execute(ClickKeyword.groovy:43)
	at com.kms.katalon.core.keyword.internal.KeywordExecutor.executeKeywordForPlatform(KeywordExecutor.groovy:60)
	at com.kms.katalon.core.webui.keyword.WebUiBuiltInKeywords.click(WebUiBuiltInKeywords.groovy:616)
	at com.kms.katalon.core.webui.keyword.WebUiBuiltInKeywords$click$3.call(Unknown Source)
	at Thumbing - Upvote and downvote.run(Thumbing - Upvote and downvote:41)
	at com.kms.katalon.core.main.ScriptEngine.run(ScriptEngine.java:194)
	at com.kms.katalon.core.main.ScriptEngine.runScriptAsRawText(ScriptEngine.java:119)
	at com.kms.katalon.core.main.TestCaseExecutor.runScript(TestCaseExecutor.java:337)
	at com.kms.katalon.core.main.TestCaseExecutor.doExecute(TestCaseExecutor.java:328)
	at com.kms.katalon.core.main.TestCaseExecutor.processExecutionPhase(TestCaseExecutor.java:307)
	at com.kms.katalon.core.main.TestCaseExecutor.accessMainPhase(TestCaseExecutor.java:299)
	at com.kms.katalon.core.main.TestCaseExecutor.execute(TestCaseExecutor.java:233)
	at com.kms.katalon.core.main.TestSuiteExecutor.accessTestCaseMainPhase(TestSuiteExecutor.java:169)
	at com.kms.katalon.core.main.TestSuiteExecutor.accessTestSuiteMainPhase(TestSuiteExecutor.java:142)
	at com.kms.katalon.core.main.TestSuiteExecutor.execute(TestSuiteExecutor.java:91)
	at com.kms.katalon.core.main.TestCaseMain.startTestSuite(TestCaseMain.java:157)
	at com.kms.katalon.core.main.TestCaseMain$startTestSuite$0.call(Unknown Source)
	at TempTestSuite1575380721167.run(TempTestSuite1575380721167.groovy:36)
Caused by: com.kms.katalon.core.webui.exception.WebElementNotFoundException: Web element with id: 'Object Repository/Thumbing-Upvote and Downvote/Page_View Profile/span_Agree' located by 'By.xpath: //button[@id=&quot;btnAgree&quot;]' not found
	at com.kms.katalon.core.webui.common.WebUiCommonHelper.findWebElement(WebUiCommonHelper.java:1113)
	at com.kms.katalon.core.webui.keyword.internal.WebUIAbstractKeyword.findWebElement(WebUIAbstractKeyword.groovy:27)
	at com.kms.katalon.core.webui.keyword.internal.WebUIAbstractKeyword.findWebElement(WebUIAbstractKeyword.groovy:26)
	at com.kms.katalon.core.webui.keyword.builtin.ClickKeyword$_click_closure1.doCall(ClickKeyword.groovy:68)
	at com.kms.katalon.core.webui.keyword.builtin.ClickKeyword$_click_closure1.call(ClickKeyword.groovy)
	at com.kms.katalon.core.webui.keyword.internal.WebUIKeywordMain.runKeyword(WebUIKeywordMain.groovy:20)
	... 19 more
"/>
         <system-out><![CDATA[2019-12-03 19:20:11 - [TEST_CASE][FAILED] - Test Cases/Thumbing - Upvote and downvote: Test Cases/Thumbing - Upvote and downvote FAILED.
Reason:
com.kms.katalon.core.exception.StepFailedException: Unable to click on object 'Object Repository/Thumbing-Upvote and Downvote/Page_View Profile/span_Agree'
	at com.kms.katalon.core.webui.keyword.internal.WebUIKeywordMain.stepFailed(WebUIKeywordMain.groovy:64)
	at com.kms.katalon.core.webui.keyword.internal.WebUIKeywordMain.runKeyword(WebUIKeywordMain.groovy:26)
	at com.kms.katalon.core.webui.keyword.builtin.ClickKeyword.click(ClickKeyword.groovy:103)
	at com.kms.katalon.core.webui.keyword.builtin.ClickKeyword.execute(ClickKeyword.groovy:43)
	at com.kms.katalon.core.keyword.internal.KeywordExecutor.executeKeywordForPlatform(KeywordExecutor.groovy:60)
	at com.kms.katalon.core.webui.keyword.WebUiBuiltInKeywords.click(WebUiBuiltInKeywords.groovy:616)
	at com.kms.katalon.core.webui.keyword.WebUiBuiltInKeywords$click$3.call(Unknown Source)
	at Thumbing - Upvote and downvote.run(Thumbing - Upvote and downvote:41)
	at com.kms.katalon.core.main.ScriptEngine.run(ScriptEngine.java:194)
	at com.kms.katalon.core.main.ScriptEngine.runScriptAsRawText(ScriptEngine.java:119)
	at com.kms.katalon.core.main.TestCaseExecutor.runScript(TestCaseExecutor.java:337)
	at com.kms.katalon.core.main.TestCaseExecutor.doExecute(TestCaseExecutor.java:328)
	at com.kms.katalon.core.main.TestCaseExecutor.processExecutionPhase(TestCaseExecutor.java:307)
	at com.kms.katalon.core.main.TestCaseExecutor.accessMainPhase(TestCaseExecutor.java:299)
	at com.kms.katalon.core.main.TestCaseExecutor.execute(TestCaseExecutor.java:233)
	at com.kms.katalon.core.main.TestSuiteExecutor.accessTestCaseMainPhase(TestSuiteExecutor.java:169)
	at com.kms.katalon.core.main.TestSuiteExecutor.accessTestSuiteMainPhase(TestSuiteExecutor.java:142)
	at com.kms.katalon.core.main.TestSuiteExecutor.execute(TestSuiteExecutor.java:91)
	at com.kms.katalon.core.main.TestCaseMain.startTestSuite(TestCaseMain.java:157)
	at com.kms.katalon.core.main.TestCaseMain$startTestSuite$0.call(Unknown Source)
	at TempTestSuite1575380721167.run(TempTestSuite1575380721167.groovy:36)
Caused by: com.kms.katalon.core.webui.exception.WebElementNotFoundException: Web element with id: 'Object Repository/Thumbing-Upvote and Downvote/Page_View Profile/span_Agree' located by 'By.xpath: //button[@id="btnAgree"]' not found
	at com.kms.katalon.core.webui.common.WebUiCommonHelper.findWebElement(WebUiCommonHelper.java:1113)
	at com.kms.katalon.core.webui.keyword.internal.WebUIAbstractKeyword.findWebElement(WebUIAbstractKeyword.groovy:27)
	at com.kms.katalon.core.webui.keyword.internal.WebUIAbstractKeyword.findWebElement(WebUIAbstractKeyword.groovy:26)
	at com.kms.katalon.core.webui.keyword.builtin.ClickKeyword$_click_closure1.doCall(ClickKeyword.groovy:68)
	at com.kms.katalon.core.webui.keyword.builtin.ClickKeyword$_click_closure1.call(ClickKeyword.groovy)
	at com.kms.katalon.core.webui.keyword.internal.WebUIKeywordMain.runKeyword(WebUIKeywordMain.groovy:20)
	... 19 more


2019-12-03 19:20:11 - [TEST_STEP][PASSED] - Start listener action : beforeTestcase: null

2019-12-03 19:20:11 - [TEST_STEP][PASSED] - openBrowser(AppUrl): Browser is opened with url: 'https://qa.thework.life'

2019-12-03 19:20:11 - [MESSAGE][INFO] - Starting 'Firefox' driver

2019-12-03 19:20:21 - [MESSAGE][PASSED] - Browser is opened with url: 'https://qa.thework.life'

2019-12-03 19:20:21 - [TEST_STEP][PASSED] - navigateToUrl(AppUrl): Navigate to 'https://qa.thework.life' successfully

2019-12-03 19:20:23 - [MESSAGE][PASSED] - Navigate to 'https://qa.thework.life' successfully

2019-12-03 19:20:23 - [TEST_STEP][PASSED] - setText(findTestObject("Object Repository/Thumbing-Upvote and Downvote/Page_theworklife - Find Great People To Work With/input_Please enter username or email_username"), "vijayvstest01@gmail.com"): Text 'vijayvstest01@gmail.com' is set on object 'Object Repository/Thumbing-Upvote and Downvote/Page_theworklife - Find Great People To Work With/input_Please enter username or email_username'

2019-12-03 19:20:24 - [MESSAGE][PASSED] - Text 'vijayvstest01@gmail.com' is set on object 'Object Repository/Thumbing-Upvote and Downvote/Page_theworklife - Find Great People To Work With/input_Please enter username or email_username'

2019-12-03 19:20:24 - [TEST_STEP][PASSED] - setEncryptedText(findTestObject("Object Repository/Thumbing-Upvote and Downvote/Page_theworklife - Find Great People To Work With/input_Forgot password_password"), "cvW8qx4B2o3F4VwP/kNsqA=="): Text ****** has been set on object 'Object Repository/Thumbing-Upvote and Downvote/Page_theworklife - Find Great People To Work With/input_Forgot password_password'

2019-12-03 19:20:24 - [MESSAGE][PASSED] - Text ****** has been set on object 'Object Repository/Thumbing-Upvote and Downvote/Page_theworklife - Find Great People To Work With/input_Forgot password_password'

2019-12-03 19:20:24 - [TEST_STEP][PASSED] - click(findTestObject("Object Repository/Thumbing-Upvote and Downvote/Page_theworklife - Find Great People To Work With/button_Sign in")): Object: 'Object Repository/Thumbing-Upvote and Downvote/Page_theworklife - Find Great People To Work With/button_Sign in' is clicked on

2019-12-03 19:20:30 - [MESSAGE][PASSED] - Object: 'Object Repository/Thumbing-Upvote and Downvote/Page_theworklife - Find Great People To Work With/button_Sign in' is clicked on

2019-12-03 19:20:30 - [TEST_STEP][PASSED] - setText(findTestObject("Object Repository/Thumbing-Upvote and Downvote/Page_Home/input_View all_searchText"), "suraj"): Text 'suraj' is set on object 'Object Repository/Thumbing-Upvote and Downvote/Page_Home/input_View all_searchText'

2019-12-03 19:20:33 - [MESSAGE][PASSED] - Text 'suraj' is set on object 'Object Repository/Thumbing-Upvote and Downvote/Page_Home/input_View all_searchText'

2019-12-03 19:20:33 - [TEST_STEP][PASSED] - click(findTestObject("Search user/Search user button")): Object: 'Object Repository/Search user/Search user button' is clicked on

2019-12-03 19:20:39 - [MESSAGE][PASSED] - Object: 'Object Repository/Search user/Search user button' is clicked on

2019-12-03 19:20:39 - [TEST_STEP][PASSED] - waitForElementClickable(findTestObject("Thumbing-Upvote and Downvote/Page_Home/span_Suraj1569758600295makhija"), 3): Object 'Object Repository/Thumbing-Upvote and Downvote/Page_Home/span_Suraj1569758600295makhija' is clickable

2019-12-03 19:20:40 - [MESSAGE][PASSED] - Object 'Object Repository/Thumbing-Upvote and Downvote/Page_Home/span_Suraj1569758600295makhija' is clickable

2019-12-03 19:20:40 - [TEST_STEP][PASSED] - delay(10): Delayed 10 second(s)

2019-12-03 19:20:50 - [MESSAGE][PASSED] - Delayed 10 second(s)

2019-12-03 19:20:50 - [TEST_STEP][PASSED] - click(findTestObject("Object Repository/Thumbing-Upvote and Downvote/Page_Home/span_Suraj1569758600295makhija")): Object: 'Object Repository/Thumbing-Upvote and Downvote/Page_Home/span_Suraj1569758600295makhija' is clicked on

2019-12-03 19:20:50 - [MESSAGE][PASSED] - Object: 'Object Repository/Thumbing-Upvote and Downvote/Page_Home/span_Suraj1569758600295makhija' is clicked on

2019-12-03 19:20:50 - [TEST_STEP][PASSED] - waitForElementClickable(findTestObject("Thumbing-Upvote and Downvote/Page_View Profile/span_Agree"), 5): Web element with id: 'Object Repository/Thumbing-Upvote and Downvote/Page_View Profile/span_Agree' located by 'By.xpath: //button[@id="btnAgree"]' not found

2019-12-03 19:20:58 - [MESSAGE][INFO] - Unable to find the element located by 'By.xpath: //button[@id="btnAgree"]'. Please recheck the objects properties to make sure the desired element is located. 

2019-12-03 19:20:58 - [MESSAGE][WARNING] - Web element with id: 'Object Repository/Thumbing-Upvote and Downvote/Page_View Profile/span_Agree' located by 'By.xpath: //button[@id="btnAgree"]' not found

2019-12-03 19:20:58 - [TEST_STEP][FAILED] - click(findTestObject("Object Repository/Thumbing-Upvote and Downvote/Page_View Profile/span_Agree")): Unable to click on object 'Object Repository/Thumbing-Upvote and Downvote/Page_View Profile/span_Agree' (Root cause: com.kms.katalon.core.exception.StepFailedException: Unable to click on object 'Object Repository/Thumbing-Upvote and Downvote/Page_View Profile/span_Agree'
	at com.kms.katalon.core.webui.keyword.internal.WebUIKeywordMain.stepFailed(WebUIKeywordMain.groovy:64)
	at com.kms.katalon.core.webui.keyword.internal.WebUIKeywordMain.runKeyword(WebUIKeywordMain.groovy:26)
	at com.kms.katalon.core.webui.keyword.builtin.ClickKeyword.click(ClickKeyword.groovy:103)
	at com.kms.katalon.core.webui.keyword.builtin.ClickKeyword.execute(ClickKeyword.groovy:43)
	at com.kms.katalon.core.keyword.internal.KeywordExecutor.executeKeywordForPlatform(KeywordExecutor.groovy:60)
	at com.kms.katalon.core.webui.keyword.WebUiBuiltInKeywords.click(WebUiBuiltInKeywords.groovy:616)
	at com.kms.katalon.core.webui.keyword.WebUiBuiltInKeywords$click$3.call(Unknown Source)
	at Thumbing - Upvote and downvote.run(Thumbing - Upvote and downvote:41)
	at com.kms.katalon.core.main.ScriptEngine.run(ScriptEngine.java:194)
	at com.kms.katalon.core.main.ScriptEngine.runScriptAsRawText(ScriptEngine.java:119)
	at com.kms.katalon.core.main.TestCaseExecutor.runScript(TestCaseExecutor.java:337)
	at com.kms.katalon.core.main.TestCaseExecutor.doExecute(TestCaseExecutor.java:328)
	at com.kms.katalon.core.main.TestCaseExecutor.processExecutionPhase(TestCaseExecutor.java:307)
	at com.kms.katalon.core.main.TestCaseExecutor.accessMainPhase(TestCaseExecutor.java:299)
	at com.kms.katalon.core.main.TestCaseExecutor.execute(TestCaseExecutor.java:233)
	at com.kms.katalon.core.main.TestSuiteExecutor.accessTestCaseMainPhase(TestSuiteExecutor.java:169)
	at com.kms.katalon.core.main.TestSuiteExecutor.accessTestSuiteMainPhase(TestSuiteExecutor.java:142)
	at com.kms.katalon.core.main.TestSuiteExecutor.execute(TestSuiteExecutor.java:91)
	at com.kms.katalon.core.main.TestCaseMain.startTestSuite(TestCaseMain.java:157)
	at com.kms.katalon.core.main.TestCaseMain$startTestSuite$0.call(Unknown Source)
	at TempTestSuite1575380721167.run(TempTestSuite1575380721167.groovy:36)
[...]

2019-12-03 20:43:56 - [TEST_STEP][PASSED] - Start listener action : beforeTestcase: null

2019-12-03 20:43:56 - [TEST_STEP][PASSED] - openBrowser(AppUrl): Browser is opened with url: 'https://qa.thework.life'

2019-12-03 20:43:56 - [MESSAGE][INFO] - Starting 'Firefox' driver

2019-12-03 20:44:04 - [MESSAGE][PASSED] - Browser is opened with url: 'https://qa.thework.life'

2019-12-03 20:44:04 - [TEST_STEP][PASSED] - navigateToUrl(AppUrl): Navigate to 'https://qa.thework.life' successfully

2019-12-03 20:44:07 - [MESSAGE][PASSED] - Navigate to 'https://qa.thework.life' successfully

2019-12-03 20:44:07 - [TEST_STEP][PASSED] - setText(findTestObject("Object Repository/VerifiedUserRatingUnverified/Page_theworklife - Find Great People To Work With/input_Forgot password_username"), "vijayvstest01@gmail.com"): Text 'vijayvstest01@gmail.com' is set on object 'Object Repository/VerifiedUserRatingUnverified/Page_theworklife - Find Great People To Work With/input_Forgot password_username'

2019-12-03 20:44:07 - [MESSAGE][PASSED] - Text 'vijayvstest01@gmail.com' is set on object 'Object Repository/VerifiedUserRatingUnverified/Page_theworklife - Find Great People To Work With/input_Forgot password_username'

2019-12-03 20:44:07 - [TEST_STEP][PASSED] - setEncryptedText(findTestObject("Object Repository/VerifiedUserRatingUnverified/Page_theworklife - Find Great People To Work With/input_Forgot password_password"), "cvW8qx4B2o3F4VwP/kNsqA=="): Text ****** has been set on object 'Object Repository/VerifiedUserRatingUnverified/Page_theworklife - Find Great People To Work With/input_Forgot password_password'

2019-12-03 20:44:08 - [MESSAGE][PASSED] - Text ****** has been set on object 'Object Repository/VerifiedUserRatingUnverified/Page_theworklife - Find Great People To Work With/input_Forgot password_password'

2019-12-03 20:44:08 - [TEST_STEP][PASSED] - click(findTestObject("Object Repository/VerifiedUserRatingUnverified/Page_theworklife - Find Great People To Work With/button_Sign in")): Object: 'Object Repository/VerifiedUserRatingUnverified/Page_theworklife - Find Great People To Work With/button_Sign in' is clicked on

2019-12-03 20:44:13 - [MESSAGE][PASSED] - Object: 'Object Repository/VerifiedUserRatingUnverified/Page_theworklife - Find Great People To Work With/button_Sign in' is clicked on

2019-12-03 20:44:13 - [TEST_STEP][PASSED] - setText(findTestObject("Object Repository/VerifiedUserRatingUnverified/Page_Home/input_View all_searchText"), "User User"): Text 'User User' is set on object 'Object Repository/VerifiedUserRatingUnverified/Page_Home/input_View all_searchText'

2019-12-03 20:44:15 - [MESSAGE][PASSED] - Text 'User User' is set on object 'Object Repository/VerifiedUserRatingUnverified/Page_Home/input_View all_searchText'

2019-12-03 20:44:15 - [TEST_STEP][PASSED] - click(findTestObject("Object Repository/VerifiedUserRatingUnverified/Page_Home/button_No search results_btnSearch")): Object: 'Object Repository/VerifiedUserRatingUnverified/Page_Home/button_No search results_btnSearch' is clicked on

2019-12-03 20:44:24 - [MESSAGE][PASSED] - Object: 'Object Repository/VerifiedUserRatingUnverified/Page_Home/button_No search results_btnSearch' is clicked on

2019-12-03 20:44:24 - [TEST_STEP][PASSED] - click(findTestObject("Object Repository/VerifiedUserRatingUnverified/Page_Search/div_user user")): Object: 'Object Repository/VerifiedUserRatingUnverified/Page_Search/div_user user' is clicked on

2019-12-03 20:44:25 - [MESSAGE][PASSED] - Object: 'Object Repository/VerifiedUserRatingUnverified/Page_Search/div_user user' is clicked on

2019-12-03 20:44:25 - [TEST_STEP][PASSED] - click(findTestObject("Object Repository/VerifiedUserRatingUnverified/Page_View Profile/button_Rate Now")): Object: 'Object Repository/VerifiedUserRatingUnverified/Page_View Profile/button_Rate Now' is clicked on

2019-12-03 20:44:31 - [MESSAGE][PASSED] - Object: 'Object Repository/VerifiedUserRatingUnverified/Page_View Profile/button_Rate Now' is clicked on

2019-12-03 20:44:31 - [TEST_STEP][PASSED] - delay(5): Delayed 5 second(s)

2019-12-03 20:44:36 - [MESSAGE][PASSED] - Delayed 5 second(s)

2019-12-03 20:44:36 - [TEST_STEP][PASSED] - verifyElementText(findTestObject("Object Repository/VerifiedUserRatingUnverified/Page_View Profile/p_This is an unverified user Please input Facebook or LinkedIn Profile Link for user user"), "This is an unverified user. Please input Facebook or LinkedIn Profile Link for user user."): Actual text and expected text of test object 'Object Repository/VerifiedUserRatingUnverified/Page_View Profile/p_This is an unverified user Please input Facebook or LinkedIn Profile Link for user user' are matched.

2019-12-03 20:44:36 - [MESSAGE][PASSED] - Actual text and expected text of test object 'Object Repository/VerifiedUserRatingUnverified/Page_View Profile/p_This is an unverified user Please input Facebook or LinkedIn Profile Link for user user' are matched.

2019-12-03 20:44:36 - [TEST_STEP][PASSED] - click(findTestObject("Object Repository/VerifiedUserRatingUnverified/Page_View Profile/button_Cancel")): Object: 'Object Repository/VerifiedUserRatingUnverified/Page_View Profile/button_Cancel' is clicked on

2019-12-03 20:44:36 - [MESSAGE][PASSED] - Object: 'Object Repository/VerifiedUserRatingUnverified/Page_View Profile/button_Cancel' is clicked on

2019-12-03 20:44:36 - [TEST_STEP][PASSED] - closeBrowser(): Browser is closed

2019-12-03 20:44:38 - [MESSAGE][PASSED] - Browser is closed

2019-12-03 20:44:38 - [TEST_STEP][PASSED] - Start listener action : afterTestcase: Browser is closed

2019-12-03 20:44:38 - [TEST_STEP][PASSED] - closeBrowser(): Browser is closed

2019-12-03 20:44:38 - [MESSAGE][PASSED] - Browser is closed

2019-12-03 20:44:40 - [TEST_STEP][PASSED] - Video: Video recording for test case 'Test Cases/workLifeTest/RateUnverifiedUserByVerified' .

2019-12-03 20:44:40 - [MESSAGE][INFO] - Video recording for test case 'Test Cases/workLifeTest/RateUnverifiedUserByVerified' .
[[ATTACHMENT|/Users/akhilesh/git/KatalonBDD1/Reports/20191203_191511/Acceptance/20191203_191511/videos/test_26.avi]]]]></system-out>
         <system-err><![CDATA[]]></system-err>
      </testcase>
      <testcase name="Test Cases/workLifeTest/RecommendationCheck" time="44.367" classname="Test Cases/workLifeTest/RecommendationCheck" status="PASSED">
         <system-out><![CDATA[2019-12-03 20:44:40 - [TEST_CASE][PASSED] - Test Cases/workLifeTest/RecommendationCheck: Test Cases/workLifeTest/RecommendationCheck

2019-12-03 20:44:40 - [TEST_STEP][PASSED] - Start listener action : beforeTestcase: null

2019-12-03 20:44:41 - [TEST_STEP][PASSED] - openBrowser(AppUrl): Browser is opened with url: 'https://qa.thework.life'

2019-12-03 20:44:41 - [MESSAGE][INFO] - Starting 'Firefox' driver

2019-12-03 20:44:49 - [MESSAGE][PASSED] - Browser is opened with url: 'https://qa.thework.life'

2019-12-03 20:44:49 - [TEST_STEP][PASSED] - navigateToUrl(AppUrl): Navigate to 'https://qa.thework.life' successfully

2019-12-03 20:44:52 - [MESSAGE][PASSED] - Navigate to 'https://qa.thework.life' successfully

2019-12-03 20:44:52 - [TEST_STEP][PASSED] - setText(findTestObject("Object Repository/RecommandationCheck/Page_theworklife - Find Great People To Work With/input_Forgot password_username"), "vijayvstest01@gmail.com"): Text 'vijayvstest01@gmail.com' is set on object 'Object Repository/RecommandationCheck/Page_theworklife - Find Great People To Work With/input_Forgot password_username'

2019-12-03 20:44:52 - [MESSAGE][PASSED] - Text 'vijayvstest01@gmail.com' is set on object 'Object Repository/RecommandationCheck/Page_theworklife - Find Great People To Work With/input_Forgot password_username'

2019-12-03 20:44:52 - [TEST_STEP][PASSED] - setEncryptedText(findTestObject("Object Repository/RecommandationCheck/Page_theworklife - Find Great People To Work With/input_Forgot password_password"), "cvW8qx4B2o3F4VwP/kNsqA=="): Text ****** has been set on object 'Object Repository/RecommandationCheck/Page_theworklife - Find Great People To Work With/input_Forgot password_password'

2019-12-03 20:44:52 - [MESSAGE][PASSED] - Text ****** has been set on object 'Object Repository/RecommandationCheck/Page_theworklife - Find Great People To Work With/input_Forgot password_password'

2019-12-03 20:44:52 - [TEST_STEP][PASSED] - click(findTestObject("Object Repository/RecommandationCheck/Page_theworklife - Find Great People To Work With/button_Sign in")): Object: 'Object Repository/RecommandationCheck/Page_theworklife - Find Great People To Work With/button_Sign in' is clicked on

2019-12-03 20:44:58 - [MESSAGE][PASSED] - Object: 'Object Repository/RecommandationCheck/Page_theworklife - Find Great People To Work With/button_Sign in' is clicked on

2019-12-03 20:44:58 - [TEST_STEP][PASSED] - click(findTestObject("Object Repository/RecommandationCheck/Page_Home/a_profile")): Object: 'Object Repository/RecommandationCheck/Page_Home/a_profile' is clicked on

2019-12-03 20:45:01 - [MESSAGE][PASSED] - Object: 'Object Repository/RecommandationCheck/Page_Home/a_profile' is clicked on

2019-12-03 20:45:01 - [TEST_STEP][PASSED] - click(findTestObject("Object Repository/RecommandationCheck/Page_Home/a_Edit Profile")): Object: 'Object Repository/RecommandationCheck/Page_Home/a_Edit Profile' is clicked on

2019-12-03 20:45:07 - [MESSAGE][PASSED] - Object: 'Object Repository/RecommandationCheck/Page_Home/a_Edit Profile' is clicked on

2019-12-03 20:45:07 - [TEST_STEP][PASSED] - click(findTestObject("Object Repository/RecommandationCheck/Page_Edit Profile/a_Recommendations")): Object: 'Object Repository/RecommandationCheck/Page_Edit Profile/a_Recommendations' is clicked on

2019-12-03 20:45:07 - [MESSAGE][PASSED] - Object: 'Object Repository/RecommandationCheck/Page_Edit Profile/a_Recommendations' is clicked on

2019-12-03 20:45:07 - [TEST_STEP][PASSED] - waitForElementVisible(findTestObject("RecommandationCheck/Page_Edit Profile/a_Submitted (1)"), 5): Object 'Object Repository/RecommandationCheck/Page_Edit Profile/a_Submitted (1)' is visible

2019-12-03 20:45:09 - [MESSAGE][PASSED] - Object 'Object Repository/RecommandationCheck/Page_Edit Profile/a_Submitted (1)' is visible

2019-12-03 20:45:09 - [TEST_STEP][PASSED] - click(findTestObject("Object Repository/RecommandationCheck/Page_Edit Profile/a_Submitted (1)")): Object: 'Object Repository/RecommandationCheck/Page_Edit Profile/a_Submitted (1)' is clicked on

2019-12-03 20:45:09 - [MESSAGE][PASSED] - Object: 'Object Repository/RecommandationCheck/Page_Edit Profile/a_Submitted (1)' is clicked on

2019-12-03 20:45:09 - [TEST_STEP][PASSED] - delay(5): Delayed 5 second(s)

2019-12-03 20:45:14 - [MESSAGE][PASSED] - Delayed 5 second(s)

2019-12-03 20:45:14 - [TEST_STEP][PASSED] - waitForElementVisible(findTestObject("Object Repository/RecommandationCheck/Page_Edit Profile/a_Suraj1571562559339makhija"), 10): Object 'Object Repository/RecommandationCheck/Page_Edit Profile/a_Suraj1571562559339makhija' is visible

2019-12-03 20:45:15 - [MESSAGE][PASSED] - Object 'Object Repository/RecommandationCheck/Page_Edit Profile/a_Suraj1571562559339makhija' is visible

2019-12-03 20:45:15 - [TEST_STEP][PASSED] - verifyElementVisible(findTestObject("Object Repository/RecommandationCheck/Page_Edit Profile/a_Suraj1571562559339makhija"), STOP_ON_FAILURE): Object 'Object Repository/RecommandationCheck/Page_Edit Profile/a_Suraj1571562559339makhija' is visible

2019-12-03 20:45:15 - [MESSAGE][PASSED] - Object 'Object Repository/RecommandationCheck/Page_Edit Profile/a_Suraj1571562559339makhija' is visible

2019-12-03 20:45:15 - [TEST_STEP][PASSED] - click(findTestObject("Object Repository/RecommandationCheck/Page_Edit Profile/a_Received (2)")): Object: 'Object Repository/RecommandationCheck/Page_Edit Profile/a_Received (2)' is clicked on

2019-12-03 20:45:15 - [MESSAGE][PASSED] - Object: 'Object Repository/RecommandationCheck/Page_Edit Profile/a_Received (2)' is clicked on

2019-12-03 20:45:15 - [TEST_STEP][PASSED] - delay(5): Delayed 5 second(s)

2019-12-03 20:45:20 - [MESSAGE][PASSED] - Delayed 5 second(s)

2019-12-03 20:45:20 - [TEST_STEP][PASSED] - waitForElementVisible(findTestObject("Object Repository/RecommandationCheck/Page_Edit Profile/a_Yamanappa Ogennavar"), 10): Object 'Object Repository/RecommandationCheck/Page_Edit Profile/a_Yamanappa Ogennavar' is visible

2019-12-03 20:45:21 - [MESSAGE][PASSED] - Object 'Object Repository/RecommandationCheck/Page_Edit Profile/a_Yamanappa Ogennavar' is visible

2019-12-03 20:45:21 - [TEST_STEP][PASSED] - verifyElementVisible(findTestObject("Object Repository/RecommandationCheck/Page_Edit Profile/a_Yamanappa Ogennavar"), STOP_ON_FAILURE): Object 'Object Repository/RecommandationCheck/Page_Edit Profile/a_Yamanappa Ogennavar' is visible

2019-12-03 20:45:21 - [MESSAGE][PASSED] - Object 'Object Repository/RecommandationCheck/Page_Edit Profile/a_Yamanappa Ogennavar' is visible

2019-12-03 20:45:21 - [TEST_STEP][PASSED] - closeBrowser(): Browser is closed

2019-12-03 20:45:23 - [MESSAGE][PASSED] - Browser is closed

2019-12-03 20:45:23 - [TEST_STEP][PASSED] - Start listener action : afterTestcase: Browser is closed

2019-12-03 20:45:23 - [TEST_STEP][PASSED] - closeBrowser(): Browser is closed

2019-12-03 20:45:23 - [MESSAGE][PASSED] - Browser is closed

2019-12-03 20:45:25 - [TEST_STEP][PASSED] - Video: Video recording for test case 'Test Cases/workLifeTest/RecommendationCheck' .

2019-12-03 20:45:25 - [MESSAGE][INFO] - Video recording for test case 'Test Cases/workLifeTest/RecommendationCheck' .
[[ATTACHMENT|/Users/akhilesh/git/KatalonBDD1/Reports/20191203_191511/Acceptance/20191203_191511/videos/test_27.avi]]]]></system-out>
         <system-err><![CDATA[]]></system-err>
      </testcase>
      <system-out><![CDATA[2019-12-03 19:15:28 - [TEST_SUITE][FAILED] - Acceptance: Test Cases/Flag reviews FAILED.
Reason:
com.kms.katalon.core.exception.StepFailedException: Unable to click on object 'Object Repository/flag review/Page_View Profile/click btn-btn report'
	at com.kms.katalon.core.webui.keyword.internal.WebUIKeywordMain.stepFailed(WebUIKeywordMain.groovy:64)
	at com.kms.katalon.core.webui.keyword.internal.WebUIKeywordMain.runKeyword(WebUIKeywordMain.groovy:26)
	at com.kms.katalon.core.webui.keyword.builtin.ClickKeyword.click(ClickKeyword.groovy:103)
	at com.kms.katalon.core.webui.keyword.builtin.ClickKeyword.execute(ClickKeyword.groovy:43)
	at com.kms.katalon.core.keyword.internal.KeywordExecutor.executeKeywordForPlatform(KeywordExecutor.groovy:60)
	at com.kms.katalon.core.webui.keyword.WebUiBuiltInKeywords.click(WebUiBuiltInKeywords.groovy:616)
	at com.kms.katalon.core.webui.keyword.WebUiBuiltInKeywords$click$3.call(Unknown Source)
	at Flag reviews.run(Flag reviews:37)
	at com.kms.katalon.core.main.ScriptEngine.run(ScriptEngine.java:194)
	at com.kms.katalon.core.main.ScriptEngine.runScriptAsRawText(ScriptEngine.java:119)
	at com.kms.katalon.core.main.TestCaseExecutor.runScript(TestCaseExecutor.java:337)
	at com.kms.katalon.core.main.TestCaseExecutor.doExecute(TestCaseExecutor.java:328)
	at com.kms.katalon.core.main.TestCaseExecutor.processExecutionPhase(TestCaseExecutor.java:307)
	at com.kms.katalon.core.main.TestCaseExecutor.accessMainPhase(TestCaseExecutor.java:299)
	at com.kms.katalon.core.main.TestCaseExecutor.execute(TestCaseExecutor.java:233)
	at com.kms.katalon.core.main.TestSuiteExecutor.accessTestCaseMainPhase(TestSuiteExecutor.java:169)
	at com.kms.katalon.core.main.TestSuiteExecutor.accessTestSuiteMainPhase(TestSuiteExecutor.java:142)
	at com.kms.katalon.core.main.TestSuiteExecutor.execute(TestSuiteExecutor.java:91)
	at com.kms.katalon.core.main.TestCaseMain.startTestSuite(TestCaseMain.java:157)
	at com.kms.katalon.core.main.TestCaseMain$startTestSuite$0.call(Unknown Source)
	at TempTestSuite1575380721167.run(TempTestSuite1575380721167.groovy:36)
Caused by: com.kms.katalon.core.webui.exception.WebElementNotFoundException: Web element with id: 'Object Repository/flag review/Page_View Profile/click btn-btn report' located by 'By.xpath: //button[contains(@class,'btn btn-report')]' not found
	at com.kms.katalon.core.webui.common.WebUiCommonHelper.findWebElement(WebUiCommonHelper.java:1113)
	at com.kms.katalon.core.webui.keyword.internal.WebUIAbstractKeyword.findWebElement(WebUIAbstractKeyword.groovy:27)
	at com.kms.katalon.core.webui.keyword.internal.WebUIAbstractKeyword.findWebElement(WebUIAbstractKeyword.groovy:26)
	at com.kms.katalon.core.webui.keyword.builtin.ClickKeyword$_click_closure1.doCall(ClickKeyword.groovy:68)
	at com.kms.katalon.core.webui.keyword.builtin.ClickKeyword$_click_closure1.call(ClickKeyword.groovy)
	at com.kms.katalon.core.webui.keyword.internal.WebUIKeywordMain.runKeyword(WebUIKeywordMain.groovy:20)
	... 19 more]]></system-out>
      <system-err><![CDATA[2019-12-03 19:15:28 - [TEST_SUITE][FAILED] - Acceptance: Test Cases/Flag reviews FAILED.
Reason:
com.kms.katalon.core.exception.StepFailedException: Unable to click on object 'Object Repository/flag review/Page_View Profile/click btn-btn report'
	at com.kms.katalon.core.webui.keyword.internal.WebUIKeywordMain.stepFailed(WebUIKeywordMain.groovy:64)
	at com.kms.katalon.core.webui.keyword.internal.WebUIKeywordMain.runKeyword(WebUIKeywordMain.groovy:26)
	at com.kms.katalon.core.webui.keyword.builtin.ClickKeyword.click(ClickKeyword.groovy:103)
	at com.kms.katalon.core.webui.keyword.builtin.ClickKeyword.execute(ClickKeyword.groovy:43)
	at com.kms.katalon.core.keyword.internal.KeywordExecutor.executeKeywordForPlatform(KeywordExecutor.groovy:60)
	at com.kms.katalon.core.webui.keyword.WebUiBuiltInKeywords.click(WebUiBuiltInKeywords.groovy:616)
	at com.kms.katalon.core.webui.keyword.WebUiBuiltInKeywords$click$3.call(Unknown Source)
	at Flag reviews.run(Flag reviews:37)
	at com.kms.katalon.core.main.ScriptEngine.run(ScriptEngine.java:194)
	at com.kms.katalon.core.main.ScriptEngine.runScriptAsRawText(ScriptEngine.java:119)
	at com.kms.katalon.core.main.TestCaseExecutor.runScript(TestCaseExecutor.java:337)
	at com.kms.katalon.core.main.TestCaseExecutor.doExecute(TestCaseExecutor.java:328)
	at com.kms.katalon.core.main.TestCaseExecutor.processExecutionPhase(TestCaseExecutor.java:307)
	at com.kms.katalon.core.main.TestCaseExecutor.accessMainPhase(TestCaseExecutor.java:299)
	at com.kms.katalon.core.main.TestCaseExecutor.execute(TestCaseExecutor.java:233)
	at com.kms.katalon.core.main.TestSuiteExecutor.accessTestCaseMainPhase(TestSuiteExecutor.java:169)
	at com.kms.katalon.core.main.TestSuiteExecutor.accessTestSuiteMainPhase(TestSuiteExecutor.java:142)
	at com.kms.katalon.core.main.TestSuiteExecutor.execute(TestSuiteExecutor.java:91)
	at com.kms.katalon.core.main.TestCaseMain.startTestSuite(TestCaseMain.java:157)
	at com.kms.katalon.core.main.TestCaseMain$startTestSuite$0.call(Unknown Source)
	at TempTestSuite1575380721167.run(TempTestSuite1575380721167.groovy:36)
Caused by: com.kms.katalon.core.webui.exception.WebElementNotFoundException: Web element with id: 'Object Repository/flag review/Page_View Profile/click btn-btn report' located by 'By.xpath: //button[contains(@class,'btn btn-report')]' not found
	at com.kms.katalon.core.webui.common.WebUiCommonHelper.findWebElement(WebUiCommonHelper.java:1113)
	at com.kms.katalon.core.webui.keyword.internal.WebUIAbstractKeyword.findWebElement(WebUIAbstractKeyword.groovy:27)
	at com.kms.katalon.core.webui.keyword.internal.WebUIAbstractKeyword.findWebElement(WebUIAbstractKeyword.groovy:26)
	at com.kms.katalon.core.webui.keyword.builtin.ClickKeyword$_click_closure1.doCall(ClickKeyword.groovy:68)
	at com.kms.katalon.core.webui.keyword.builtin.ClickKeyword$_click_closure1.call(ClickKeyword.groovy)
	at com.kms.katalon.core.webui.keyword.internal.WebUIKeywordMain.runKeyword(WebUIKeywordMain.groovy:20)
	... 19 more]]></system-err>
   </testsuite>
</testsuites>
