<?xml version="1.0" encoding="UTF-8"?>
<testsuites name="Regression" time="3182.051" tests="54" failures="12" errors="0">
   <testsuite name="Regression" tests="54" failures="12" errors="0" time="3182.051" timestamp="2019-12-04 01:19:44" hostname="Suraj Kumar - PUN-IT000636" id="Test Suites/Regression">
      <properties>
[...]
</properties>
      <testcase name="Test Cases/Connect with users" time="59.66" classname="Test Cases/Connect with users" status="PASSED">
         <system-out><![CDATA[2019-12-04 01:19:45 - [TEST_CASE][PASSED] - Test Cases/Connect with users: Test Cases/Connect with users

2019-12-04 01:19:45 - [TEST_STEP][PASSED] - Start listener action : beforeTestcase: null

2019-12-04 01:19:46 - [TEST_STEP][PASSED] - openBrowser(AppUrl): Browser is opened with url: 'https://qa.thework.life'

2019-12-04 01:19:48 - [MESSAGE][INFO] - Starting 'Firefox' driver

2019-12-04 01:19:48 - [MESSAGE][INFO] - Action delay is set to 0 seconds

2019-12-04 01:20:09 - [MESSAGE][PASSED] - Browser is opened with url: 'https://qa.thework.life'

2019-12-04 01:20:09 - [TEST_STEP][PASSED] - navigateToUrl(AppUrl): Navigate to 'https://qa.thework.life' successfully

2019-12-04 01:20:12 - [MESSAGE][PASSED] - Navigate to 'https://qa.thework.life' successfully

2019-12-04 01:20:12 - [TEST_STEP][PASSED] - setText(findTestObject("Experience/Page_theworklife - Find Great People To Work With/input_Forgot password_username"), "worklifetest10001@gmail.com"): Text 'worklifetest10001@gmail.com' is set on object 'Object Repository/Experience/Page_theworklife - Find Great People To Work With/input_Forgot password_username'

2019-12-04 01:20:13 - [MESSAGE][PASSED] - Text 'worklifetest10001@gmail.com' is set on object 'Object Repository/Experience/Page_theworklife - Find Great People To Work With/input_Forgot password_username'

2019-12-04 01:20:13 - [TEST_STEP][PASSED] - setEncryptedText(findTestObject("Experience/Page_theworklife - Find Great People To Work With/input_Forgot password_password"), "XU9cBalmEBp1UP+jEU2w4UUBUuNgBY4U"): Text ****** has been set on object 'Object Repository/Experience/Page_theworklife - Find Great People To Work With/input_Forgot password_password'

2019-12-04 01:20:14 - [MESSAGE][PASSED] - Text ****** has been set on object 'Object Repository/Experience/Page_theworklife - Find Great People To Work With/input_Forgot password_password'

2019-12-04 01:20:14 - [TEST_STEP][PASSED] - click(findTestObject("Object Repository/Rate/Page_theworklife - Find Great People To Work With/button_Sign in")): Object: 'Object Repository/Rate/Page_theworklife - Find Great People To Work With/button_Sign in' is clicked on

2019-12-04 01:20:22 - [MESSAGE][PASSED] - Object: 'Object Repository/Rate/Page_theworklife - Find Great People To Work With/button_Sign in' is clicked on

2019-12-04 01:20:22 - [TEST_STEP][PASSED] - waitForElementPresent(findTestObject("connect with user/Page_Home/a_connections"), 3): Object 'Object Repository/connect with user/Page_Home/a_connections' is present

2019-12-04 01:20:22 - [MESSAGE][PASSED] - Object 'Object Repository/connect with user/Page_Home/a_connections' is present

2019-12-04 01:20:22 - [TEST_STEP][PASSED] - delay(4): Delayed 4 second(s)

2019-12-04 01:20:27 - [MESSAGE][PASSED] - Delayed 4 second(s)

2019-12-04 01:20:27 - [TEST_STEP][PASSED] - click(findTestObject("connect with user/Page_Home/a_connections")): Object: 'Object Repository/connect with user/Page_Home/a_connections' is clicked on

2019-12-04 01:20:30 - [MESSAGE][PASSED] - Object: 'Object Repository/connect with user/Page_Home/a_connections' is clicked on

2019-12-04 01:20:30 - [TEST_STEP][PASSED] - setText(findTestObject("Rate/Page_Home/input_View all_searchText"), "vijay"): Text 'vijay' is set on object 'Object Repository/Rate/Page_Home/input_View all_searchText'

2019-12-04 01:20:31 - [MESSAGE][PASSED] - Text 'vijay' is set on object 'Object Repository/Rate/Page_Home/input_View all_searchText'

2019-12-04 01:20:31 - [TEST_STEP][PASSED] - click(findTestObject("Rate/Page_Home/Search user button")): Object: 'Object Repository/Rate/Page_Home/Search user button' is clicked on

2019-12-04 01:20:38 - [MESSAGE][PASSED] - Object: 'Object Repository/Rate/Page_Home/Search user button' is clicked on

2019-12-04 01:20:38 - [TEST_STEP][PASSED] - click(findTestObject("connect with user/Page_Search/button_Connect")): Object: 'Object Repository/connect with user/Page_Search/button_Connect' is clicked on

2019-12-04 01:20:39 - [MESSAGE][PASSED] - Object: 'Object Repository/connect with user/Page_Search/button_Connect' is clicked on

2019-12-04 01:20:39 - [TEST_STEP][PASSED] - closeBrowser(): Browser is closed

2019-12-04 01:20:42 - [MESSAGE][PASSED] - Browser is closed

2019-12-04 01:20:42 - [TEST_STEP][PASSED] - Start listener action : afterTestcase: Browser is closed

2019-12-04 01:20:42 - [TEST_STEP][PASSED] - closeBrowser(): Browser is closed

2019-12-04 01:20:42 - [MESSAGE][PASSED] - Browser is closed

2019-12-04 01:20:44 - [TEST_STEP][PASSED] - Video: Video recording for test case 'Test Cases/Connect with users' .

2019-12-04 01:20:44 - [MESSAGE][INFO] - Video recording for test case 'Test Cases/Connect with users' .
[[ATTACHMENT|C:\\Users\\Suraj Kumar\\git\\KatalonBDD\\Reports\\20191204_011934\\Regression\\20191204_011934/videos\\test_1.avi]]]]></system-out>
         <system-err><![CDATA[]]></system-err>
      </testcase>
      <testcase name="Test Cases/Accept connection request" time="97.53" classname="Test Cases/Accept connection request" status="FAILED">
         <failure type="FAILED" message="Test Cases/Accept connection request FAILED.
Reason:
com.kms.katalon.core.exception.StepFailedException: Unable to click on object 'Object Repository/connect with user/Page_Search/button_Connect'
	at com.kms.katalon.core.webui.keyword.internal.WebUIKeywordMain.stepFailed(WebUIKeywordMain.groovy:64)
	at com.kms.katalon.core.webui.keyword.internal.WebUIKeywordMain.runKeyword(WebUIKeywordMain.groovy:26)
	at com.kms.katalon.core.webui.keyword.builtin.ClickKeyword.click(ClickKeyword.groovy:103)
	at com.kms.katalon.core.webui.keyword.builtin.ClickKeyword.execute(ClickKeyword.groovy:43)
	at com.kms.katalon.core.keyword.internal.KeywordExecutor.executeKeywordForPlatform(KeywordExecutor.groovy:60)
	at com.kms.katalon.core.webui.keyword.WebUiBuiltInKeywords.click(WebUiBuiltInKeywords.groovy:616)
	at com.kms.katalon.core.webui.keyword.WebUiBuiltInKeywords$click$3.call(Unknown Source)
	at Accept connection request.run(Accept connection request:33)
	at com.kms.katalon.core.main.ScriptEngine.run(ScriptEngine.java:194)
	at com.kms.katalon.core.main.ScriptEngine.runScriptAsRawText(ScriptEngine.java:119)
	at com.kms.katalon.core.main.TestCaseExecutor.runScript(TestCaseExecutor.java:337)
	at com.kms.katalon.core.main.TestCaseExecutor.doExecute(TestCaseExecutor.java:328)
	at com.kms.katalon.core.main.TestCaseExecutor.processExecutionPhase(TestCaseExecutor.java:307)
	at com.kms.katalon.core.main.TestCaseExecutor.accessMainPhase(TestCaseExecutor.java:299)
	at com.kms.katalon.core.main.TestCaseExecutor.execute(TestCaseExecutor.java:233)
	at com.kms.katalon.core.main.TestSuiteExecutor.accessTestCaseMainPhase(TestSuiteExecutor.java:169)
	at com.kms.katalon.core.main.TestSuiteExecutor.accessTestSuiteMainPhase(TestSuiteExecutor.java:142)
	at com.kms.katalon.core.main.TestSuiteExecutor.execute(TestSuiteExecutor.java:91)
	at com.kms.katalon.core.main.TestCaseMain.startTestSuite(TestCaseMain.java:157)
	at com.kms.katalon.core.main.TestCaseMain$startTestSuite$0.call(Unknown Source)
	at TempTestSuite1575402574161.run(TempTestSuite1575402574161.groovy:36)
Caused by: com.kms.katalon.core.webui.exception.WebElementNotFoundException: Web element with id: 'Object Repository/connect with user/Page_Search/button_Connect' located by 'By.xpath: //*[@id = 'btnConnect' and (text() = 'Connect' or . = 'Connect')]' not found
	at com.kms.katalon.core.webui.common.WebUiCommonHelper.findWebElement(WebUiCommonHelper.java:1113)
	at com.kms.katalon.core.webui.keyword.internal.WebUIAbstractKeyword.findWebElement(WebUIAbstractKeyword.groovy:27)
	at com.kms.katalon.core.webui.keyword.internal.WebUIAbstractKeyword.findWebElement(WebUIAbstractKeyword.groovy:26)
	at com.kms.katalon.core.webui.keyword.builtin.ClickKeyword$_click_closure1.doCall(ClickKeyword.groovy:68)
	at com.kms.katalon.core.webui.keyword.builtin.ClickKeyword$_click_closure1.call(ClickKeyword.groovy)
	at com.kms.katalon.core.webui.keyword.internal.WebUIKeywordMain.runKeyword(WebUIKeywordMain.groovy:20)
	... 19 more
"/>
         <system-out><![CDATA[2019-12-04 01:20:44 - [TEST_CASE][FAILED] - Test Cases/Accept connection request: Test Cases/Accept connection request FAILED.
Reason:
com.kms.katalon.core.exception.StepFailedException: Unable to click on object 'Object Repository/connect with user/Page_Search/button_Connect'
	at com.kms.katalon.core.webui.keyword.internal.WebUIKeywordMain.stepFailed(WebUIKeywordMain.groovy:64)
	at com.kms.katalon.core.webui.keyword.internal.WebUIKeywordMain.runKeyword(WebUIKeywordMain.groovy:26)
	at com.kms.katalon.core.webui.keyword.builtin.ClickKeyword.click(ClickKeyword.groovy:103)
	at com.kms.katalon.core.webui.keyword.builtin.ClickKeyword.execute(ClickKeyword.groovy:43)
	at com.kms.katalon.core.keyword.internal.KeywordExecutor.executeKeywordForPlatform(KeywordExecutor.groovy:60)
	at com.kms.katalon.core.webui.keyword.WebUiBuiltInKeywords.click(WebUiBuiltInKeywords.groovy:616)
	at com.kms.katalon.core.webui.keyword.WebUiBuiltInKeywords$click$3.call(Unknown Source)
	at Accept connection request.run(Accept connection request:33)
	at com.kms.katalon.core.main.ScriptEngine.run(ScriptEngine.java:194)
	at com.kms.katalon.core.main.ScriptEngine.runScriptAsRawText(ScriptEngine.java:119)
	at com.kms.katalon.core.main.TestCaseExecutor.runScript(TestCaseExecutor.java:337)
	at com.kms.katalon.core.main.TestCaseExecutor.doExecute(TestCaseExecutor.java:328)
	at com.kms.katalon.core.main.TestCaseExecutor.processExecutionPhase(TestCaseExecutor.java:307)
	at com.kms.katalon.core.main.TestCaseExecutor.accessMainPhase(TestCaseExecutor.java:299)
	at com.kms.katalon.core.main.TestCaseExecutor.execute(TestCaseExecutor.java:233)
	at com.kms.katalon.core.main.TestSuiteExecutor.accessTestCaseMainPhase(TestSuiteExecutor.java:169)
	at com.kms.katalon.core.main.TestSuiteExecutor.accessTestSuiteMainPhase(TestSuiteExecutor.java:142)
	at com.kms.katalon.core.main.TestSuiteExecutor.execute(TestSuiteExecutor.java:91)
	at com.kms.katalon.core.main.TestCaseMain.startTestSuite(TestCaseMain.java:157)
	at com.kms.katalon.core.main.TestCaseMain$startTestSuite$0.call(Unknown Source)
	at TempTestSuite1575402574161.run(TempTestSuite1575402574161.groovy:36)
Caused by: com.kms.katalon.core.webui.exception.WebElementNotFoundException: Web element with id: 'Object Repository/connect with user/Page_Search/button_Connect' located by 'By.xpath: //*[@id = 'btnConnect' and (text() = 'Connect' or . = 'Connect')]' not found
	at com.kms.katalon.core.webui.common.WebUiCommonHelper.findWebElement(WebUiCommonHelper.java:1113)
	at com.kms.katalon.core.webui.keyword.internal.WebUIAbstractKeyword.findWebElement(WebUIAbstractKeyword.groovy:27)
	at com.kms.katalon.core.webui.keyword.internal.WebUIAbstractKeyword.findWebElement(WebUIAbstractKeyword.groovy:26)
	at com.kms.katalon.core.webui.keyword.builtin.ClickKeyword$_click_closure1.doCall(ClickKeyword.groovy:68)
	at com.kms.katalon.core.webui.keyword.builtin.ClickKeyword$_click_closure1.call(ClickKeyword.groovy)
	at com.kms.katalon.core.webui.keyword.internal.WebUIKeywordMain.runKeyword(WebUIKeywordMain.groovy:20)
	... 19 more


2019-12-04 01:20:44 - [TEST_STEP][PASSED] - Start listener action : beforeTestcase: null

2019-12-04 01:20:46 - [TEST_STEP][PASSED] - openBrowser(AppUrl): Browser is opened with url: 'https://qa.thework.life'

2019-12-04 01:20:46 - [MESSAGE][INFO] - Starting 'Firefox' driver

2019-12-04 01:21:02 - [MESSAGE][PASSED] - Browser is opened with url: 'https://qa.thework.life'

2019-12-04 01:21:02 - [TEST_STEP][PASSED] - navigateToUrl(AppUrl): Navigate to 'https://qa.thework.life' successfully

2019-12-04 01:21:06 - [MESSAGE][PASSED] - Navigate to 'https://qa.thework.life' successfully

2019-12-04 01:21:06 - [TEST_STEP][PASSED] - setText(findTestObject("Experience/Page_theworklife - Find Great People To Work With/input_Forgot password_username"), "yamanappa@gmail.com"): Text 'yamanappa@gmail.com' is set on object 'Object Repository/Experience/Page_theworklife - Find Great People To Work With/input_Forgot password_username'

2019-12-04 01:21:06 - [MESSAGE][PASSED] - Text 'yamanappa@gmail.com' is set on object 'Object Repository/Experience/Page_theworklife - Find Great People To Work With/input_Forgot password_username'

2019-12-04 01:21:06 - [TEST_STEP][PASSED] - setEncryptedText(findTestObject("Experience/Page_theworklife - Find Great People To Work With/input_Forgot password_password"), "cvW8qx4B2o3F4VwP/kNsqA=="): Text ****** has been set on object 'Object Repository/Experience/Page_theworklife - Find Great People To Work With/input_Forgot password_password'

2019-12-04 01:21:09 - [MESSAGE][PASSED] - Text ****** has been set on object 'Object Repository/Experience/Page_theworklife - Find Great People To Work With/input_Forgot password_password'

2019-12-04 01:21:09 - [TEST_STEP][PASSED] - click(findTestObject("Object Repository/Rate/Page_theworklife - Find Great People To Work With/button_Sign in")): Object: 'Object Repository/Rate/Page_theworklife - Find Great People To Work With/button_Sign in' is clicked on

2019-12-04 01:21:17 - [MESSAGE][PASSED] - Object: 'Object Repository/Rate/Page_theworklife - Find Great People To Work With/button_Sign in' is clicked on

2019-12-04 01:21:17 - [TEST_STEP][PASSED] - setText(findTestObject("Rate/Page_Home/input_View all_searchText"), "Vijay Test"): Text 'Vijay Test' is set on object 'Object Repository/Rate/Page_Home/input_View all_searchText'

2019-12-04 01:21:18 - [MESSAGE][PASSED] - Text 'Vijay Test' is set on object 'Object Repository/Rate/Page_Home/input_View all_searchText'

2019-12-04 01:21:18 - [TEST_STEP][PASSED] - click(findTestObject("Rate/Page_Home/Search user button")): Object: 'Object Repository/Rate/Page_Home/Search user button' is clicked on

2019-12-04 01:21:29 - [MESSAGE][PASSED] - Object: 'Object Repository/Rate/Page_Home/Search user button' is clicked on

2019-12-04 01:21:29 - [TEST_STEP][FAILED] - click(findTestObject("connect with user/Page_Search/button_Connect")): Unable to click on object 'Object Repository/connect with user/Page_Search/button_Connect' (Root cause: com.kms.katalon.core.exception.StepFailedException: Unable to click on object 'Object Repository/connect with user/Page_Search/button_Connect'
	at com.kms.katalon.core.webui.keyword.internal.WebUIKeywordMain.stepFailed(WebUIKeywordMain.groovy:64)
	at com.kms.katalon.core.webui.keyword.internal.WebUIKeywordMain.runKeyword(WebUIKeywordMain.groovy:26)
	at com.kms.katalon.core.webui.keyword.builtin.ClickKeyword.click(ClickKeyword.groovy:103)
	at com.kms.katalon.core.webui.keyword.builtin.ClickKeyword.execute(ClickKeyword.groovy:43)
	at com.kms.katalon.core.keyword.internal.KeywordExecutor.executeKeywordForPlatform(KeywordExecutor.groovy:60)
	at com.kms.katalon.core.webui.keyword.WebUiBuiltInKeywords.click(WebUiBuiltInKeywords.groovy:616)
	at com.kms.katalon.core.webui.keyword.WebUiBuiltInKeywords$click$3.call(Unknown Source)
	at Accept connection request.run(Accept connection request:33)
	at com.kms.katalon.core.main.ScriptEngine.run(ScriptEngine.java:194)
	at com.kms.katalon.core.main.ScriptEngine.runScriptAsRawText(ScriptEngine.java:119)
	at com.kms.katalon.core.main.TestCaseExecutor.runScript(TestCaseExecutor.java:337)
	at com.kms.katalon.core.main.TestCaseExecutor.doExecute(TestCaseExecutor.java:328)
	at com.kms.katalon.core.main.TestCaseExecutor.processExecutionPhase(TestCaseExecutor.java:307)
	at com.kms.katalon.core.main.TestCaseExecutor.accessMainPhase(TestCaseExecutor.java:299)
	at com.kms.katalon.core.main.TestCaseExecutor.execute(TestCaseExecutor.java:233)
	at com.kms.katalon.core.main.TestSuiteExecutor.accessTestCaseMainPhase(TestSuiteExecutor.java:169)
	at com.kms.katalon.core.main.TestSuiteExecutor.accessTestSuiteMainPhase(TestSuiteExecutor.java:142)
	at com.kms.katalon.core.main.TestSuiteExecutor.execute(TestSuiteExecutor.java:91)
	at com.kms.katalon.core.main.TestCaseMain.startTestSuite(TestCaseMain.java:157)
	at com.kms.katalon.core.main.TestCaseMain$startTestSuite$0.call(Unknown Source)
	at TempTestSuite1575402574161.run(TempTestSuite1575402574161.groovy:36)
Caused by: com.kms.katalon.core.webui.exception.WebElementNotFoundException: Web element with id: 'Object Repository/connect with user/Page_Search/button_Connect' located by 'By.xpath: //*[@id = 'btnConnect' and (text() = 'Connect' or . = 'Connect')]' not found
	at com.kms.katalon.core.webui.common.WebUiCommonHelper.findWebElement(WebUiCommonHelper.java:1113)
	at com.kms.katalon.core.webui.keyword.internal.WebUIAbstractKeyword.findWebElement(WebUIAbstractKeyword.groovy:27)
	at com.kms.katalon.core.webui.keyword.internal.WebUIAbstractKeyword.findWebElement(WebUIAbstractKeyword.groovy:26)
	at com.kms.katalon.core.webui.keyword.builtin.ClickKeyword$_click_closure1.doCall(ClickKeyword.groovy:68)
	at com.kms.katalon.core.webui.keyword.builtin.ClickKeyword$_click_closure1.call(ClickKeyword.groovy)
	at com.kms.katalon.core.webui.keyword.internal.WebUIKeywordMain.runKeyword(WebUIKeywordMain.groovy:20)
	at com.kms.katalon.core.webui.keyword.builtin.ClickKeyword.click(ClickKeyword.groovy:103)
	at com.kms.katalon.core.webui.keyword.builtin.ClickKeyword.execute(ClickKeyword.groovy:43)
	at com.kms.katalon.core.keyword.internal.KeywordExecutor.executeKeywordForPlatform(KeywordExecutor.groovy:60)
	at com.kms.katalon.core.webui.keyword.WebUiBuiltInKeywords.click(WebUiBuiltInKeywords.groovy:616)
	at com.kms.katalon.core.webui.keyword.WebUiBuiltInKeywords$click$3.call(Unknown Source)
	at Script1571562173528.run(Script1571562173528.groovy:33)
	... 13 more
)

2019-12-04 01:22:16 - [MESSAGE][INFO] - Unable to find the element located by 'By.xpath: //*[@id = 'btnConnect' and (text() = 'Connect' or . = 'Connect')]'. Please recheck the objects properties to make sure the desired element is located. 

2019-12-04 01:22:17 - [MESSAGE][FAILED] - Unable to click on object 'Object Repository/connect with user/Page_Search/button_Connect' (Root cause: com.kms.katalon.core.exception.StepFailedException: Unable to click on object 'Object Repository/connect with user/Page_Search/button_Connect'
	at com.kms.katalon.core.webui.keyword.internal.WebUIKeywordMain.stepFailed(WebUIKeywordMain.groovy:64)
	at com.kms.katalon.core.webui.keyword.internal.WebUIKeywordMain.runKeyword(WebUIKeywordMain.groovy:26)
	at com.kms.katalon.core.webui.keyword.builtin.ClickKeyword.click(ClickKeyword.groovy:103)
	at com.kms.katalon.core.webui.keyword.builtin.ClickKeyword.execute(ClickKeyword.groovy:43)
	at com.kms.katalon.core.keyword.internal.KeywordExecutor.executeKeywordForPlatform(KeywordExecutor.groovy:60)
	at com.kms.katalon.core.webui.keyword.WebUiBuiltInKeywords.click(WebUiBuiltInKeywords.groovy:616)
	at com.kms.katalon.core.webui.keyword.WebUiBuiltInKeywords$click$3.call(Unknown Source)
	at Accept connection request.run(Accept connection request:33)
	at com.kms.katalon.core.main.ScriptEngine.run(ScriptEngine.java:194)
	at com.kms.katalon.core.main.ScriptEngine.runScriptAsRawText(ScriptEngine.java:119)
	at com.kms.katalon.core.main.TestCaseExecutor.runScript(TestCaseExecutor.java:337)
	at com.kms.katalon.core.main.TestCaseExecutor.doExecute(TestCaseExecutor.java:328)
	at com.kms.katalon.core.main.TestCaseExecutor.processExecutionPhase(TestCaseExecutor.java:307)
	at com.kms.katalon.core.main.TestCaseExecutor.accessMainPhase(TestCaseExecutor.java:299)
	at com.kms.katalon.core.main.TestCaseExecutor.execute(TestCaseExecutor.java:233)
	at com.kms.katalon.core.main.TestSuiteExecutor.accessTestCaseMainPhase(TestSuiteExecutor.java:169)
	at com.kms.katalon.core.main.TestSuiteExecutor.accessTestSuiteMainPhase(TestSuiteExecutor.java:142)
	at com.kms.katalon.core.main.TestSuiteExecutor.execute(TestSuiteExecutor.java:91)
	at com.kms.katalon.core.main.TestCaseMain.startTestSuite(TestCaseMain.java:157)
	at com.kms.katalon.core.main.TestCaseMain$startTestSuite$0.call(Unknown Source)
	at TempTestSuite1575402574161.run(TempTestSuite1575402574161.groovy:36)
Caused by: com.kms.katalon.core.webui.exception.WebElementNotFoundException: Web element with id: 'Object Repository/connect with user/Page_Search/button_Connect' located by 'By.xpath: //*[@id = 'btnConnect' and (text() = 'Connect' or . = 'Connect')]' not found
	at com.kms.katalon.core.webui.common.WebUiCommonHelper.findWebElement(WebUiCommonHelper.java:1113)
	at com.kms.katalon.core.webui.keyword.internal.WebUIAbstractKeyword.findWebElement(WebUIAbstractKeyword.groovy:27)
	at com.kms.katalon.core.webui.keyword.internal.WebUIAbstractKeyword.findWebElement(WebUIAbstractKeyword.groovy:26)
	at com.kms.katalon.core.webui.keyword.builtin.ClickKeyword$_click_closure1.doCall(ClickKeyword.groovy:68)
	at com.kms.katalon.core.webui.keyword.builtin.ClickKeyword$_click_closure1.call(ClickKeyword.groovy)
	at com.kms.katalon.core.webui.keyword.internal.WebUIKeywordMain.runKeyword(WebUIKeywordMain.groovy:20)
	at com.kms.katalon.core.webui.keyword.builtin.ClickKeyword.click(ClickKeyword.groovy:103)
	at com.kms.katalon.core.webui.keyword.builtin.ClickKeyword.execute(ClickKeyword.groovy:43)
	at com.kms.katalon.core.keyword.internal.KeywordExecutor.executeKeywordForPlatform(KeywordExecutor.groovy:60)
	at com.kms.katalon.core.webui.keyword.WebUiBuiltInKeywords.click(WebUiBuiltInKeywords.groovy:616)
	at com.kms.katalon.core.webui.keyword.WebUiBuiltInKeywords$click$3.call(Unknown Source)
	at Script1571562173528.run(Script1571562173528.groovy:33)
	... 13 more
)
[[ATTACHMENT|C:\\Users\\Suraj Kumar\\git\\KatalonBDD\\Reports\\20191204_011934\\Regression\\20191204_011934\\1575402736955.png]]

2019-12-04 01:22:17 - [TEST_STEP][PASSED] - Start listener action : afterTestcase: Browser is closed

2019-12-04 01:22:17 - [TEST_STEP][PASSED] - closeBrowser(): Browser is closed

2019-12-04 01:22:19 - [MESSAGE][PASSED] - Browser is closed

2019-12-04 01:22:22 - [TEST_STEP][PASSED] - Video: Video recording for test case 'Test Cases/Accept connection request' .

2019-12-04 01:22:22 - [MESSAGE][INFO] - Video recording for test case 'Test Cases/Accept connection request' .
[[ATTACHMENT|C:\\Users\\Suraj Kumar\\git\\KatalonBDD\\Reports\\20191204_011934\\Regression\\20191204_011934/videos\\test_2.avi]]]]></system-out>
         <system-err><![CDATA[2019-12-04 01:20:44 - [TEST_CASE][FAILED] - Test Cases/Accept connection request: Test Cases/Accept connection request FAILED.
Reason:
com.kms.katalon.core.exception.StepFailedException: Unable to click on object 'Object Repository/connect with user/Page_Search/button_Connect'
	at com.kms.katalon.core.webui.keyword.internal.WebUIKeywordMain.stepFailed(WebUIKeywordMain.groovy:64)
	at com.kms.katalon.core.webui.keyword.internal.WebUIKeywordMain.runKeyword(WebUIKeywordMain.groovy:26)
	at com.kms.katalon.core.webui.keyword.builtin.ClickKeyword.click(ClickKeyword.groovy:103)
	at com.kms.katalon.core.webui.keyword.builtin.ClickKeyword.execute(ClickKeyword.groovy:43)
	at com.kms.katalon.core.keyword.internal.KeywordExecutor.executeKeywordForPlatform(KeywordExecutor.groovy:60)
	at com.kms.katalon.core.webui.keyword.WebUiBuiltInKeywords.click(WebUiBuiltInKeywords.groovy:616)
	at com.kms.katalon.core.webui.keyword.WebUiBuiltInKeywords$click$3.call(Unknown Source)
	at Accept connection request.run(Accept connection request:33)
	at com.kms.katalon.core.main.ScriptEngine.run(ScriptEngine.java:194)
	at com.kms.katalon.core.main.ScriptEngine.runScriptAsRawText(ScriptEngine.java:119)
	at com.kms.katalon.core.main.TestCaseExecutor.runScript(TestCaseExecutor.java:337)
	at com.kms.katalon.core.main.TestCaseExecutor.doExecute(TestCaseExecutor.java:328)
	at com.kms.katalon.core.main.TestCaseExecutor.processExecutionPhase(TestCaseExecutor.java:307)
	at com.kms.katalon.core.main.TestCaseExecutor.accessMainPhase(TestCaseExecutor.java:299)
	at com.kms.katalon.core.main.TestCaseExecutor.execute(TestCaseExecutor.java:233)
	at com.kms.katalon.core.main.TestSuiteExecutor.accessTestCaseMainPhase(TestSuiteExecutor.java:169)
	at com.kms.katalon.core.main.TestSuiteExecutor.accessTestSuiteMainPhase(TestSuiteExecutor.java:142)
	at com.kms.katalon.core.main.TestSuiteExecutor.execute(TestSuiteExecutor.java:91)
	at com.kms.katalon.core.main.TestCaseMain.startTestSuite(TestCaseMain.java:157)
	at com.kms.katalon.core.main.TestCaseMain$startTestSuite$0.call(Unknown Source)
	at TempTestSuite1575402574161.run(TempTestSuite1575402574161.groovy:36)
Caused by: com.kms.katalon.core.webui.exception.WebElementNotFoundException: Web element with id: 'Object Repository/connect with user/Page_Search/button_Connect' located by 'By.xpath: //*[@id = 'btnConnect' and (text() = 'Connect' or . = 'Connect')]' not found
	at com.kms.katalon.core.webui.common.WebUiCommonHelper.findWebElement(WebUiCommonHelper.java:1113)
	at com.kms.katalon.core.webui.keyword.internal.WebUIAbstractKeyword.findWebElement(WebUIAbstractKeyword.groovy:27)
	at com.kms.katalon.core.webui.keyword.internal.WebUIAbstractKeyword.findWebElement(WebUIAbstractKeyword.groovy:26)
	at com.kms.katalon.core.webui.keyword.builtin.ClickKeyword$_click_closure1.doCall(ClickKeyword.groovy:68)
	at com.kms.katalon.core.webui.keyword.builtin.ClickKeyword$_click_closure1.call(ClickKeyword.groovy)
	at com.kms.katalon.core.webui.keyword.internal.WebUIKeywordMain.runKeyword(WebUIKeywordMain.groovy:20)
	... 19 more]]></system-err>
      </testcase>
      <testcase name="Test Cases/Flag a post" time="42.829" classname="Test Cases/Flag a post" status="PASSED">
         <system-out><![CDATA[2019-12-04 01:22:22 - [TEST_CASE][PASSED] - Test Cases/Flag a post: Test Cases/Flag a post

2019-12-04 01:22:22 - [TEST_STEP][PASSED] - Start listener action : beforeTestcase: null

2019-12-04 01:22:23 - [TEST_STEP][PASSED] - openBrowser(""): Browser is opened with url: ''

2019-12-04 01:22:23 - [MESSAGE][INFO] - Starting 'Firefox' driver

2019-12-04 01:22:31 - [MESSAGE][PASSED] - Browser is opened with url: ''

2019-12-04 01:22:31 - [TEST_STEP][PASSED] - navigateToUrl("https://qa.thework.life/"): Navigate to 'https://qa.thework.life/' successfully

2019-12-04 01:22:39 - [MESSAGE][PASSED] - Navigate to 'https://qa.thework.life/' successfully

2019-12-04 01:22:39 - [TEST_STEP][PASSED] - setText(findTestObject("Object Repository/flag a post/Page_theworklife - Find Great People To Work With/input_Forgot password_username"), "worklifetest10001@gmail.com"): Text 'worklifetest10001@gmail.com' is set on object 'Object Repository/flag a post/Page_theworklife - Find Great People To Work With/input_Forgot password_username'

2019-12-04 01:22:40 - [MESSAGE][PASSED] - Text 'worklifetest10001@gmail.com' is set on object 'Object Repository/flag a post/Page_theworklife - Find Great People To Work With/input_Forgot password_username'

2019-12-04 01:22:40 - [TEST_STEP][PASSED] - setEncryptedText(findTestObject("Object Repository/flag a post/Page_theworklife - Find Great People To Work With/input_Forgot password_password"), "XU9cBalmEBp1UP+jEU2w4UUBUuNgBY4U"): Text ****** has been set on object 'Object Repository/flag a post/Page_theworklife - Find Great People To Work With/input_Forgot password_password'

2019-12-04 01:22:41 - [MESSAGE][PASSED] - Text ****** has been set on object 'Object Repository/flag a post/Page_theworklife - Find Great People To Work With/input_Forgot password_password'

2019-12-04 01:22:41 - [TEST_STEP][PASSED] - click(findTestObject("Object Repository/flag a post/Page_theworklife - Find Great People To Work With/button_Sign in")): Object: 'Object Repository/flag a post/Page_theworklife - Find Great People To Work With/button_Sign in' is clicked on

2019-12-04 01:22:49 - [MESSAGE][PASSED] - Object: 'Object Repository/flag a post/Page_theworklife - Find Great People To Work With/button_Sign in' is clicked on

2019-12-04 01:22:49 - [TEST_STEP][PASSED] - delay(4): Delayed 4 second(s)

2019-12-04 01:22:53 - [MESSAGE][PASSED] - Delayed 4 second(s)

2019-12-04 01:22:53 - [TEST_STEP][PASSED] - click(findTestObject("flag a post/Page_Home/click flag report")): Object: 'Object Repository/flag a post/Page_Home/click flag report' is clicked on

2019-12-04 01:22:54 - [MESSAGE][PASSED] - Object: 'Object Repository/flag a post/Page_Home/click flag report' is clicked on

2019-12-04 01:22:54 - [TEST_STEP][PASSED] - waitForElementPresent(findTestObject("flag a post/Page_Home/Report New window"), 3): Object 'Object Repository/flag a post/Page_Home/Report New window' is present

2019-12-04 01:22:55 - [MESSAGE][PASSED] - Object 'Object Repository/flag a post/Page_Home/Report New window' is present

2019-12-04 01:22:55 - [TEST_STEP][PASSED] - waitForElementClickable(findTestObject("flag a post/Page_Home/click accusatory"), 3): Object 'Object Repository/flag a post/Page_Home/click accusatory' is clickable

2019-12-04 01:22:56 - [MESSAGE][PASSED] - Object 'Object Repository/flag a post/Page_Home/click accusatory' is clickable

2019-12-04 01:22:56 - [TEST_STEP][PASSED] - click(findTestObject("flag a post/Page_Home/click accusatory")): Object: 'Object Repository/flag a post/Page_Home/click accusatory' is clicked on

2019-12-04 01:22:57 - [MESSAGE][PASSED] - Object: 'Object Repository/flag a post/Page_Home/click accusatory' is clicked on

2019-12-04 01:22:57 - [TEST_STEP][PASSED] - setText(findTestObject("Object Repository/flag a post/Page_Home/textarea_Detail your complaint_txtDetailReport"), "ssgsssfsfsfsffsfsfsfsf"): Text 'ssgsssfsfsfsffsfsfsfsf' is set on object 'Object Repository/flag a post/Page_Home/textarea_Detail your complaint_txtDetailReport'

2019-12-04 01:22:58 - [MESSAGE][PASSED] - Text 'ssgsssfsfsfsffsfsfsfsf' is set on object 'Object Repository/flag a post/Page_Home/textarea_Detail your complaint_txtDetailReport'

2019-12-04 01:22:58 - [TEST_STEP][PASSED] - click(findTestObject("Object Repository/flag a post/Page_Home/button_Submit")): Object: 'Object Repository/flag a post/Page_Home/button_Submit' is clicked on

2019-12-04 01:22:59 - [MESSAGE][PASSED] - Object: 'Object Repository/flag a post/Page_Home/button_Submit' is clicked on

2019-12-04 01:22:59 - [TEST_STEP][PASSED] - click(findTestObject("Object Repository/flag a post/Page_Home/a_OK")): Object: 'Object Repository/flag a post/Page_Home/a_OK' is clicked on

2019-12-04 01:23:00 - [MESSAGE][PASSED] - Object: 'Object Repository/flag a post/Page_Home/a_OK' is clicked on

2019-12-04 01:23:00 - [TEST_STEP][PASSED] - closeBrowser(): Browser is closed

2019-12-04 01:23:02 - [MESSAGE][PASSED] - Browser is closed

2019-12-04 01:23:02 - [TEST_STEP][PASSED] - Start listener action : afterTestcase: Browser is closed

2019-12-04 01:23:02 - [TEST_STEP][PASSED] - closeBrowser(): Browser is closed

2019-12-04 01:23:02 - [MESSAGE][PASSED] - Browser is closed

2019-12-04 01:23:05 - [TEST_STEP][PASSED] - Video: Video recording for test case 'Test Cases/Flag a post' .

2019-12-04 01:23:05 - [MESSAGE][INFO] - Video recording for test case 'Test Cases/Flag a post' .
[[ATTACHMENT|C:\\Users\\Suraj Kumar\\git\\KatalonBDD\\Reports\\20191204_011934\\Regression\\20191204_011934/videos\\test_3.avi]]]]></system-out>
         <system-err><![CDATA[]]></system-err>
      </testcase>
      <testcase name="Test Cases/Flag reviews" time="83.238" classname="Test Cases/Flag reviews" status="PASSED">
         <system-out><![CDATA[2019-12-04 01:23:05 - [TEST_CASE][PASSED] - Test Cases/Flag reviews: Test Cases/Flag reviews

2019-12-04 01:23:05 - [TEST_STEP][PASSED] - Start listener action : beforeTestcase: null

2019-12-04 01:23:06 - [TEST_STEP][PASSED] - openBrowser(AppUrl): Browser is opened with url: 'https://qa.thework.life'

2019-12-04 01:23:06 - [MESSAGE][INFO] - Starting 'Firefox' driver

2019-12-04 01:23:22 - [MESSAGE][PASSED] - Browser is opened with url: 'https://qa.thework.life'

2019-12-04 01:23:22 - [TEST_STEP][PASSED] - navigateToUrl(AppUrl): Navigate to 'https://qa.thework.life' successfully

2019-12-04 01:23:25 - [MESSAGE][PASSED] - Navigate to 'https://qa.thework.life' successfully

2019-12-04 01:23:25 - [TEST_STEP][PASSED] - setText(findTestObject("Object Repository/flag review/Page_theworklife - Find Great People To Work With/input_Forgot password_username"), "vijayvstest01@gmail.com"): Text 'vijayvstest01@gmail.com' is set on object 'Object Repository/flag review/Page_theworklife - Find Great People To Work With/input_Forgot password_username'

2019-12-04 01:23:25 - [MESSAGE][PASSED] - Text 'vijayvstest01@gmail.com' is set on object 'Object Repository/flag review/Page_theworklife - Find Great People To Work With/input_Forgot password_username'

2019-12-04 01:23:25 - [TEST_STEP][PASSED] - setEncryptedText(findTestObject("Object Repository/flag review/Page_theworklife - Find Great People To Work With/input_Forgot password_password"), "cvW8qx4B2o3F4VwP/kNsqA=="): Text ****** has been set on object 'Object Repository/flag review/Page_theworklife - Find Great People To Work With/input_Forgot password_password'

2019-12-04 01:23:26 - [MESSAGE][PASSED] - Text ****** has been set on object 'Object Repository/flag review/Page_theworklife - Find Great People To Work With/input_Forgot password_password'

2019-12-04 01:23:26 - [TEST_STEP][PASSED] - click(findTestObject("Object Repository/Rate/Page_theworklife - Find Great People To Work With/button_Sign in")): Object: 'Object Repository/Rate/Page_theworklife - Find Great People To Work With/button_Sign in' is clicked on

2019-12-04 01:23:32 - [MESSAGE][PASSED] - Object: 'Object Repository/Rate/Page_theworklife - Find Great People To Work With/button_Sign in' is clicked on

2019-12-04 01:23:32 - [TEST_STEP][PASSED] - click(findTestObject("flag review/Click profile")): Object: 'Object Repository/flag review/Click profile' is clicked on

2019-12-04 01:23:58 - [MESSAGE][PASSED] - Object: 'Object Repository/flag review/Click profile' is clicked on

2019-12-04 01:23:58 - [TEST_STEP][PASSED] - click(findTestObject("flag review/click myprofile")): Object: 'Object Repository/flag review/click myprofile' is clicked on

2019-12-04 01:24:03 - [MESSAGE][PASSED] - Object: 'Object Repository/flag review/click myprofile' is clicked on

2019-12-04 01:24:03 - [TEST_STEP][PASSED] - waitForElementClickable(findTestObject("flag review/Page_View Profile/span_Report"), 3): Object 'Object Repository/flag review/Page_View Profile/span_Report' is clickable

2019-12-04 01:24:04 - [MESSAGE][PASSED] - Object 'Object Repository/flag review/Page_View Profile/span_Report' is clickable

2019-12-04 01:24:04 - [TEST_STEP][PASSED] - delay(3): Delayed 3 second(s)

2019-12-04 01:24:07 - [MESSAGE][PASSED] - Delayed 3 second(s)

2019-12-04 01:24:07 - [TEST_STEP][PASSED] - click(findTestObject("flag review/Page_View Profile/click btn-btn report")): Object: 'Object Repository/flag review/Page_View Profile/click btn-btn report' is clicked on

2019-12-04 01:24:08 - [MESSAGE][PASSED] - Object: 'Object Repository/flag review/Page_View Profile/click btn-btn report' is clicked on

2019-12-04 01:24:08 - [TEST_STEP][PASSED] - waitForElementPresent(findTestObject("flag review/Page_theworklife - Find Great People To Work With/Report New window"), 3): Object 'Object Repository/flag review/Page_theworklife - Find Great People To Work With/Report New window' is present

2019-12-04 01:24:09 - [MESSAGE][PASSED] - Object 'Object Repository/flag review/Page_theworklife - Find Great People To Work With/Report New window' is present

2019-12-04 01:24:09 - [TEST_STEP][PASSED] - waitForElementClickable(findTestObject("flag review/Page_View Profile/label_Accusatory"), 3): Object 'Object Repository/flag review/Page_View Profile/label_Accusatory' is clickable

2019-12-04 01:24:09 - [MESSAGE][PASSED] - Object 'Object Repository/flag review/Page_View Profile/label_Accusatory' is clickable

2019-12-04 01:24:09 - [TEST_STEP][PASSED] - delay(3): Delayed 3 second(s)

2019-12-04 01:24:12 - [MESSAGE][PASSED] - Delayed 3 second(s)

2019-12-04 01:24:12 - [TEST_STEP][PASSED] - click(findTestObject("Object Repository/flag review/Page_View Profile/label_Accusatory")): Object: 'Object Repository/flag review/Page_View Profile/label_Accusatory' is clicked on

2019-12-04 01:24:14 - [MESSAGE][PASSED] - Object: 'Object Repository/flag review/Page_View Profile/label_Accusatory' is clicked on

2019-12-04 01:24:14 - [TEST_STEP][PASSED] - delay(3): Delayed 3 second(s)

2019-12-04 01:24:17 - [MESSAGE][PASSED] - Delayed 3 second(s)

2019-12-04 01:24:17 - [TEST_STEP][PASSED] - setText(findTestObject("Object Repository/flag review/Page_View Profile/textarea_Detail your complaint_txtDetailReport"), "i dont like it , i am testing flag reviews"): Text 'i dont like it , i am testing flag reviews' is set on object 'Object Repository/flag review/Page_View Profile/textarea_Detail your complaint_txtDetailReport'

2019-12-04 01:24:17 - [MESSAGE][PASSED] - Text 'i dont like it , i am testing flag reviews' is set on object 'Object Repository/flag review/Page_View Profile/textarea_Detail your complaint_txtDetailReport'

2019-12-04 01:24:17 - [TEST_STEP][PASSED] - click(findTestObject("Object Repository/flag review/Page_View Profile/button_Submit")): Object: 'Object Repository/flag review/Page_View Profile/button_Submit' is clicked on

2019-12-04 01:24:18 - [MESSAGE][PASSED] - Object: 'Object Repository/flag review/Page_View Profile/button_Submit' is clicked on

2019-12-04 01:24:18 - [TEST_STEP][PASSED] - waitForElementClickable(findTestObject("flag review/Page_View Profile/a_OK"), 3): Object 'Object Repository/flag review/Page_View Profile/a_OK' is clickable

2019-12-04 01:24:19 - [MESSAGE][PASSED] - Object 'Object Repository/flag review/Page_View Profile/a_OK' is clickable

2019-12-04 01:24:19 - [TEST_STEP][PASSED] - delay(3): Delayed 3 second(s)

2019-12-04 01:24:22 - [MESSAGE][PASSED] - Delayed 3 second(s)

2019-12-04 01:24:22 - [TEST_STEP][PASSED] - click(findTestObject("Object Repository/flag review/Page_View Profile/a_OK")): Object: 'Object Repository/flag review/Page_View Profile/a_OK' is clicked on

2019-12-04 01:24:23 - [MESSAGE][PASSED] - Object: 'Object Repository/flag review/Page_View Profile/a_OK' is clicked on

2019-12-04 01:24:23 - [TEST_STEP][PASSED] - closeBrowser(): Browser is closed

2019-12-04 01:24:25 - [MESSAGE][PASSED] - Browser is closed

2019-12-04 01:24:25 - [TEST_STEP][PASSED] - Start listener action : afterTestcase: Browser is closed

2019-12-04 01:24:25 - [TEST_STEP][PASSED] - closeBrowser(): Browser is closed

2019-12-04 01:24:25 - [MESSAGE][PASSED] - Browser is closed

2019-12-04 01:24:28 - [TEST_STEP][PASSED] - Video: Video recording for test case 'Test Cases/Flag reviews' .

2019-12-04 01:24:28 - [MESSAGE][INFO] - Video recording for test case 'Test Cases/Flag reviews' .
[[ATTACHMENT|C:\\Users\\Suraj Kumar\\git\\KatalonBDD\\Reports\\20191204_011934\\Regression\\20191204_011934/videos\\test_4.avi]]]]></system-out>
         <system-err><![CDATA[]]></system-err>
      </testcase>
      <testcase name="Test Cases/Follow users" time="73.946" classname="Test Cases/Follow users" status="PASSED">
         <system-out><![CDATA[2019-12-04 01:24:28 - [TEST_CASE][PASSED] - Test Cases/Follow users: Test Cases/Follow users

2019-12-04 01:24:28 - [TEST_STEP][PASSED] - Start listener action : beforeTestcase: null

2019-12-04 01:24:29 - [TEST_STEP][PASSED] - openBrowser(""): Browser is opened with url: ''

2019-12-04 01:24:29 - [MESSAGE][INFO] - Starting 'Firefox' driver

2019-12-04 01:24:36 - [MESSAGE][PASSED] - Browser is opened with url: ''

2019-12-04 01:24:36 - [TEST_STEP][PASSED] - navigateToUrl("https://qa.thework.life/"): Navigate to 'https://qa.thework.life/' successfully

2019-12-04 01:24:47 - [MESSAGE][PASSED] - Navigate to 'https://qa.thework.life/' successfully

2019-12-04 01:24:47 - [TEST_STEP][PASSED] - setText(findTestObject("Object Repository/follow/Page_theworklife - Find Great People To Work With/input_Forgot password_username"), "vijayvstest01@gmail.com"): Text 'vijayvstest01@gmail.com' is set on object 'Object Repository/follow/Page_theworklife - Find Great People To Work With/input_Forgot password_username'

2019-12-04 01:24:48 - [MESSAGE][PASSED] - Text 'vijayvstest01@gmail.com' is set on object 'Object Repository/follow/Page_theworklife - Find Great People To Work With/input_Forgot password_username'

2019-12-04 01:24:48 - [TEST_STEP][PASSED] - setEncryptedText(findTestObject("Object Repository/follow/Page_theworklife - Find Great People To Work With/input_Forgot password_password"), "cvW8qx4B2o3F4VwP/kNsqA=="): Text ****** has been set on object 'Object Repository/follow/Page_theworklife - Find Great People To Work With/input_Forgot password_password'

2019-12-04 01:24:48 - [MESSAGE][PASSED] - Text ****** has been set on object 'Object Repository/follow/Page_theworklife - Find Great People To Work With/input_Forgot password_password'

2019-12-04 01:24:48 - [TEST_STEP][PASSED] - click(findTestObject("Object Repository/follow/Page_theworklife - Find Great People To Work With/button_Sign in")): Object: 'Object Repository/follow/Page_theworklife - Find Great People To Work With/button_Sign in' is clicked on

2019-12-04 01:24:54 - [MESSAGE][PASSED] - Object: 'Object Repository/follow/Page_theworklife - Find Great People To Work With/button_Sign in' is clicked on

2019-12-04 01:24:54 - [TEST_STEP][PASSED] - setText(findTestObject("Object Repository/follow/Page_Home/input_View all_searchText"), "suraj kumar"): Text 'suraj kumar' is set on object 'Object Repository/follow/Page_Home/input_View all_searchText'

2019-12-04 01:24:57 - [MESSAGE][PASSED] - Text 'suraj kumar' is set on object 'Object Repository/follow/Page_Home/input_View all_searchText'

2019-12-04 01:24:57 - [TEST_STEP][PASSED] - click(findTestObject("Object Repository/follow/Page_Home/img")): Object: 'Object Repository/follow/Page_Home/img' is clicked on

2019-12-04 01:25:07 - [MESSAGE][PASSED] - Object: 'Object Repository/follow/Page_Home/img' is clicked on

2019-12-04 01:25:07 - [TEST_STEP][PASSED] - click(findTestObject("Object Repository/follow/Page_Search/div_suraj kumar")): Object: 'Object Repository/follow/Page_Search/div_suraj kumar' is clicked on

2019-12-04 01:25:08 - [MESSAGE][PASSED] - Object: 'Object Repository/follow/Page_Search/div_suraj kumar' is clicked on

2019-12-04 01:25:08 - [TEST_STEP][PASSED] - delay(2): Delayed 2 second(s)

2019-12-04 01:25:10 - [MESSAGE][PASSED] - Delayed 2 second(s)

2019-12-04 01:25:10 - [TEST_STEP][PASSED] - click(findTestObject("Object Repository/follow/Page_View Profile/button_Follow")): Object: 'Object Repository/follow/Page_View Profile/button_Follow' is clicked on

2019-12-04 01:25:26 - [MESSAGE][PASSED] - Object: 'Object Repository/follow/Page_View Profile/button_Follow' is clicked on

2019-12-04 01:25:26 - [TEST_STEP][PASSED] - delay(10): Delayed 10 second(s)

2019-12-04 01:25:36 - [MESSAGE][PASSED] - Delayed 10 second(s)

2019-12-04 01:25:36 - [TEST_STEP][PASSED] - click(findTestObject("Object Repository/follow/Page_View Profile/button_Unfollow")): Object: 'Object Repository/follow/Page_View Profile/button_Unfollow' is clicked on

2019-12-04 01:25:37 - [MESSAGE][PASSED] - Object: 'Object Repository/follow/Page_View Profile/button_Unfollow' is clicked on

2019-12-04 01:25:37 - [TEST_STEP][PASSED] - closeBrowser(): Browser is closed

2019-12-04 01:25:39 - [MESSAGE][PASSED] - Browser is closed

2019-12-04 01:25:39 - [TEST_STEP][PASSED] - Start listener action : afterTestcase: Browser is closed

2019-12-04 01:25:39 - [TEST_STEP][PASSED] - closeBrowser(): Browser is closed

2019-12-04 01:25:39 - [MESSAGE][PASSED] - Browser is closed

2019-12-04 01:25:42 - [TEST_STEP][PASSED] - Video: Video recording for test case 'Test Cases/Follow users' .

2019-12-04 01:25:42 - [MESSAGE][INFO] - Video recording for test case 'Test Cases/Follow users' .
[[ATTACHMENT|C:\\Users\\Suraj Kumar\\git\\KatalonBDD\\Reports\\20191204_011934\\Regression\\20191204_011934/videos\\test_5.avi]]]]></system-out>
         <system-err><![CDATA[]]></system-err>
      </testcase>
      <testcase name="Test Cases/Endorse skills" time="62.14" classname="Test Cases/Endorse skills" status="PASSED">
         <system-out><![CDATA[2019-12-04 01:25:42 - [TEST_CASE][PASSED] - Test Cases/Endorse skills: Test Cases/Endorse skills

2019-12-04 01:25:42 - [TEST_STEP][PASSED] - Start listener action : beforeTestcase: null

2019-12-04 01:25:43 - [TEST_STEP][PASSED] - openBrowser(AppUrl): Browser is opened with url: 'https://qa.thework.life'

2019-12-04 01:25:43 - [MESSAGE][INFO] - Starting 'Firefox' driver

2019-12-04 01:25:58 - [MESSAGE][PASSED] - Browser is opened with url: 'https://qa.thework.life'

2019-12-04 01:25:58 - [TEST_STEP][PASSED] - navigateToUrl(AppUrl): Navigate to 'https://qa.thework.life' successfully

2019-12-04 01:26:00 - [MESSAGE][PASSED] - Navigate to 'https://qa.thework.life' successfully

2019-12-04 01:26:00 - [TEST_STEP][PASSED] - setText(findTestObject("Object Repository/Endorse skills/Page_theworklife - Find Great People To Work With/input_Forgot password_username"), "worklifetest10001@gmail.com"): Text 'worklifetest10001@gmail.com' is set on object 'Object Repository/Endorse skills/Page_theworklife - Find Great People To Work With/input_Forgot password_username'

2019-12-04 01:26:01 - [MESSAGE][PASSED] - Text 'worklifetest10001@gmail.com' is set on object 'Object Repository/Endorse skills/Page_theworklife - Find Great People To Work With/input_Forgot password_username'

2019-12-04 01:26:01 - [TEST_STEP][PASSED] - setEncryptedText(findTestObject("Object Repository/Endorse skills/Page_theworklife - Find Great People To Work With/input_Forgot password_password"), "XU9cBalmEBp1UP+jEU2w4UUBUuNgBY4U"): Text ****** has been set on object 'Object Repository/Endorse skills/Page_theworklife - Find Great People To Work With/input_Forgot password_password'

2019-12-04 01:26:02 - [MESSAGE][PASSED] - Text ****** has been set on object 'Object Repository/Endorse skills/Page_theworklife - Find Great People To Work With/input_Forgot password_password'

2019-12-04 01:26:02 - [TEST_STEP][PASSED] - click(findTestObject("Object Repository/Rate/Page_theworklife - Find Great People To Work With/button_Sign in")): Object: 'Object Repository/Rate/Page_theworklife - Find Great People To Work With/button_Sign in' is clicked on

2019-12-04 01:26:10 - [MESSAGE][PASSED] - Object: 'Object Repository/Rate/Page_theworklife - Find Great People To Work With/button_Sign in' is clicked on

2019-12-04 01:26:10 - [TEST_STEP][PASSED] - setText(findTestObject("Object Repository/Endorse skills/Page_Home/input_View all_searchText"), "vijay"): Text 'vijay' is set on object 'Object Repository/Endorse skills/Page_Home/input_View all_searchText'

2019-12-04 01:26:10 - [MESSAGE][PASSED] - Text 'vijay' is set on object 'Object Repository/Endorse skills/Page_Home/input_View all_searchText'

2019-12-04 01:26:10 - [TEST_STEP][PASSED] - delay(3): Delayed 3 second(s)

2019-12-04 01:26:13 - [MESSAGE][PASSED] - Delayed 3 second(s)

2019-12-04 01:26:13 - [TEST_STEP][PASSED] - click(findTestObject("Object Repository/Endorse skills/Page_Search/div_Vijay Test")): Object: 'Object Repository/Endorse skills/Page_Search/div_Vijay Test' is clicked on

2019-12-04 01:26:19 - [MESSAGE][PASSED] - Object: 'Object Repository/Endorse skills/Page_Search/div_Vijay Test' is clicked on

2019-12-04 01:26:19 - [TEST_STEP][PASSED] - click(findTestObject("Endorse skills/Page_Search/search vijay test")): Object: 'Object Repository/Endorse skills/Page_Search/search vijay test' is clicked on

2019-12-04 01:26:20 - [MESSAGE][PASSED] - Object: 'Object Repository/Endorse skills/Page_Search/search vijay test' is clicked on

2019-12-04 01:26:20 - [TEST_STEP][PASSED] - delay(5): Delayed 5 second(s)

2019-12-04 01:26:25 - [MESSAGE][PASSED] - Delayed 5 second(s)

2019-12-04 01:26:25 - [TEST_STEP][PASSED] - click(findTestObject("Object Repository/Endorse skills/Page_View Profile/span_Endorse Skills")): Object: 'Object Repository/Endorse skills/Page_View Profile/span_Endorse Skills' is clicked on

2019-12-04 01:26:26 - [MESSAGE][PASSED] - Object: 'Object Repository/Endorse skills/Page_View Profile/span_Endorse Skills' is clicked on

2019-12-04 01:26:26 - [TEST_STEP][NOT_RUN] - delay(5): NOT_RUN: delay(5)

2019-12-04 01:26:26 - [MESSAGE][NOT_RUN] - NOT_RUN: delay(5)

2019-12-04 01:26:26 - [TEST_STEP][NOT_RUN] - waitForElementClickable(findTestObject("Endorse skills/click on endorse skill"), 5): NOT_RUN: waitForElementClickable(findTestObject("Endorse skills/click on endorse skill"), 5)

2019-12-04 01:26:26 - [MESSAGE][NOT_RUN] - NOT_RUN: waitForElementClickable(findTestObject("Endorse skills/click on endorse skill"), 5)

2019-12-04 01:26:26 - [TEST_STEP][NOT_RUN] - click(findTestObject("Endorse skills/click on endorse skill")): NOT_RUN: click(findTestObject("Endorse skills/click on endorse skill"))

2019-12-04 01:26:26 - [MESSAGE][NOT_RUN] - NOT_RUN: click(findTestObject("Endorse skills/click on endorse skill"))

2019-12-04 01:26:26 - [TEST_STEP][PASSED] - delay(5): Delayed 5 second(s)

2019-12-04 01:26:31 - [MESSAGE][PASSED] - Delayed 5 second(s)

2019-12-04 01:26:31 - [TEST_STEP][PASSED] - click(findTestObject("Endorse skills/Page_View Profile/button_Endorse")): Object: 'Object Repository/Endorse skills/Page_View Profile/button_Endorse' is clicked on

2019-12-04 01:26:32 - [MESSAGE][PASSED] - Object: 'Object Repository/Endorse skills/Page_View Profile/button_Endorse' is clicked on

2019-12-04 01:26:32 - [TEST_STEP][PASSED] - waitForElementClickable(findTestObject("Endorse skills/Page_View Profile/a_OK"), 5): Object 'Object Repository/Endorse skills/Page_View Profile/a_OK' is clickable

2019-12-04 01:26:33 - [MESSAGE][PASSED] - Object 'Object Repository/Endorse skills/Page_View Profile/a_OK' is clickable

2019-12-04 01:26:33 - [TEST_STEP][PASSED] - delay(5): Delayed 5 second(s)

2019-12-04 01:26:38 - [MESSAGE][PASSED] - Delayed 5 second(s)

2019-12-04 01:26:38 - [TEST_STEP][PASSED] - click(findTestObject("Object Repository/Endorse skills/Page_View Profile/a_OK")): Object: 'Object Repository/Endorse skills/Page_View Profile/a_OK' is clicked on

2019-12-04 01:26:39 - [MESSAGE][PASSED] - Object: 'Object Repository/Endorse skills/Page_View Profile/a_OK' is clicked on

2019-12-04 01:26:39 - [TEST_STEP][PASSED] - closeBrowser(): Browser is closed

2019-12-04 01:26:41 - [MESSAGE][PASSED] - Browser is closed

2019-12-04 01:26:41 - [TEST_STEP][PASSED] - Start listener action : afterTestcase: Browser is closed

2019-12-04 01:26:41 - [TEST_STEP][PASSED] - closeBrowser(): Browser is closed

2019-12-04 01:26:41 - [MESSAGE][PASSED] - Browser is closed

2019-12-04 01:26:44 - [TEST_STEP][PASSED] - Video: Video recording for test case 'Test Cases/Endorse skills' .

2019-12-04 01:26:44 - [MESSAGE][INFO] - Video recording for test case 'Test Cases/Endorse skills' .
[[ATTACHMENT|C:\\Users\\Suraj Kumar\\git\\KatalonBDD\\Reports\\20191204_011934\\Regression\\20191204_011934/videos\\test_6.avi]]]]></system-out>
         <system-err><![CDATA[]]></system-err>
      </testcase>
      <testcase name="Test Cases/New regression cases/change email verification" time="53.844" classname="Test Cases/New regression cases/change email verification" status="PASSED">
         <system-out><![CDATA[2019-12-04 01:26:44 - [TEST_CASE][PASSED] - Test Cases/New regression cases/change email verification: Test Cases/New regression cases/change email verification

2019-12-04 01:26:44 - [TEST_STEP][PASSED] - Start listener action : beforeTestcase: null

2019-12-04 01:26:45 - [TEST_STEP][PASSED] - openBrowser(""): Browser is opened with url: ''

2019-12-04 01:26:45 - [MESSAGE][INFO] - Starting 'Firefox' driver

2019-12-04 01:26:51 - [MESSAGE][PASSED] - Browser is opened with url: ''

2019-12-04 01:26:51 - [TEST_STEP][PASSED] - navigateToUrl("https://qa.thework.life/"): Navigate to 'https://qa.thework.life/' successfully

2019-12-04 01:27:00 - [MESSAGE][PASSED] - Navigate to 'https://qa.thework.life/' successfully

2019-12-04 01:27:00 - [TEST_STEP][PASSED] - currentPassword = "Test@123": null

2019-12-04 01:27:00 - [TEST_STEP][PASSED] - curentEmail = "newsuraj10001@gmail.com": null

2019-12-04 01:27:00 - [TEST_STEP][PASSED] - NewEmail = "suraj.kumar@vuclip.com": null

2019-12-04 01:27:00 - [TEST_STEP][PASSED] - setText(findTestObject("change setttings/Page_theworklife - Find Great People To Work With/input_Forgot password_username"), "newsuraj10001@gmail.com"): Text 'newsuraj10001@gmail.com' is set on object 'Object Repository/change setttings/Page_theworklife - Find Great People To Work With/input_Forgot password_username'

2019-12-04 01:27:00 - [MESSAGE][PASSED] - Text 'newsuraj10001@gmail.com' is set on object 'Object Repository/change setttings/Page_theworklife - Find Great People To Work With/input_Forgot password_username'

2019-12-04 01:27:00 - [TEST_STEP][PASSED] - setText(findTestObject("change setttings/Page_theworklife - Find Great People To Work With/input_Forgot password_password"), currentPassword): Text 'Test@123' is set on object 'Object Repository/change setttings/Page_theworklife - Find Great People To Work With/input_Forgot password_password'

2019-12-04 01:27:01 - [MESSAGE][PASSED] - Text 'Test@123' is set on object 'Object Repository/change setttings/Page_theworklife - Find Great People To Work With/input_Forgot password_password'

2019-12-04 01:27:01 - [TEST_STEP][PASSED] - click(findTestObject("change setttings/Page_theworklife - Find Great People To Work With/button_Sign in")): Object: 'Object Repository/change setttings/Page_theworklife - Find Great People To Work With/button_Sign in' is clicked on

2019-12-04 01:27:09 - [MESSAGE][PASSED] - Object: 'Object Repository/change setttings/Page_theworklife - Find Great People To Work With/button_Sign in' is clicked on

2019-12-04 01:27:09 - [TEST_STEP][PASSED] - delay(3): Delayed 3 second(s)

2019-12-04 01:27:12 - [MESSAGE][PASSED] - Delayed 3 second(s)

2019-12-04 01:27:12 - [TEST_STEP][PASSED] - click(findTestObject("change settings/Page_Home/i_Settings_fa fa-gear")): Object: 'Object Repository/change settings/Page_Home/i_Settings_fa fa-gear' is clicked on

2019-12-04 01:27:13 - [MESSAGE][PASSED] - Object: 'Object Repository/change settings/Page_Home/i_Settings_fa fa-gear' is clicked on

2019-12-04 01:27:13 - [TEST_STEP][PASSED] - click(findTestObject("change setttings/Page_Home/a_Settings")): Object: 'Object Repository/change setttings/Page_Home/a_Settings' is clicked on

2019-12-04 01:27:16 - [MESSAGE][PASSED] - Object: 'Object Repository/change setttings/Page_Home/a_Settings' is clicked on

2019-12-04 01:27:16 - [TEST_STEP][PASSED] - delay(4): Delayed 4 second(s)

2019-12-04 01:27:20 - [MESSAGE][PASSED] - Delayed 4 second(s)

2019-12-04 01:27:20 - [TEST_STEP][PASSED] - click(findTestObject("Object Repository/change settings/Page_Settings/a_Primary Email Address_fa fa-pencil m-t-40")): Object: 'Object Repository/change settings/Page_Settings/a_Primary Email Address_fa fa-pencil m-t-40' is clicked on

2019-12-04 01:27:21 - [MESSAGE][PASSED] - Object: 'Object Repository/change settings/Page_Settings/a_Primary Email Address_fa fa-pencil m-t-40' is clicked on

2019-12-04 01:27:21 - [TEST_STEP][PASSED] - click(findTestObject("change settings/Page_Settings/edit email button")): Object: 'Object Repository/change settings/Page_Settings/edit email button' is clicked on

2019-12-04 01:27:24 - [MESSAGE][PASSED] - Object: 'Object Repository/change settings/Page_Settings/edit email button' is clicked on

2019-12-04 01:27:24 - [TEST_STEP][PASSED] - delay(4): Delayed 4 second(s)

2019-12-04 01:27:28 - [MESSAGE][PASSED] - Delayed 4 second(s)

2019-12-04 01:27:28 - [TEST_STEP][PASSED] - setText(findTestObject("Object Repository/change settings/Page_Change Primary Email/input_Current password_oldPassword"), currentPassword): Text 'Test@123' is set on object 'Object Repository/change settings/Page_Change Primary Email/input_Current password_oldPassword'

2019-12-04 01:27:29 - [MESSAGE][PASSED] - Text 'Test@123' is set on object 'Object Repository/change settings/Page_Change Primary Email/input_Current password_oldPassword'

2019-12-04 01:27:29 - [TEST_STEP][PASSED] - setText(findTestObject("Object Repository/change settings/Page_Change Primary Email/input_New email_email"), NewEmail): Text 'suraj.kumar@vuclip.com' is set on object 'Object Repository/change settings/Page_Change Primary Email/input_New email_email'

2019-12-04 01:27:29 - [MESSAGE][PASSED] - Text 'suraj.kumar@vuclip.com' is set on object 'Object Repository/change settings/Page_Change Primary Email/input_New email_email'

2019-12-04 01:27:29 - [TEST_STEP][PASSED] - setText(findTestObject("Object Repository/change settings/Page_Change Primary Email/input_Confirm new email_confirm_email"), NewEmail): Text 'suraj.kumar@vuclip.com' is set on object 'Object Repository/change settings/Page_Change Primary Email/input_Confirm new email_confirm_email'

2019-12-04 01:27:30 - [MESSAGE][PASSED] - Text 'suraj.kumar@vuclip.com' is set on object 'Object Repository/change settings/Page_Change Primary Email/input_Confirm new email_confirm_email'

2019-12-04 01:27:30 - [TEST_STEP][NOT_RUN] - click(findTestObject("change settings/save and verify email")): NOT_RUN: click(findTestObject("change settings/save and verify email"))

2019-12-04 01:27:30 - [MESSAGE][NOT_RUN] - NOT_RUN: click(findTestObject("change settings/save and verify email"))

2019-12-04 01:27:30 - [TEST_STEP][PASSED] - delay(2): Delayed 2 second(s)

2019-12-04 01:27:33 - [MESSAGE][PASSED] - Delayed 2 second(s)

2019-12-04 01:27:33 - [TEST_STEP][PASSED] - closeBrowser(): Browser is closed

2019-12-04 01:27:35 - [MESSAGE][PASSED] - Browser is closed

2019-12-04 01:27:35 - [TEST_STEP][PASSED] - Start listener action : afterTestcase: Browser is closed

2019-12-04 01:27:35 - [TEST_STEP][PASSED] - closeBrowser(): Browser is closed

2019-12-04 01:27:35 - [MESSAGE][PASSED] - Browser is closed

2019-12-04 01:27:38 - [TEST_STEP][PASSED] - Video: Video recording for test case 'Test Cases/New regression cases/change email verification' .

2019-12-04 01:27:38 - [MESSAGE][INFO] - Video recording for test case 'Test Cases/New regression cases/change email verification' .
[[ATTACHMENT|C:\\Users\\Suraj Kumar\\git\\KatalonBDD\\Reports\\20191204_011934\\Regression\\20191204_011934/videos\\test_7.avi]]]]></system-out>
         <system-err><![CDATA[]]></system-err>
      </testcase>
      <testcase name="Test Cases/New regression cases/change setting verification" time="72.638" classname="Test Cases/New regression cases/change setting verification" status="PASSED">
         <system-out><![CDATA[2019-12-04 01:27:38 - [TEST_CASE][PASSED] - Test Cases/New regression cases/change setting verification: Test Cases/New regression cases/change setting verification

2019-12-04 01:27:38 - [TEST_STEP][PASSED] - Start listener action : beforeTestcase: null

2019-12-04 01:27:38 - [TEST_STEP][PASSED] - openBrowser(""): Browser is opened with url: ''

2019-12-04 01:27:38 - [MESSAGE][INFO] - Starting 'Firefox' driver

2019-12-04 01:27:46 - [MESSAGE][PASSED] - Browser is opened with url: ''

2019-12-04 01:27:46 - [TEST_STEP][PASSED] - navigateToUrl("https://qa.thework.life/"): Navigate to 'https://qa.thework.life/' successfully

2019-12-04 01:27:54 - [MESSAGE][PASSED] - Navigate to 'https://qa.thework.life/' successfully

2019-12-04 01:27:54 - [TEST_STEP][PASSED] - currentPassword = "Test@123": null

2019-12-04 01:27:54 - [TEST_STEP][PASSED] - newPassword = "Test@1234": null

2019-12-04 01:27:54 - [TEST_STEP][PASSED] - setText(findTestObject("change setttings/Page_theworklife - Find Great People To Work With/input_Forgot password_username"), "newsuraj10001@gmail.com"): Text 'newsuraj10001@gmail.com' is set on object 'Object Repository/change setttings/Page_theworklife - Find Great People To Work With/input_Forgot password_username'

2019-12-04 01:27:54 - [MESSAGE][PASSED] - Text 'newsuraj10001@gmail.com' is set on object 'Object Repository/change setttings/Page_theworklife - Find Great People To Work With/input_Forgot password_username'

2019-12-04 01:27:54 - [TEST_STEP][PASSED] - setText(findTestObject("change setttings/Page_theworklife - Find Great People To Work With/input_Forgot password_password"), currentPassword): Text 'Test@123' is set on object 'Object Repository/change setttings/Page_theworklife - Find Great People To Work With/input_Forgot password_password'

2019-12-04 01:27:55 - [MESSAGE][PASSED] - Text 'Test@123' is set on object 'Object Repository/change setttings/Page_theworklife - Find Great People To Work With/input_Forgot password_password'

2019-12-04 01:27:55 - [TEST_STEP][PASSED] - click(findTestObject("change setttings/Page_theworklife - Find Great People To Work With/button_Sign in")): Object: 'Object Repository/change setttings/Page_theworklife - Find Great People To Work With/button_Sign in' is clicked on

2019-12-04 01:28:07 - [MESSAGE][PASSED] - Object: 'Object Repository/change setttings/Page_theworklife - Find Great People To Work With/button_Sign in' is clicked on

2019-12-04 01:28:07 - [TEST_STEP][PASSED] - delay(3): Delayed 3 second(s)

2019-12-04 01:28:10 - [MESSAGE][PASSED] - Delayed 3 second(s)

2019-12-04 01:28:10 - [TEST_STEP][PASSED] - click(findTestObject("change settings/Page_Home/i_Settings_fa fa-gear")): Object: 'Object Repository/change settings/Page_Home/i_Settings_fa fa-gear' is clicked on

2019-12-04 01:28:11 - [MESSAGE][PASSED] - Object: 'Object Repository/change settings/Page_Home/i_Settings_fa fa-gear' is clicked on

2019-12-04 01:28:11 - [TEST_STEP][PASSED] - click(findTestObject("change setttings/Page_Home/a_Settings")): Object: 'Object Repository/change setttings/Page_Home/a_Settings' is clicked on

2019-12-04 01:28:14 - [MESSAGE][PASSED] - Object: 'Object Repository/change setttings/Page_Home/a_Settings' is clicked on

2019-12-04 01:28:14 - [TEST_STEP][NOT_RUN] - delay(4): NOT_RUN: delay(4)

2019-12-04 01:28:14 - [MESSAGE][NOT_RUN] - NOT_RUN: delay(4)

2019-12-04 01:28:14 - [TEST_STEP][NOT_RUN] - click(findTestObject("Object Repository/change settings/Page_Settings/a_Primary Email Address_fa fa-pencil m-t-40")): NOT_RUN: click(findTestObject("Object Repository/change settings/Page_Settings/a_Primary Email Address_fa fa-pencil m-t-40"))

2019-12-04 01:28:14 - [MESSAGE][NOT_RUN] - NOT_RUN: click(findTestObject("Object Repository/change settings/Page_Settings/a_Primary Email Address_fa fa-pencil m-t-40"))

2019-12-04 01:28:14 - [TEST_STEP][NOT_RUN] - click(findTestObject("change settings/Page_Settings/edit email button")): NOT_RUN: click(findTestObject("change settings/Page_Settings/edit email button"))

2019-12-04 01:28:14 - [MESSAGE][NOT_RUN] - NOT_RUN: click(findTestObject("change settings/Page_Settings/edit email button"))

2019-12-04 01:28:14 - [TEST_STEP][NOT_RUN] - delay(4): NOT_RUN: delay(4)

2019-12-04 01:28:14 - [MESSAGE][NOT_RUN] - NOT_RUN: delay(4)

2019-12-04 01:28:14 - [TEST_STEP][NOT_RUN] - setText(findTestObject("Object Repository/change settings/Page_Change Primary Email/input_Current password_oldPassword"), currentPassword): NOT_RUN: setText(findTestObject("Object Repository/change settings/Page_Change Primary Email/input_Current password_oldPassword"), currentPassword)

2019-12-04 01:28:14 - [MESSAGE][NOT_RUN] - NOT_RUN: setText(findTestObject("Object Repository/change settings/Page_Change Primary Email/input_Current password_oldPassword"), currentPassword)

2019-12-04 01:28:14 - [TEST_STEP][NOT_RUN] - setText(findTestObject("Object Repository/change settings/Page_Change Primary Email/input_New email_email"), "skfjksfvskf"): NOT_RUN: setText(findTestObject("Object Repository/change settings/Page_Change Primary Email/input_New email_email"), "skfjksfvskf")

2019-12-04 01:28:14 - [MESSAGE][NOT_RUN] - NOT_RUN: setText(findTestObject("Object Repository/change settings/Page_Change Primary Email/input_New email_email"), "skfjksfvskf")

2019-12-04 01:28:14 - [TEST_STEP][NOT_RUN] - setText(findTestObject("Object Repository/change settings/Page_Change Primary Email/input_Confirm new email_confirm_email"), "fgjkfkgf"): NOT_RUN: setText(findTestObject("Object Repository/change settings/Page_Change Primary Email/input_Confirm new email_confirm_email"), "fgjkfkgf")

2019-12-04 01:28:14 - [MESSAGE][NOT_RUN] - NOT_RUN: setText(findTestObject("Object Repository/change settings/Page_Change Primary Email/input_Confirm new email_confirm_email"), "fgjkfkgf")

2019-12-04 01:28:14 - [TEST_STEP][NOT_RUN] - click(findTestObject("change settings/Page_Home/i_Settings_fa fa-gear")): NOT_RUN: click(findTestObject("change settings/Page_Home/i_Settings_fa fa-gear"))

2019-12-04 01:28:14 - [MESSAGE][NOT_RUN] - NOT_RUN: click(findTestObject("change settings/Page_Home/i_Settings_fa fa-gear"))

2019-12-04 01:28:14 - [TEST_STEP][NOT_RUN] - click(findTestObject("change setttings/Page_Home/a_Settings")): NOT_RUN: click(findTestObject("change setttings/Page_Home/a_Settings"))

2019-12-04 01:28:14 - [MESSAGE][NOT_RUN] - NOT_RUN: click(findTestObject("change setttings/Page_Home/a_Settings"))

2019-12-04 01:28:14 - [TEST_STEP][PASSED] - delay(3): Delayed 3 second(s)

2019-12-04 01:28:17 - [MESSAGE][PASSED] - Delayed 3 second(s)

2019-12-04 01:28:17 - [TEST_STEP][PASSED] - setText(findTestObject("Object Repository/change settings/Page_Settings/input_Current password_oldPassword"), currentPassword): Text 'Test@123' is set on object 'Object Repository/change settings/Page_Settings/input_Current password_oldPassword'

2019-12-04 01:28:18 - [MESSAGE][PASSED] - Text 'Test@123' is set on object 'Object Repository/change settings/Page_Settings/input_Current password_oldPassword'

2019-12-04 01:28:18 - [TEST_STEP][PASSED] - setText(findTestObject("Object Repository/change settings/Page_Settings/input_New password_password"), newPassword): Text 'Test@1234' is set on object 'Object Repository/change settings/Page_Settings/input_New password_password'

2019-12-04 01:28:18 - [MESSAGE][PASSED] - Text 'Test@1234' is set on object 'Object Repository/change settings/Page_Settings/input_New password_password'

2019-12-04 01:28:18 - [TEST_STEP][PASSED] - setText(findTestObject("Object Repository/change settings/Page_Settings/input_Retype new password_confirm_password"), newPassword): Text 'Test@1234' is set on object 'Object Repository/change settings/Page_Settings/input_Retype new password_confirm_password'

2019-12-04 01:28:19 - [MESSAGE][PASSED] - Text 'Test@1234' is set on object 'Object Repository/change settings/Page_Settings/input_Retype new password_confirm_password'

2019-12-04 01:28:19 - [TEST_STEP][NOT_RUN] - click(findTestObject("Object Repository/change settings/Page_Settings/button_Reset")): NOT_RUN: click(findTestObject("Object Repository/change settings/Page_Settings/button_Reset"))

2019-12-04 01:28:19 - [MESSAGE][NOT_RUN] - NOT_RUN: click(findTestObject("Object Repository/change settings/Page_Settings/button_Reset"))

2019-12-04 01:28:19 - [TEST_STEP][PASSED] - click(findTestObject("change settings/Page_Settings/button_Save")): Object: 'Object Repository/change settings/Page_Settings/button_Save' is clicked on

2019-12-04 01:28:20 - [MESSAGE][PASSED] - Object: 'Object Repository/change settings/Page_Settings/button_Save' is clicked on

2019-12-04 01:28:20 - [TEST_STEP][PASSED] - click(findTestObject("change settings/Page_Settings/a_OK")): Object: 'Object Repository/change settings/Page_Settings/a_OK' is clicked on

2019-12-04 01:28:21 - [MESSAGE][PASSED] - Object: 'Object Repository/change settings/Page_Settings/a_OK' is clicked on

2019-12-04 01:28:21 - [TEST_STEP][PASSED] - delay(2): Delayed 2 second(s)

2019-12-04 01:28:23 - [MESSAGE][PASSED] - Delayed 2 second(s)

2019-12-04 01:28:23 - [TEST_STEP][PASSED] - setText(findTestObject("change setttings/Page_theworklife - Find Great People To Work With/input_Forgot password_username"), "newsuraj10001@gmail.com"): Text 'newsuraj10001@gmail.com' is set on object 'Object Repository/change setttings/Page_theworklife - Find Great People To Work With/input_Forgot password_username'

2019-12-04 01:28:25 - [MESSAGE][PASSED] - Text 'newsuraj10001@gmail.com' is set on object 'Object Repository/change setttings/Page_theworklife - Find Great People To Work With/input_Forgot password_username'

2019-12-04 01:28:25 - [TEST_STEP][PASSED] - setText(findTestObject("change setttings/Page_theworklife - Find Great People To Work With/input_Forgot password_password"), newPassword): Text 'Test@1234' is set on object 'Object Repository/change setttings/Page_theworklife - Find Great People To Work With/input_Forgot password_password'

2019-12-04 01:28:26 - [MESSAGE][PASSED] - Text 'Test@1234' is set on object 'Object Repository/change setttings/Page_theworklife - Find Great People To Work With/input_Forgot password_password'

2019-12-04 01:28:26 - [TEST_STEP][PASSED] - click(findTestObject("change setttings/Page_theworklife - Find Great People To Work With/button_Sign in")): Object: 'Object Repository/change setttings/Page_theworklife - Find Great People To Work With/button_Sign in' is clicked on

2019-12-04 01:28:31 - [MESSAGE][PASSED] - Object: 'Object Repository/change setttings/Page_theworklife - Find Great People To Work With/button_Sign in' is clicked on

2019-12-04 01:28:31 - [TEST_STEP][PASSED] - delay(2): Delayed 2 second(s)

2019-12-04 01:28:33 - [MESSAGE][PASSED] - Delayed 2 second(s)

2019-12-04 01:28:33 - [TEST_STEP][PASSED] - click(findTestObject("change settings/Page_Home/i_Settings_fa fa-gear")): Object: 'Object Repository/change settings/Page_Home/i_Settings_fa fa-gear' is clicked on

2019-12-04 01:28:34 - [MESSAGE][PASSED] - Object: 'Object Repository/change settings/Page_Home/i_Settings_fa fa-gear' is clicked on

2019-12-04 01:28:34 - [TEST_STEP][PASSED] - click(findTestObject("change setttings/Page_Home/a_Settings")): Object: 'Object Repository/change setttings/Page_Home/a_Settings' is clicked on

2019-12-04 01:28:38 - [MESSAGE][PASSED] - Object: 'Object Repository/change setttings/Page_Home/a_Settings' is clicked on

2019-12-04 01:28:38 - [TEST_STEP][PASSED] - delay(3): Delayed 3 second(s)

2019-12-04 01:28:41 - [MESSAGE][PASSED] - Delayed 3 second(s)

2019-12-04 01:28:41 - [TEST_STEP][PASSED] - setText(findTestObject("Object Repository/change settings/Page_Settings/input_Current password_oldPassword"), newPassword): Text 'Test@1234' is set on object 'Object Repository/change settings/Page_Settings/input_Current password_oldPassword'

2019-12-04 01:28:41 - [MESSAGE][PASSED] - Text 'Test@1234' is set on object 'Object Repository/change settings/Page_Settings/input_Current password_oldPassword'

2019-12-04 01:28:41 - [TEST_STEP][PASSED] - setText(findTestObject("Object Repository/change settings/Page_Settings/input_New password_password"), currentPassword): Text 'Test@123' is set on object 'Object Repository/change settings/Page_Settings/input_New password_password'

2019-12-04 01:28:42 - [MESSAGE][PASSED] - Text 'Test@123' is set on object 'Object Repository/change settings/Page_Settings/input_New password_password'

2019-12-04 01:28:42 - [TEST_STEP][PASSED] - setText(findTestObject("Object Repository/change settings/Page_Settings/input_Retype new password_confirm_password"), currentPassword): Text 'Test@123' is set on object 'Object Repository/change settings/Page_Settings/input_Retype new password_confirm_password'

2019-12-04 01:28:43 - [MESSAGE][PASSED] - Text 'Test@123' is set on object 'Object Repository/change settings/Page_Settings/input_Retype new password_confirm_password'

2019-12-04 01:28:43 - [TEST_STEP][PASSED] - click(findTestObject("change settings/Page_Settings/button_Save")): Object: 'Object Repository/change settings/Page_Settings/button_Save' is clicked on

2019-12-04 01:28:44 - [MESSAGE][PASSED] - Object: 'Object Repository/change settings/Page_Settings/button_Save' is clicked on

2019-12-04 01:28:44 - [TEST_STEP][NOT_RUN] - click(findTestObject("change settings/Page_Settings/a_OK")): NOT_RUN: click(findTestObject("change settings/Page_Settings/a_OK"))

2019-12-04 01:28:44 - [MESSAGE][NOT_RUN] - NOT_RUN: click(findTestObject("change settings/Page_Settings/a_OK"))

2019-12-04 01:28:44 - [TEST_STEP][PASSED] - delay(2): Delayed 2 second(s)

2019-12-04 01:28:46 - [MESSAGE][PASSED] - Delayed 2 second(s)

2019-12-04 01:28:46 - [TEST_STEP][PASSED] - closeBrowser(): Browser is closed

2019-12-04 01:28:48 - [MESSAGE][PASSED] - Browser is closed

2019-12-04 01:28:48 - [TEST_STEP][PASSED] - Start listener action : afterTestcase: Browser is closed

2019-12-04 01:28:48 - [TEST_STEP][PASSED] - closeBrowser(): Browser is closed

2019-12-04 01:28:48 - [MESSAGE][PASSED] - Browser is closed

2019-12-04 01:28:51 - [TEST_STEP][PASSED] - Video: Video recording for test case 'Test Cases/New regression cases/change setting verification' .

2019-12-04 01:28:51 - [MESSAGE][INFO] - Video recording for test case 'Test Cases/New regression cases/change setting verification' .
[[ATTACHMENT|C:\\Users\\Suraj Kumar\\git\\KatalonBDD\\Reports\\20191204_011934\\Regression\\20191204_011934/videos\\test_8.avi]]]]></system-out>
         <system-err><![CDATA[]]></system-err>
      </testcase>
      <testcase name="Test Cases/New regression cases/Delete Flag review" time="2.735" classname="Test Cases/New regression cases/Delete Flag review" status="PASSED">
         <system-out><![CDATA[2019-12-04 01:28:51 - [TEST_CASE][PASSED] - Test Cases/New regression cases/Delete Flag review: Test Cases/New regression cases/Delete Flag review

2019-12-04 01:28:51 - [TEST_STEP][PASSED] - Start listener action : beforeTestcase: null

2019-12-04 01:28:51 - [TEST_STEP][PASSED] - return null: null

2019-12-04 01:28:51 - [TEST_STEP][PASSED] - Start listener action : afterTestcase: Browser is closed

2019-12-04 01:28:51 - [TEST_STEP][PASSED] - closeBrowser(): Browser is closed

2019-12-04 01:28:51 - [MESSAGE][PASSED] - Browser is closed

2019-12-04 01:28:53 - [TEST_STEP][PASSED] - Video: Video recording for test case 'Test Cases/New regression cases/Delete Flag review' .

2019-12-04 01:28:53 - [MESSAGE][INFO] - Video recording for test case 'Test Cases/New regression cases/Delete Flag review' .
[[ATTACHMENT|C:\\Users\\Suraj Kumar\\git\\KatalonBDD\\Reports\\20191204_011934\\Regression\\20191204_011934/videos\\test_9.avi]]]]></system-out>
         <system-err><![CDATA[]]></system-err>
      </testcase>
      <testcase name="Test Cases/New regression cases/Email already exists -signup" time="35.307" classname="Test Cases/New regression cases/Email already exists -signup" status="FAILED">
         <failure type="FAILED" message="Test Cases/New regression cases/Email already exists -signup FAILED.
Reason:
com.kms.katalon.core.exception.StepFailedException: Unable to verify text 'You are already registered.Please try with login' is present 
	at com.kms.katalon.core.webui.keyword.internal.WebUIKeywordMain.stepFailed(WebUIKeywordMain.groovy:64)
	at com.kms.katalon.core.webui.keyword.internal.WebUIKeywordMain.runKeyword(WebUIKeywordMain.groovy:26)
	at com.kms.katalon.core.webui.keyword.builtin.VerifyTextPresentKeyword.verifyTextPresent(VerifyTextPresentKeyword.groovy:83)
	at com.kms.katalon.core.webui.keyword.builtin.VerifyTextPresentKeyword.execute(VerifyTextPresentKeyword.groovy:68)
	at com.kms.katalon.core.keyword.internal.KeywordExecutor.executeKeywordForPlatform(KeywordExecutor.groovy:60)
	at com.kms.katalon.core.webui.keyword.WebUiBuiltInKeywords.verifyTextPresent(WebUiBuiltInKeywords.groovy:1693)
	at com.kms.katalon.core.webui.keyword.WebUiBuiltInKeywords$verifyTextPresent$7.call(Unknown Source)
	at Email already exists -signup.run(Email already exists -signup:33)
	at com.kms.katalon.core.main.ScriptEngine.run(ScriptEngine.java:194)
	at com.kms.katalon.core.main.ScriptEngine.runScriptAsRawText(ScriptEngine.java:119)
	at com.kms.katalon.core.main.TestCaseExecutor.runScript(TestCaseExecutor.java:337)
	at com.kms.katalon.core.main.TestCaseExecutor.doExecute(TestCaseExecutor.java:328)
	at com.kms.katalon.core.main.TestCaseExecutor.processExecutionPhase(TestCaseExecutor.java:307)
	at com.kms.katalon.core.main.TestCaseExecutor.accessMainPhase(TestCaseExecutor.java:299)
	at com.kms.katalon.core.main.TestCaseExecutor.execute(TestCaseExecutor.java:233)
	at com.kms.katalon.core.main.TestSuiteExecutor.accessTestCaseMainPhase(TestSuiteExecutor.java:169)
	at com.kms.katalon.core.main.TestSuiteExecutor.accessTestSuiteMainPhase(TestSuiteExecutor.java:142)
	at com.kms.katalon.core.main.TestSuiteExecutor.execute(TestSuiteExecutor.java:91)
	at com.kms.katalon.core.main.TestCaseMain.startTestSuite(TestCaseMain.java:157)
	at com.kms.katalon.core.main.TestCaseMain$startTestSuite$0.call(Unknown Source)
	at TempTestSuite1575402574161.run(TempTestSuite1575402574161.groovy:36)
Caused by: com.kms.katalon.core.exception.StepFailedException: Text 'You are already registered.Please try with login' is not present on page 
	at com.kms.katalon.core.webui.keyword.internal.WebUIKeywordMain.stepFailed(WebUIKeywordMain.groovy:64)
	at com.kms.katalon.core.webui.keyword.builtin.VerifyTextPresentKeyword$_verifyTextPresent_closure1.doCall(VerifyTextPresentKeyword.groovy:79)
	at com.kms.katalon.core.webui.keyword.builtin.VerifyTextPresentKeyword$_verifyTextPresent_closure1.call(VerifyTextPresentKeyword.groovy)
	at com.kms.katalon.core.webui.keyword.internal.WebUIKeywordMain.runKeyword(WebUIKeywordMain.groovy:20)
	... 19 more
"/>
         <system-out><![CDATA[2019-12-04 01:28:53 - [TEST_CASE][FAILED] - Test Cases/New regression cases/Email already exists -signup: Test Cases/New regression cases/Email already exists -signup FAILED.
Reason:
com.kms.katalon.core.exception.StepFailedException: Unable to verify text 'You are already registered.Please try with login' is present 
	at com.kms.katalon.core.webui.keyword.internal.WebUIKeywordMain.stepFailed(WebUIKeywordMain.groovy:64)
	at com.kms.katalon.core.webui.keyword.internal.WebUIKeywordMain.runKeyword(WebUIKeywordMain.groovy:26)
	at com.kms.katalon.core.webui.keyword.builtin.VerifyTextPresentKeyword.verifyTextPresent(VerifyTextPresentKeyword.groovy:83)
	at com.kms.katalon.core.webui.keyword.builtin.VerifyTextPresentKeyword.execute(VerifyTextPresentKeyword.groovy:68)
	at com.kms.katalon.core.keyword.internal.KeywordExecutor.executeKeywordForPlatform(KeywordExecutor.groovy:60)
	at com.kms.katalon.core.webui.keyword.WebUiBuiltInKeywords.verifyTextPresent(WebUiBuiltInKeywords.groovy:1693)
	at com.kms.katalon.core.webui.keyword.WebUiBuiltInKeywords$verifyTextPresent$7.call(Unknown Source)
	at Email already exists -signup.run(Email already exists -signup:33)
[...]

2019-12-04 02:10:48 - [TEST_STEP][PASSED] - setEncryptedText(findTestObject("Object Repository/DeletionObject/Page_theworklife - Find Great People To Work With/input_Forgot password_password"), "XU9cBalmEBp1UP+jEU2w4UUBUuNgBY4U"): Text ****** has been set on object 'Object Repository/DeletionObject/Page_theworklife - Find Great People To Work With/input_Forgot password_password'

2019-12-04 02:10:49 - [MESSAGE][PASSED] - Text ****** has been set on object 'Object Repository/DeletionObject/Page_theworklife - Find Great People To Work With/input_Forgot password_password'

2019-12-04 02:10:49 - [TEST_STEP][PASSED] - click(findTestObject("Experience/Page_theworklife - Find Great People To Work With/button_Sign in")): Object: 'Object Repository/Experience/Page_theworklife - Find Great People To Work With/button_Sign in' is clicked on

2019-12-04 02:10:53 - [MESSAGE][PASSED] - Object: 'Object Repository/Experience/Page_theworklife - Find Great People To Work With/button_Sign in' is clicked on

2019-12-04 02:10:53 - [TEST_STEP][FAILED] - click(findTestObject("Object Repository/DeletionObject/Page_Home/i_Settings_fa fa-gear")): Unable to click on object 'Object Repository/DeletionObject/Page_Home/i_Settings_fa fa-gear' (Root cause: com.kms.katalon.core.exception.StepFailedException: Unable to click on object 'Object Repository/DeletionObject/Page_Home/i_Settings_fa fa-gear'
	at com.kms.katalon.core.webui.keyword.internal.WebUIKeywordMain.stepFailed(WebUIKeywordMain.groovy:64)
	at com.kms.katalon.core.webui.keyword.internal.WebUIKeywordMain.runKeyword(WebUIKeywordMain.groovy:26)
	at com.kms.katalon.core.webui.keyword.builtin.ClickKeyword.click(ClickKeyword.groovy:103)
	at com.kms.katalon.core.webui.keyword.builtin.ClickKeyword.execute(ClickKeyword.groovy:43)
	at com.kms.katalon.core.keyword.internal.KeywordExecutor.executeKeywordForPlatform(KeywordExecutor.groovy:60)
	at com.kms.katalon.core.webui.keyword.WebUiBuiltInKeywords.click(WebUiBuiltInKeywords.groovy:616)
	at com.kms.katalon.core.webui.keyword.WebUiBuiltInKeywords$click$3.call(Unknown Source)
	at RecreationofProfile.run(RecreationofProfile:28)
	at com.kms.katalon.core.main.ScriptEngine.run(ScriptEngine.java:194)
	at com.kms.katalon.core.main.ScriptEngine.runScriptAsRawText(ScriptEngine.java:119)
	at com.kms.katalon.core.main.TestCaseExecutor.runScript(TestCaseExecutor.java:337)
	at com.kms.katalon.core.main.TestCaseExecutor.doExecute(TestCaseExecutor.java:328)
	at com.kms.katalon.core.main.TestCaseExecutor.processExecutionPhase(TestCaseExecutor.java:307)
	at com.kms.katalon.core.main.TestCaseExecutor.accessMainPhase(TestCaseExecutor.java:299)
	at com.kms.katalon.core.main.TestCaseExecutor.execute(TestCaseExecutor.java:233)
	at com.kms.katalon.core.main.TestSuiteExecutor.accessTestCaseMainPhase(TestSuiteExecutor.java:169)
	at com.kms.katalon.core.main.TestSuiteExecutor.accessTestSuiteMainPhase(TestSuiteExecutor.java:142)
	at com.kms.katalon.core.main.TestSuiteExecutor.execute(TestSuiteExecutor.java:91)
	at com.kms.katalon.core.main.TestCaseMain.startTestSuite(TestCaseMain.java:157)
	at com.kms.katalon.core.main.TestCaseMain$startTestSuite$0.call(Unknown Source)
	at TempTestSuite1575402574161.run(TempTestSuite1575402574161.groovy:36)
Caused by: com.kms.katalon.core.webui.exception.WebElementNotFoundException: Web element with id: 'Object Repository/DeletionObject/Page_Home/i_Settings_fa fa-gear' located by 'By.xpath: /html[@class="fa-events-icons-ready"]/body[1]/header[@class="main-header nav-down"]/div[@class="topbar"]/div[@class="container-fluid"]/div[@class="row"]/div[@class="col-xs-6 col-sm-3 col-sm-push-6"]/div[@class="notif"]/div[@class="pull-right dropdown"]/button[@class="btn dropdown-toggle setting"]/i[@class="fa fa-gear"]' not found
	at com.kms.katalon.core.webui.common.WebUiCommonHelper.findWebElement(WebUiCommonHelper.java:1113)
	at com.kms.katalon.core.webui.keyword.internal.WebUIAbstractKeyword.findWebElement(WebUIAbstractKeyword.groovy:27)
	at com.kms.katalon.core.webui.keyword.internal.WebUIAbstractKeyword.findWebElement(WebUIAbstractKeyword.groovy:26)
	at com.kms.katalon.core.webui.keyword.builtin.ClickKeyword$_click_closure1.doCall(ClickKeyword.groovy:68)
	at com.kms.katalon.core.webui.keyword.builtin.ClickKeyword$_click_closure1.call(ClickKeyword.groovy)
	at com.kms.katalon.core.webui.keyword.internal.WebUIKeywordMain.runKeyword(WebUIKeywordMain.groovy:20)
	at com.kms.katalon.core.webui.keyword.builtin.ClickKeyword.click(ClickKeyword.groovy:103)
	at com.kms.katalon.core.webui.keyword.builtin.ClickKeyword.execute(ClickKeyword.groovy:43)
	at com.kms.katalon.core.keyword.internal.KeywordExecutor.executeKeywordForPlatform(KeywordExecutor.groovy:60)
	at com.kms.katalon.core.webui.keyword.WebUiBuiltInKeywords.click(WebUiBuiltInKeywords.groovy:616)
	at com.kms.katalon.core.webui.keyword.WebUiBuiltInKeywords$click$3.call(Unknown Source)
	at Script1570353756420.run(Script1570353756420.groovy:28)
	... 13 more
)

2019-12-04 02:11:37 - [MESSAGE][INFO] - Unable to find the element located by 'By.xpath: /html[@class="fa-events-icons-ready"]/body[1]/header[@class="main-header nav-down"]/div[@class="topbar"]/div[@class="container-fluid"]/div[@class="row"]/div[@class="col-xs-6 col-sm-3 col-sm-push-6"]/div[@class="notif"]/div[@class="pull-right dropdown"]/button[@class="btn dropdown-toggle setting"]/i[@class="fa fa-gear"]'. Please recheck the objects properties to make sure the desired element is located. 

2019-12-04 02:11:37 - [MESSAGE][FAILED] - Unable to click on object 'Object Repository/DeletionObject/Page_Home/i_Settings_fa fa-gear' (Root cause: com.kms.katalon.core.exception.StepFailedException: Unable to click on object 'Object Repository/DeletionObject/Page_Home/i_Settings_fa fa-gear'
	at com.kms.katalon.core.webui.keyword.internal.WebUIKeywordMain.stepFailed(WebUIKeywordMain.groovy:64)
	at com.kms.katalon.core.webui.keyword.internal.WebUIKeywordMain.runKeyword(WebUIKeywordMain.groovy:26)
	at com.kms.katalon.core.webui.keyword.builtin.ClickKeyword.click(ClickKeyword.groovy:103)
	at com.kms.katalon.core.webui.keyword.builtin.ClickKeyword.execute(ClickKeyword.groovy:43)
	at com.kms.katalon.core.keyword.internal.KeywordExecutor.executeKeywordForPlatform(KeywordExecutor.groovy:60)
	at com.kms.katalon.core.webui.keyword.WebUiBuiltInKeywords.click(WebUiBuiltInKeywords.groovy:616)
	at com.kms.katalon.core.webui.keyword.WebUiBuiltInKeywords$click$3.call(Unknown Source)
	at RecreationofProfile.run(RecreationofProfile:28)
	at com.kms.katalon.core.main.ScriptEngine.run(ScriptEngine.java:194)
	at com.kms.katalon.core.main.ScriptEngine.runScriptAsRawText(ScriptEngine.java:119)
	at com.kms.katalon.core.main.TestCaseExecutor.runScript(TestCaseExecutor.java:337)
	at com.kms.katalon.core.main.TestCaseExecutor.doExecute(TestCaseExecutor.java:328)
	at com.kms.katalon.core.main.TestCaseExecutor.processExecutionPhase(TestCaseExecutor.java:307)
	at com.kms.katalon.core.main.TestCaseExecutor.accessMainPhase(TestCaseExecutor.java:299)
	at com.kms.katalon.core.main.TestCaseExecutor.execute(TestCaseExecutor.java:233)
	at com.kms.katalon.core.main.TestSuiteExecutor.accessTestCaseMainPhase(TestSuiteExecutor.java:169)
	at com.kms.katalon.core.main.TestSuiteExecutor.accessTestSuiteMainPhase(TestSuiteExecutor.java:142)
	at com.kms.katalon.core.main.TestSuiteExecutor.execute(TestSuiteExecutor.java:91)
	at com.kms.katalon.core.main.TestCaseMain.startTestSuite(TestCaseMain.java:157)
	at com.kms.katalon.core.main.TestCaseMain$startTestSuite$0.call(Unknown Source)
	at TempTestSuite1575402574161.run(TempTestSuite1575402574161.groovy:36)
Caused by: com.kms.katalon.core.webui.exception.WebElementNotFoundException: Web element with id: 'Object Repository/DeletionObject/Page_Home/i_Settings_fa fa-gear' located by 'By.xpath: /html[@class="fa-events-icons-ready"]/body[1]/header[@class="main-header nav-down"]/div[@class="topbar"]/div[@class="container-fluid"]/div[@class="row"]/div[@class="col-xs-6 col-sm-3 col-sm-push-6"]/div[@class="notif"]/div[@class="pull-right dropdown"]/button[@class="btn dropdown-toggle setting"]/i[@class="fa fa-gear"]' not found
	at com.kms.katalon.core.webui.common.WebUiCommonHelper.findWebElement(WebUiCommonHelper.java:1113)
	at com.kms.katalon.core.webui.keyword.internal.WebUIAbstractKeyword.findWebElement(WebUIAbstractKeyword.groovy:27)
	at com.kms.katalon.core.webui.keyword.internal.WebUIAbstractKeyword.findWebElement(WebUIAbstractKeyword.groovy:26)
	at com.kms.katalon.core.webui.keyword.builtin.ClickKeyword$_click_closure1.doCall(ClickKeyword.groovy:68)
	at com.kms.katalon.core.webui.keyword.builtin.ClickKeyword$_click_closure1.call(ClickKeyword.groovy)
	at com.kms.katalon.core.webui.keyword.internal.WebUIKeywordMain.runKeyword(WebUIKeywordMain.groovy:20)
	at com.kms.katalon.core.webui.keyword.builtin.ClickKeyword.click(ClickKeyword.groovy:103)
	at com.kms.katalon.core.webui.keyword.builtin.ClickKeyword.execute(ClickKeyword.groovy:43)
	at com.kms.katalon.core.keyword.internal.KeywordExecutor.executeKeywordForPlatform(KeywordExecutor.groovy:60)
	at com.kms.katalon.core.webui.keyword.WebUiBuiltInKeywords.click(WebUiBuiltInKeywords.groovy:616)
	at com.kms.katalon.core.webui.keyword.WebUiBuiltInKeywords$click$3.call(Unknown Source)
	at Script1570353756420.run(Script1570353756420.groovy:28)
	... 13 more
)
[[ATTACHMENT|C:\\Users\\Suraj Kumar\\git\\KatalonBDD\\Reports\\20191204_011934\\Regression\\20191204_011934\\1575405697321.png]]

2019-12-04 02:11:37 - [TEST_STEP][PASSED] - Start listener action : afterTestcase: Browser is closed

2019-12-04 02:11:37 - [TEST_STEP][PASSED] - closeBrowser(): Browser is closed

2019-12-04 02:11:38 - [MESSAGE][PASSED] - Browser is closed

2019-12-04 02:11:41 - [TEST_STEP][PASSED] - Video: Video recording for test case 'Test Cases/workLifeTest/RecreationofProfile' .

2019-12-04 02:11:41 - [MESSAGE][INFO] - Video recording for test case 'Test Cases/workLifeTest/RecreationofProfile' .
[[ATTACHMENT|C:\\Users\\Suraj Kumar\\git\\KatalonBDD\\Reports\\20191204_011934\\Regression\\20191204_011934/videos\\test_54.avi]]]]></system-out>
         <system-err><![CDATA[2019-12-04 02:10:26 - [TEST_CASE][FAILED] - Test Cases/workLifeTest/RecreationofProfile: Test Cases/workLifeTest/RecreationofProfile FAILED.
Reason:
com.kms.katalon.core.exception.StepFailedException: Unable to click on object 'Object Repository/DeletionObject/Page_Home/i_Settings_fa fa-gear'
	at com.kms.katalon.core.webui.keyword.internal.WebUIKeywordMain.stepFailed(WebUIKeywordMain.groovy:64)
	at com.kms.katalon.core.webui.keyword.internal.WebUIKeywordMain.runKeyword(WebUIKeywordMain.groovy:26)
	at com.kms.katalon.core.webui.keyword.builtin.ClickKeyword.click(ClickKeyword.groovy:103)
	at com.kms.katalon.core.webui.keyword.builtin.ClickKeyword.execute(ClickKeyword.groovy:43)
	at com.kms.katalon.core.keyword.internal.KeywordExecutor.executeKeywordForPlatform(KeywordExecutor.groovy:60)
	at com.kms.katalon.core.webui.keyword.WebUiBuiltInKeywords.click(WebUiBuiltInKeywords.groovy:616)
	at com.kms.katalon.core.webui.keyword.WebUiBuiltInKeywords$click$3.call(Unknown Source)
	at RecreationofProfile.run(RecreationofProfile:28)
	at com.kms.katalon.core.main.ScriptEngine.run(ScriptEngine.java:194)
	at com.kms.katalon.core.main.ScriptEngine.runScriptAsRawText(ScriptEngine.java:119)
	at com.kms.katalon.core.main.TestCaseExecutor.runScript(TestCaseExecutor.java:337)
	at com.kms.katalon.core.main.TestCaseExecutor.doExecute(TestCaseExecutor.java:328)
	at com.kms.katalon.core.main.TestCaseExecutor.processExecutionPhase(TestCaseExecutor.java:307)
	at com.kms.katalon.core.main.TestCaseExecutor.accessMainPhase(TestCaseExecutor.java:299)
	at com.kms.katalon.core.main.TestCaseExecutor.execute(TestCaseExecutor.java:233)
	at com.kms.katalon.core.main.TestSuiteExecutor.accessTestCaseMainPhase(TestSuiteExecutor.java:169)
	at com.kms.katalon.core.main.TestSuiteExecutor.accessTestSuiteMainPhase(TestSuiteExecutor.java:142)
	at com.kms.katalon.core.main.TestSuiteExecutor.execute(TestSuiteExecutor.java:91)
	at com.kms.katalon.core.main.TestCaseMain.startTestSuite(TestCaseMain.java:157)
	at com.kms.katalon.core.main.TestCaseMain$startTestSuite$0.call(Unknown Source)
	at TempTestSuite1575402574161.run(TempTestSuite1575402574161.groovy:36)
Caused by: com.kms.katalon.core.webui.exception.WebElementNotFoundException: Web element with id: 'Object Repository/DeletionObject/Page_Home/i_Settings_fa fa-gear' located by 'By.xpath: /html[@class="fa-events-icons-ready"]/body[1]/header[@class="main-header nav-down"]/div[@class="topbar"]/div[@class="container-fluid"]/div[@class="row"]/div[@class="col-xs-6 col-sm-3 col-sm-push-6"]/div[@class="notif"]/div[@class="pull-right dropdown"]/button[@class="btn dropdown-toggle setting"]/i[@class="fa fa-gear"]' not found
	at com.kms.katalon.core.webui.common.WebUiCommonHelper.findWebElement(WebUiCommonHelper.java:1113)
	at com.kms.katalon.core.webui.keyword.internal.WebUIAbstractKeyword.findWebElement(WebUIAbstractKeyword.groovy:27)
	at com.kms.katalon.core.webui.keyword.internal.WebUIAbstractKeyword.findWebElement(WebUIAbstractKeyword.groovy:26)
	at com.kms.katalon.core.webui.keyword.builtin.ClickKeyword$_click_closure1.doCall(ClickKeyword.groovy:68)
	at com.kms.katalon.core.webui.keyword.builtin.ClickKeyword$_click_closure1.call(ClickKeyword.groovy)
	at com.kms.katalon.core.webui.keyword.internal.WebUIKeywordMain.runKeyword(WebUIKeywordMain.groovy:20)
	... 19 more]]></system-err>
      </testcase>
      <system-out><![CDATA[2019-12-04 01:19:44 - [TEST_SUITE][FAILED] - Regression: Test Cases/Accept connection request FAILED.
Reason:
com.kms.katalon.core.exception.StepFailedException: Unable to click on object 'Object Repository/connect with user/Page_Search/button_Connect'
	at com.kms.katalon.core.webui.keyword.internal.WebUIKeywordMain.stepFailed(WebUIKeywordMain.groovy:64)
	at com.kms.katalon.core.webui.keyword.internal.WebUIKeywordMain.runKeyword(WebUIKeywordMain.groovy:26)
	at com.kms.katalon.core.webui.keyword.builtin.ClickKeyword.click(ClickKeyword.groovy:103)
	at com.kms.katalon.core.webui.keyword.builtin.ClickKeyword.execute(ClickKeyword.groovy:43)
	at com.kms.katalon.core.keyword.internal.KeywordExecutor.executeKeywordForPlatform(KeywordExecutor.groovy:60)
	at com.kms.katalon.core.webui.keyword.WebUiBuiltInKeywords.click(WebUiBuiltInKeywords.groovy:616)
	at com.kms.katalon.core.webui.keyword.WebUiBuiltInKeywords$click$3.call(Unknown Source)
	at Accept connection request.run(Accept connection request:33)
	at com.kms.katalon.core.main.ScriptEngine.run(ScriptEngine.java:194)
	at com.kms.katalon.core.main.ScriptEngine.runScriptAsRawText(ScriptEngine.java:119)
	at com.kms.katalon.core.main.TestCaseExecutor.runScript(TestCaseExecutor.java:337)
	at com.kms.katalon.core.main.TestCaseExecutor.doExecute(TestCaseExecutor.java:328)
	at com.kms.katalon.core.main.TestCaseExecutor.processExecutionPhase(TestCaseExecutor.java:307)
	at com.kms.katalon.core.main.TestCaseExecutor.accessMainPhase(TestCaseExecutor.java:299)
	at com.kms.katalon.core.main.TestCaseExecutor.execute(TestCaseExecutor.java:233)
	at com.kms.katalon.core.main.TestSuiteExecutor.accessTestCaseMainPhase(TestSuiteExecutor.java:169)
	at com.kms.katalon.core.main.TestSuiteExecutor.accessTestSuiteMainPhase(TestSuiteExecutor.java:142)
	at com.kms.katalon.core.main.TestSuiteExecutor.execute(TestSuiteExecutor.java:91)
	at com.kms.katalon.core.main.TestCaseMain.startTestSuite(TestCaseMain.java:157)
	at com.kms.katalon.core.main.TestCaseMain$startTestSuite$0.call(Unknown Source)
	at TempTestSuite1575402574161.run(TempTestSuite1575402574161.groovy:36)
Caused by: com.kms.katalon.core.webui.exception.WebElementNotFoundException: Web element with id: 'Object Repository/connect with user/Page_Search/button_Connect' located by 'By.xpath: //*[@id = 'btnConnect' and (text() = 'Connect' or . = 'Connect')]' not found
	at com.kms.katalon.core.webui.common.WebUiCommonHelper.findWebElement(WebUiCommonHelper.java:1113)
	at com.kms.katalon.core.webui.keyword.internal.WebUIAbstractKeyword.findWebElement(WebUIAbstractKeyword.groovy:27)
	at com.kms.katalon.core.webui.keyword.internal.WebUIAbstractKeyword.findWebElement(WebUIAbstractKeyword.groovy:26)
	at com.kms.katalon.core.webui.keyword.builtin.ClickKeyword$_click_closure1.doCall(ClickKeyword.groovy:68)
	at com.kms.katalon.core.webui.keyword.builtin.ClickKeyword$_click_closure1.call(ClickKeyword.groovy)
	at com.kms.katalon.core.webui.keyword.internal.WebUIKeywordMain.runKeyword(WebUIKeywordMain.groovy:20)
	... 19 more]]></system-out>
      <system-err><![CDATA[2019-12-04 01:19:44 - [TEST_SUITE][FAILED] - Regression: Test Cases/Accept connection request FAILED.
Reason:
com.kms.katalon.core.exception.StepFailedException: Unable to click on object 'Object Repository/connect with user/Page_Search/button_Connect'
	at com.kms.katalon.core.webui.keyword.internal.WebUIKeywordMain.stepFailed(WebUIKeywordMain.groovy:64)
	at com.kms.katalon.core.webui.keyword.internal.WebUIKeywordMain.runKeyword(WebUIKeywordMain.groovy:26)
	at com.kms.katalon.core.webui.keyword.builtin.ClickKeyword.click(ClickKeyword.groovy:103)
	at com.kms.katalon.core.webui.keyword.builtin.ClickKeyword.execute(ClickKeyword.groovy:43)
	at com.kms.katalon.core.keyword.internal.KeywordExecutor.executeKeywordForPlatform(KeywordExecutor.groovy:60)
	at com.kms.katalon.core.webui.keyword.WebUiBuiltInKeywords.click(WebUiBuiltInKeywords.groovy:616)
	at com.kms.katalon.core.webui.keyword.WebUiBuiltInKeywords$click$3.call(Unknown Source)
	at Accept connection request.run(Accept connection request:33)
	at com.kms.katalon.core.main.ScriptEngine.run(ScriptEngine.java:194)
	at com.kms.katalon.core.main.ScriptEngine.runScriptAsRawText(ScriptEngine.java:119)
	at com.kms.katalon.core.main.TestCaseExecutor.runScript(TestCaseExecutor.java:337)
	at com.kms.katalon.core.main.TestCaseExecutor.doExecute(TestCaseExecutor.java:328)
	at com.kms.katalon.core.main.TestCaseExecutor.processExecutionPhase(TestCaseExecutor.java:307)
	at com.kms.katalon.core.main.TestCaseExecutor.accessMainPhase(TestCaseExecutor.java:299)
	at com.kms.katalon.core.main.TestCaseExecutor.execute(TestCaseExecutor.java:233)
	at com.kms.katalon.core.main.TestSuiteExecutor.accessTestCaseMainPhase(TestSuiteExecutor.java:169)
	at com.kms.katalon.core.main.TestSuiteExecutor.accessTestSuiteMainPhase(TestSuiteExecutor.java:142)
	at com.kms.katalon.core.main.TestSuiteExecutor.execute(TestSuiteExecutor.java:91)
	at com.kms.katalon.core.main.TestCaseMain.startTestSuite(TestCaseMain.java:157)
	at com.kms.katalon.core.main.TestCaseMain$startTestSuite$0.call(Unknown Source)
	at TempTestSuite1575402574161.run(TempTestSuite1575402574161.groovy:36)
Caused by: com.kms.katalon.core.webui.exception.WebElementNotFoundException: Web element with id: 'Object Repository/connect with user/Page_Search/button_Connect' located by 'By.xpath: //*[@id = 'btnConnect' and (text() = 'Connect' or . = 'Connect')]' not found
	at com.kms.katalon.core.webui.common.WebUiCommonHelper.findWebElement(WebUiCommonHelper.java:1113)
	at com.kms.katalon.core.webui.keyword.internal.WebUIAbstractKeyword.findWebElement(WebUIAbstractKeyword.groovy:27)
	at com.kms.katalon.core.webui.keyword.internal.WebUIAbstractKeyword.findWebElement(WebUIAbstractKeyword.groovy:26)
	at com.kms.katalon.core.webui.keyword.builtin.ClickKeyword$_click_closure1.doCall(ClickKeyword.groovy:68)
	at com.kms.katalon.core.webui.keyword.builtin.ClickKeyword$_click_closure1.call(ClickKeyword.groovy)
	at com.kms.katalon.core.webui.keyword.internal.WebUIKeywordMain.runKeyword(WebUIKeywordMain.groovy:20)
	... 19 more]]></system-err>
   </testsuite>
</testsuites>
