<?xml version="1.0" encoding="UTF-8"?>
<testsuites name="Sanity prod" time="1560.84" tests="16" failures="5" errors="0">
   <testsuite name="Sanity prod" tests="16" failures="5" errors="0" time="1560.84" timestamp="2019-12-05 01:50:53" hostname="Suraj Kumar - PUN-IT000636" id="Test Suites/Sanity prod">
      <properties>
[...]
</properties>
      <testcase name="Test Cases/Connect with users" time="51.736" classname="Test Cases/Connect with users" status="PASSED">
         <system-out><![CDATA[2019-12-05 01:50:54 - [TEST_CASE][PASSED] - Test Cases/Connect with users: Test Cases/Connect with users

2019-12-05 01:50:54 - [TEST_STEP][PASSED] - Start listener action : beforeTestcase: null

2019-12-05 01:50:55 - [TEST_STEP][PASSED] - openBrowser(ProdAppUrl): Browser is opened with url: 'null'

2019-12-05 01:50:56 - [MESSAGE][INFO] - Starting 'Firefox' driver

2019-12-05 01:50:56 - [MESSAGE][INFO] - Action delay is set to 0 seconds

2019-12-05 01:51:04 - [MESSAGE][PASSED] - Browser is opened with url: 'null'

2019-12-05 01:51:04 - [TEST_STEP][PASSED] - navigateToUrl("https://www.thework.life/"): Navigate to 'https://www.thework.life/' successfully

2019-12-05 01:51:09 - [MESSAGE][PASSED] - Navigate to 'https://www.thework.life/' successfully

2019-12-05 01:51:09 - [TEST_STEP][PASSED] - setText(findTestObject("Experience/Page_theworklife - Find Great People To Work With/input_Forgot password_username"), "worklifetest10001@gmail.com"): Text 'worklifetest10001@gmail.com' is set on object 'Object Repository/Experience/Page_theworklife - Find Great People To Work With/input_Forgot password_username'

2019-12-05 01:51:09 - [MESSAGE][PASSED] - Text 'worklifetest10001@gmail.com' is set on object 'Object Repository/Experience/Page_theworklife - Find Great People To Work With/input_Forgot password_username'

2019-12-05 01:51:09 - [TEST_STEP][PASSED] - setEncryptedText(findTestObject("Experience/Page_theworklife - Find Great People To Work With/input_Forgot password_password"), "XU9cBalmEBp1UP+jEU2w4UUBUuNgBY4U"): Text ****** has been set on object 'Object Repository/Experience/Page_theworklife - Find Great People To Work With/input_Forgot password_password'

2019-12-05 01:51:10 - [MESSAGE][PASSED] - Text ****** has been set on object 'Object Repository/Experience/Page_theworklife - Find Great People To Work With/input_Forgot password_password'

2019-12-05 01:51:10 - [TEST_STEP][PASSED] - click(findTestObject("Object Repository/Rate/Page_theworklife - Find Great People To Work With/button_Sign in")): Object: 'Object Repository/Rate/Page_theworklife - Find Great People To Work With/button_Sign in' is clicked on

2019-12-05 01:51:17 - [MESSAGE][PASSED] - Object: 'Object Repository/Rate/Page_theworklife - Find Great People To Work With/button_Sign in' is clicked on

2019-12-05 01:51:17 - [TEST_STEP][PASSED] - waitForElementPresent(findTestObject("connect with user/Page_Home/a_connections"), 3): Object 'Object Repository/connect with user/Page_Home/a_connections' is present

2019-12-05 01:51:18 - [MESSAGE][PASSED] - Object 'Object Repository/connect with user/Page_Home/a_connections' is present

2019-12-05 01:51:18 - [TEST_STEP][PASSED] - delay(4): Delayed 4 second(s)

2019-12-05 01:51:22 - [MESSAGE][PASSED] - Delayed 4 second(s)

2019-12-05 01:51:22 - [TEST_STEP][PASSED] - click(findTestObject("connect with user/Page_Home/a_connections")): Object: 'Object Repository/connect with user/Page_Home/a_connections' is clicked on

2019-12-05 01:51:26 - [MESSAGE][PASSED] - Object: 'Object Repository/connect with user/Page_Home/a_connections' is clicked on

2019-12-05 01:51:26 - [TEST_STEP][PASSED] - setText(findTestObject("Rate/Page_Home/input_View all_searchText"), "vijay test"): Text 'vijay test' is set on object 'Object Repository/Rate/Page_Home/input_View all_searchText'

2019-12-05 01:51:27 - [MESSAGE][PASSED] - Text 'vijay test' is set on object 'Object Repository/Rate/Page_Home/input_View all_searchText'

2019-12-05 01:51:27 - [TEST_STEP][PASSED] - click(findTestObject("Rate/Page_Home/Search user button")): Object: 'Object Repository/Rate/Page_Home/Search user button' is clicked on

2019-12-05 01:51:41 - [MESSAGE][PASSED] - Object: 'Object Repository/Rate/Page_Home/Search user button' is clicked on

2019-12-05 01:51:41 - [TEST_STEP][PASSED] - click(findTestObject("connect with user/Page_Search/button_Connect")): Object: 'Object Repository/connect with user/Page_Search/button_Connect' is clicked on

2019-12-05 01:51:41 - [MESSAGE][PASSED] - Object: 'Object Repository/connect with user/Page_Search/button_Connect' is clicked on

2019-12-05 01:51:41 - [TEST_STEP][PASSED] - closeBrowser(): Browser is closed

2019-12-05 01:51:43 - [MESSAGE][PASSED] - Browser is closed

2019-12-05 01:51:43 - [TEST_STEP][PASSED] - Start listener action : afterTestcase: Browser is closed

2019-12-05 01:51:43 - [TEST_STEP][PASSED] - closeBrowser(): Browser is closed

2019-12-05 01:51:43 - [MESSAGE][PASSED] - Browser is closed

2019-12-05 01:51:45 - [TEST_STEP][PASSED] - Video: Video recording for test case 'Test Cases/Connect with users' .

2019-12-05 01:51:45 - [MESSAGE][INFO] - Video recording for test case 'Test Cases/Connect with users' .
[[ATTACHMENT|C:\\Users\\Suraj Kumar\\git\\KatalonBDD\\Reports\\20191205_015049\\Sanity prod\\20191205_015049/videos\\test_1.avi]]]]></system-out>
         <system-err><![CDATA[]]></system-err>
      </testcase>
      <testcase name="Test Cases/Endorse skills" time="75.201" classname="Test Cases/Endorse skills" status="PASSED">
         <system-out><![CDATA[2019-12-05 01:51:45 - [TEST_CASE][PASSED] - Test Cases/Endorse skills: Test Cases/Endorse skills

2019-12-05 01:51:45 - [TEST_STEP][PASSED] - Start listener action : beforeTestcase: null

2019-12-05 01:51:46 - [TEST_STEP][PASSED] - openBrowser(ProdAppUrl): Browser is opened with url: 'null'

2019-12-05 01:51:46 - [MESSAGE][INFO] - Starting 'Firefox' driver

2019-12-05 01:51:51 - [MESSAGE][PASSED] - Browser is opened with url: 'null'

2019-12-05 01:51:51 - [TEST_STEP][PASSED] - navigateToUrl("https://www.thework.life/"): Navigate to 'https://www.thework.life/' successfully

2019-12-05 01:52:14 - [MESSAGE][PASSED] - Navigate to 'https://www.thework.life/' successfully

2019-12-05 01:52:14 - [TEST_STEP][PASSED] - setText(findTestObject("Object Repository/Endorse skills/Page_theworklife - Find Great People To Work With/input_Forgot password_username"), "worklifetest10001@gmail.com"): Text 'worklifetest10001@gmail.com' is set on object 'Object Repository/Endorse skills/Page_theworklife - Find Great People To Work With/input_Forgot password_username'

2019-12-05 01:52:14 - [MESSAGE][PASSED] - Text 'worklifetest10001@gmail.com' is set on object 'Object Repository/Endorse skills/Page_theworklife - Find Great People To Work With/input_Forgot password_username'

2019-12-05 01:52:14 - [TEST_STEP][PASSED] - setEncryptedText(findTestObject("Object Repository/Endorse skills/Page_theworklife - Find Great People To Work With/input_Forgot password_password"), "XU9cBalmEBp1UP+jEU2w4UUBUuNgBY4U"): Text ****** has been set on object 'Object Repository/Endorse skills/Page_theworklife - Find Great People To Work With/input_Forgot password_password'

2019-12-05 01:52:15 - [MESSAGE][PASSED] - Text ****** has been set on object 'Object Repository/Endorse skills/Page_theworklife - Find Great People To Work With/input_Forgot password_password'

2019-12-05 01:52:15 - [TEST_STEP][PASSED] - click(findTestObject("Object Repository/Rate/Page_theworklife - Find Great People To Work With/button_Sign in")): Object: 'Object Repository/Rate/Page_theworklife - Find Great People To Work With/button_Sign in' is clicked on

2019-12-05 01:52:23 - [MESSAGE][PASSED] - Object: 'Object Repository/Rate/Page_theworklife - Find Great People To Work With/button_Sign in' is clicked on

2019-12-05 01:52:23 - [TEST_STEP][PASSED] - setText(findTestObject("Object Repository/Endorse skills/Page_Home/input_View all_searchText"), " vijay test"): Text ' vijay test' is set on object 'Object Repository/Endorse skills/Page_Home/input_View all_searchText'

2019-12-05 01:52:23 - [MESSAGE][PASSED] - Text ' vijay test' is set on object 'Object Repository/Endorse skills/Page_Home/input_View all_searchText'

2019-12-05 01:52:23 - [TEST_STEP][PASSED] - delay(3): Delayed 3 second(s)

2019-12-05 01:52:26 - [MESSAGE][PASSED] - Delayed 3 second(s)

2019-12-05 01:52:26 - [TEST_STEP][PASSED] - click(findTestObject("Object Repository/Endorse skills/Page_Search/div_Vijay Test")): Object: 'Object Repository/Endorse skills/Page_Search/div_Vijay Test' is clicked on

2019-12-05 01:52:36 - [MESSAGE][PASSED] - Object: 'Object Repository/Endorse skills/Page_Search/div_Vijay Test' is clicked on

2019-12-05 01:52:36 - [TEST_STEP][PASSED] - click(findTestObject("Endorse skills/Page_Search/search vijay test")): Object: 'Object Repository/Endorse skills/Page_Search/search vijay test' is clicked on

2019-12-05 01:52:36 - [MESSAGE][PASSED] - Object: 'Object Repository/Endorse skills/Page_Search/search vijay test' is clicked on

2019-12-05 01:52:36 - [TEST_STEP][PASSED] - delay(5): Delayed 5 second(s)

2019-12-05 01:52:41 - [MESSAGE][PASSED] - Delayed 5 second(s)

2019-12-05 01:52:41 - [TEST_STEP][PASSED] - click(findTestObject("Object Repository/Endorse skills/Page_View Profile/span_Endorse Skills")): Object: 'Object Repository/Endorse skills/Page_View Profile/span_Endorse Skills' is clicked on

2019-12-05 01:52:44 - [MESSAGE][PASSED] - Object: 'Object Repository/Endorse skills/Page_View Profile/span_Endorse Skills' is clicked on

2019-12-05 01:52:44 - [TEST_STEP][NOT_RUN] - delay(5): NOT_RUN: delay(5)

2019-12-05 01:52:44 - [MESSAGE][NOT_RUN] - NOT_RUN: delay(5)

2019-12-05 01:52:44 - [TEST_STEP][NOT_RUN] - waitForElementClickable(findTestObject("Endorse skills/click on endorse skill"), 5): NOT_RUN: waitForElementClickable(findTestObject("Endorse skills/click on endorse skill"), 5)

2019-12-05 01:52:44 - [MESSAGE][NOT_RUN] - NOT_RUN: waitForElementClickable(findTestObject("Endorse skills/click on endorse skill"), 5)

2019-12-05 01:52:44 - [TEST_STEP][NOT_RUN] - click(findTestObject("Endorse skills/click on endorse skill")): NOT_RUN: click(findTestObject("Endorse skills/click on endorse skill"))

2019-12-05 01:52:44 - [MESSAGE][NOT_RUN] - NOT_RUN: click(findTestObject("Endorse skills/click on endorse skill"))

2019-12-05 01:52:44 - [TEST_STEP][PASSED] - delay(5): Delayed 5 second(s)

2019-12-05 01:52:49 - [MESSAGE][PASSED] - Delayed 5 second(s)

2019-12-05 01:52:49 - [TEST_STEP][PASSED] - click(findTestObject("Endorse skills/Page_View Profile/button_Endorse")): Object: 'Object Repository/Endorse skills/Page_View Profile/button_Endorse' is clicked on

2019-12-05 01:52:50 - [MESSAGE][PASSED] - Object: 'Object Repository/Endorse skills/Page_View Profile/button_Endorse' is clicked on

2019-12-05 01:52:50 - [TEST_STEP][PASSED] - waitForElementClickable(findTestObject("Endorse skills/Page_View Profile/a_OK"), 5): Object 'Object Repository/Endorse skills/Page_View Profile/a_OK' is clickable

2019-12-05 01:52:51 - [MESSAGE][PASSED] - Object 'Object Repository/Endorse skills/Page_View Profile/a_OK' is clickable

2019-12-05 01:52:51 - [TEST_STEP][PASSED] - delay(5): Delayed 5 second(s)

2019-12-05 01:52:56 - [MESSAGE][PASSED] - Delayed 5 second(s)

2019-12-05 01:52:56 - [TEST_STEP][PASSED] - click(findTestObject("Object Repository/Endorse skills/Page_View Profile/a_OK")): Object: 'Object Repository/Endorse skills/Page_View Profile/a_OK' is clicked on

2019-12-05 01:52:56 - [MESSAGE][PASSED] - Object: 'Object Repository/Endorse skills/Page_View Profile/a_OK' is clicked on

2019-12-05 01:52:56 - [TEST_STEP][PASSED] - closeBrowser(): Browser is closed

2019-12-05 01:52:58 - [MESSAGE][PASSED] - Browser is closed

2019-12-05 01:52:58 - [TEST_STEP][PASSED] - Start listener action : afterTestcase: Browser is closed

2019-12-05 01:52:58 - [TEST_STEP][PASSED] - closeBrowser(): Browser is closed

2019-12-05 01:52:58 - [MESSAGE][PASSED] - Browser is closed

2019-12-05 01:53:01 - [TEST_STEP][PASSED] - Video: Video recording for test case 'Test Cases/Endorse skills' .

2019-12-05 01:53:01 - [MESSAGE][INFO] - Video recording for test case 'Test Cases/Endorse skills' .
[[ATTACHMENT|C:\\Users\\Suraj Kumar\\git\\KatalonBDD\\Reports\\20191205_015049\\Sanity prod\\20191205_015049/videos\\test_2.avi]]]]></system-out>
         <system-err><![CDATA[]]></system-err>
      </testcase>
      <testcase name="Test Cases/Flag reviews" time="42.405" classname="Test Cases/Flag reviews" status="PASSED">
         <system-out><![CDATA[2019-12-05 01:53:01 - [TEST_CASE][PASSED] - Test Cases/Flag reviews: Test Cases/Flag reviews

2019-12-05 01:53:01 - [TEST_STEP][PASSED] - Start listener action : beforeTestcase: null

2019-12-05 01:53:01 - [TEST_STEP][PASSED] - openBrowser(ProdAppUrl): Browser is opened with url: 'null'

2019-12-05 01:53:01 - [MESSAGE][INFO] - Starting 'Firefox' driver

2019-12-05 01:53:06 - [MESSAGE][PASSED] - Browser is opened with url: 'null'

2019-12-05 01:53:06 - [TEST_STEP][PASSED] - navigateToUrl("https://www.thework.life/"): Navigate to 'https://www.thework.life/' successfully

2019-12-05 01:53:12 - [MESSAGE][PASSED] - Navigate to 'https://www.thework.life/' successfully

2019-12-05 01:53:12 - [TEST_STEP][PASSED] - setText(findTestObject("Object Repository/flag review/Page_theworklife - Find Great People To Work With/input_Forgot password_username"), "vijayvstest01@gmail.com"): Text 'vijayvstest01@gmail.com' is set on object 'Object Repository/flag review/Page_theworklife - Find Great People To Work With/input_Forgot password_username'

2019-12-05 01:53:12 - [MESSAGE][PASSED] - Text 'vijayvstest01@gmail.com' is set on object 'Object Repository/flag review/Page_theworklife - Find Great People To Work With/input_Forgot password_username'

2019-12-05 01:53:12 - [TEST_STEP][PASSED] - setEncryptedText(findTestObject("Object Repository/flag review/Page_theworklife - Find Great People To Work With/input_Forgot password_password"), "cvW8qx4B2o3F4VwP/kNsqA=="): Text ****** has been set on object 'Object Repository/flag review/Page_theworklife - Find Great People To Work With/input_Forgot password_password'

2019-12-05 01:53:13 - [MESSAGE][PASSED] - Text ****** has been set on object 'Object Repository/flag review/Page_theworklife - Find Great People To Work With/input_Forgot password_password'

2019-12-05 01:53:13 - [TEST_STEP][PASSED] - click(findTestObject("Object Repository/Rate/Page_theworklife - Find Great People To Work With/button_Sign in")): Object: 'Object Repository/Rate/Page_theworklife - Find Great People To Work With/button_Sign in' is clicked on

2019-12-05 01:53:19 - [MESSAGE][PASSED] - Object: 'Object Repository/Rate/Page_theworklife - Find Great People To Work With/button_Sign in' is clicked on

2019-12-05 01:53:19 - [TEST_STEP][PASSED] - click(findTestObject("flag review/Click profile")): Object: 'Object Repository/flag review/Click profile' is clicked on

2019-12-05 01:53:20 - [MESSAGE][PASSED] - Object: 'Object Repository/flag review/Click profile' is clicked on

2019-12-05 01:53:20 - [TEST_STEP][PASSED] - click(findTestObject("flag review/click myprofile")): Object: 'Object Repository/flag review/click myprofile' is clicked on

2019-12-05 01:53:24 - [MESSAGE][PASSED] - Object: 'Object Repository/flag review/click myprofile' is clicked on

2019-12-05 01:53:24 - [TEST_STEP][PASSED] - waitForElementClickable(findTestObject("flag review/Page_View Profile/click btn-btn report"), 7): Object 'Object Repository/flag review/Page_View Profile/click btn-btn report' is clickable

2019-12-05 01:53:24 - [MESSAGE][PASSED] - Object 'Object Repository/flag review/Page_View Profile/click btn-btn report' is clickable

2019-12-05 01:53:24 - [TEST_STEP][PASSED] - click(findTestObject("flag review/Page_View Profile/click btn-btn report")): Object: 'Object Repository/flag review/Page_View Profile/click btn-btn report' is clicked on

2019-12-05 01:53:25 - [MESSAGE][PASSED] - Object: 'Object Repository/flag review/Page_View Profile/click btn-btn report' is clicked on

2019-12-05 01:53:25 - [TEST_STEP][PASSED] - waitForElementPresent(findTestObject("flag review/Page_theworklife - Find Great People To Work With/Report New window"), 3): Object 'Object Repository/flag review/Page_theworklife - Find Great People To Work With/Report New window' is present

2019-12-05 01:53:26 - [MESSAGE][PASSED] - Object 'Object Repository/flag review/Page_theworklife - Find Great People To Work With/Report New window' is present

2019-12-05 01:53:26 - [TEST_STEP][PASSED] - waitForElementClickable(findTestObject("flag review/Page_View Profile/label_Accusatory"), 3): Object 'Object Repository/flag review/Page_View Profile/label_Accusatory' is clickable

2019-12-05 01:53:27 - [MESSAGE][PASSED] - Object 'Object Repository/flag review/Page_View Profile/label_Accusatory' is clickable

2019-12-05 01:53:27 - [TEST_STEP][PASSED] - delay(3): Delayed 3 second(s)

2019-12-05 01:53:30 - [MESSAGE][PASSED] - Delayed 3 second(s)

2019-12-05 01:53:30 - [TEST_STEP][PASSED] - click(findTestObject("Object Repository/flag review/Page_View Profile/label_Accusatory")): Object: 'Object Repository/flag review/Page_View Profile/label_Accusatory' is clicked on

2019-12-05 01:53:30 - [MESSAGE][PASSED] - Object: 'Object Repository/flag review/Page_View Profile/label_Accusatory' is clicked on

2019-12-05 01:53:30 - [TEST_STEP][PASSED] - delay(3): Delayed 3 second(s)

2019-12-05 01:53:33 - [MESSAGE][PASSED] - Delayed 3 second(s)

2019-12-05 01:53:33 - [TEST_STEP][PASSED] - setText(findTestObject("Object Repository/flag review/Page_View Profile/textarea_Detail your complaint_txtDetailReport"), "i dont like it , i am testing flag reviews"): Text 'i dont like it , i am testing flag reviews' is set on object 'Object Repository/flag review/Page_View Profile/textarea_Detail your complaint_txtDetailReport'

2019-12-05 01:53:34 - [MESSAGE][PASSED] - Text 'i dont like it , i am testing flag reviews' is set on object 'Object Repository/flag review/Page_View Profile/textarea_Detail your complaint_txtDetailReport'

2019-12-05 01:53:34 - [TEST_STEP][PASSED] - click(findTestObject("Object Repository/flag review/Page_View Profile/button_Submit")): Object: 'Object Repository/flag review/Page_View Profile/button_Submit' is clicked on

2019-12-05 01:53:35 - [MESSAGE][PASSED] - Object: 'Object Repository/flag review/Page_View Profile/button_Submit' is clicked on

2019-12-05 01:53:35 - [TEST_STEP][PASSED] - waitForElementClickable(findTestObject("flag review/Page_View Profile/a_OK"), 3): Object 'Object Repository/flag review/Page_View Profile/a_OK' is clickable

2019-12-05 01:53:36 - [MESSAGE][PASSED] - Object 'Object Repository/flag review/Page_View Profile/a_OK' is clickable

2019-12-05 01:53:36 - [TEST_STEP][PASSED] - delay(3): Delayed 3 second(s)

2019-12-05 01:53:39 - [MESSAGE][PASSED] - Delayed 3 second(s)

2019-12-05 01:53:39 - [TEST_STEP][PASSED] - click(findTestObject("Object Repository/flag review/Page_View Profile/a_OK")): Object: 'Object Repository/flag review/Page_View Profile/a_OK' is clicked on

2019-12-05 01:53:39 - [MESSAGE][PASSED] - Object: 'Object Repository/flag review/Page_View Profile/a_OK' is clicked on

2019-12-05 01:53:39 - [TEST_STEP][PASSED] - closeBrowser(): Browser is closed

2019-12-05 01:53:41 - [MESSAGE][PASSED] - Browser is closed

2019-12-05 01:53:41 - [TEST_STEP][PASSED] - Start listener action : afterTestcase: Browser is closed

2019-12-05 01:53:41 - [TEST_STEP][PASSED] - closeBrowser(): Browser is closed

2019-12-05 01:53:41 - [MESSAGE][PASSED] - Browser is closed

2019-12-05 01:53:43 - [TEST_STEP][PASSED] - Video: Video recording for test case 'Test Cases/Flag reviews' .

2019-12-05 01:53:43 - [MESSAGE][INFO] - Video recording for test case 'Test Cases/Flag reviews' .
[[ATTACHMENT|C:\\Users\\Suraj Kumar\\git\\KatalonBDD\\Reports\\20191205_015049\\Sanity prod\\20191205_015049/videos\\test_3.avi]]]]></system-out>
         <system-err><![CDATA[]]></system-err>
      </testcase>
      <testcase name="Test Cases/Post something" time="24.878" classname="Test Cases/Post something" status="PASSED">
         <system-out><![CDATA[2019-12-05 01:53:43 - [TEST_CASE][PASSED] - Test Cases/Post something: Test Cases/Post something

2019-12-05 01:53:43 - [TEST_STEP][PASSED] - Start listener action : beforeTestcase: null

2019-12-05 01:53:43 - [TEST_STEP][PASSED] - openBrowser(ProdAppUrl): Browser is opened with url: 'null'

2019-12-05 01:53:43 - [MESSAGE][INFO] - Starting 'Firefox' driver

2019-12-05 01:53:47 - [MESSAGE][PASSED] - Browser is opened with url: 'null'

2019-12-05 01:53:47 - [TEST_STEP][PASSED] - navigateToUrl("https://www.thework.life/"): Navigate to 'https://www.thework.life/' successfully

2019-12-05 01:53:53 - [MESSAGE][PASSED] - Navigate to 'https://www.thework.life/' successfully

2019-12-05 01:53:53 - [TEST_STEP][PASSED] - setText(findTestObject("Object Repository/Post case/Page_theworklife - Find Great People To Work With/input_Forgot password_username"), "vijayvstest01@gmail.com"): Text 'vijayvstest01@gmail.com' is set on object 'Object Repository/Post case/Page_theworklife - Find Great People To Work With/input_Forgot password_username'

2019-12-05 01:53:53 - [MESSAGE][PASSED] - Text 'vijayvstest01@gmail.com' is set on object 'Object Repository/Post case/Page_theworklife - Find Great People To Work With/input_Forgot password_username'

2019-12-05 01:53:53 - [TEST_STEP][PASSED] - setEncryptedText(findTestObject("Object Repository/Post case/Page_theworklife - Find Great People To Work With/input_Forgot password_password"), "cvW8qx4B2o3F4VwP/kNsqA=="): Text ****** has been set on object 'Object Repository/Post case/Page_theworklife - Find Great People To Work With/input_Forgot password_password'

2019-12-05 01:53:54 - [MESSAGE][PASSED] - Text ****** has been set on object 'Object Repository/Post case/Page_theworklife - Find Great People To Work With/input_Forgot password_password'

2019-12-05 01:53:54 - [TEST_STEP][PASSED] - click(findTestObject("Object Repository/Post case/Page_theworklife - Find Great People To Work With/button_Sign in")): Object: 'Object Repository/Post case/Page_theworklife - Find Great People To Work With/button_Sign in' is clicked on

2019-12-05 01:53:59 - [MESSAGE][PASSED] - Object: 'Object Repository/Post case/Page_theworklife - Find Great People To Work With/button_Sign in' is clicked on

2019-12-05 01:53:59 - [TEST_STEP][PASSED] - setText(findTestObject("Object Repository/Post case/Page_Home/textarea_suraj kumar_txtUserPost"), "Hello my name is uraj"): Text 'Hello my name is uraj' is set on object 'Object Repository/Post case/Page_Home/textarea_suraj kumar_txtUserPost'

2019-12-05 01:54:02 - [MESSAGE][PASSED] - Text 'Hello my name is uraj' is set on object 'Object Repository/Post case/Page_Home/textarea_suraj kumar_txtUserPost'

2019-12-05 01:54:02 - [TEST_STEP][PASSED] - click(findTestObject("Object Repository/Post case/Page_Home/button_post")): Object: 'Object Repository/Post case/Page_Home/button_post' is clicked on

2019-12-05 01:54:03 - [MESSAGE][PASSED] - Object: 'Object Repository/Post case/Page_Home/button_post' is clicked on

2019-12-05 01:54:03 - [TEST_STEP][PASSED] - verifyElementVisible(findTestObject("Post case/Page_Home/p_Hello my name is uraj"), STOP_ON_FAILURE): Object 'Object Repository/Post case/Page_Home/p_Hello my name is uraj' is visible

2019-12-05 01:54:04 - [MESSAGE][PASSED] - Object 'Object Repository/Post case/Page_Home/p_Hello my name is uraj' is visible

2019-12-05 01:54:04 - [TEST_STEP][PASSED] - closeBrowser(): Browser is closed

2019-12-05 01:54:06 - [MESSAGE][PASSED] - Browser is closed

2019-12-05 01:54:06 - [TEST_STEP][PASSED] - Start listener action : afterTestcase: Browser is closed

2019-12-05 01:54:06 - [TEST_STEP][PASSED] - closeBrowser(): Browser is closed

2019-12-05 01:54:06 - [MESSAGE][PASSED] - Browser is closed

2019-12-05 01:54:08 - [TEST_STEP][PASSED] - Video: Video recording for test case 'Test Cases/Post something' .

2019-12-05 01:54:08 - [MESSAGE][INFO] - Video recording for test case 'Test Cases/Post something' .
[[ATTACHMENT|C:\\Users\\Suraj Kumar\\git\\KatalonBDD\\Reports\\20191205_015049\\Sanity prod\\20191205_015049/videos\\test_4.avi]]]]></system-out>
         <system-err><![CDATA[]]></system-err>
      </testcase>
      <testcase name="Test Cases/Rate users" time="359.289" classname="Test Cases/Rate users" status="FAILED">
         <failure type="FAILED" message="Test Cases/Rate users FAILED.
Reason:
com.kms.katalon.core.exception.StepFailedException: Unable to click on object 'Object Repository/Rate/Page_View Profile/button_Next'
	at com.kms.katalon.core.webui.keyword.internal.WebUIKeywordMain.stepFailed(WebUIKeywordMain.groovy:64)
	at com.kms.katalon.core.webui.keyword.internal.WebUIKeywordMain.runKeyword(WebUIKeywordMain.groovy:26)
	at com.kms.katalon.core.webui.keyword.builtin.ClickKeyword.click(ClickKeyword.groovy:103)
	at com.kms.katalon.core.webui.keyword.builtin.ClickKeyword.execute(ClickKeyword.groovy:43)
	at com.kms.katalon.core.keyword.internal.KeywordExecutor.executeKeywordForPlatform(KeywordExecutor.groovy:60)
	at com.kms.katalon.core.webui.keyword.WebUiBuiltInKeywords.click(WebUiBuiltInKeywords.groovy:616)
	at com.kms.katalon.core.webui.keyword.WebUiBuiltInKeywords$click$3.call(Unknown Source)
	at Rate users.run(Rate users:65)
	at com.kms.katalon.core.main.ScriptEngine.run(ScriptEngine.java:194)
	at com.kms.katalon.core.main.ScriptEngine.runScriptAsRawText(ScriptEngine.java:119)
	at com.kms.katalon.core.main.TestCaseExecutor.runScript(TestCaseExecutor.java:337)
	at com.kms.katalon.core.main.TestCaseExecutor.doExecute(TestCaseExecutor.java:328)
	at com.kms.katalon.core.main.TestCaseExecutor.processExecutionPhase(TestCaseExecutor.java:307)
	at com.kms.katalon.core.main.TestCaseExecutor.accessMainPhase(TestCaseExecutor.java:299)
	at com.kms.katalon.core.main.TestCaseExecutor.execute(TestCaseExecutor.java:233)
	at com.kms.katalon.core.main.TestSuiteExecutor.accessTestCaseMainPhase(TestSuiteExecutor.java:169)
	at com.kms.katalon.core.main.TestSuiteExecutor.accessTestSuiteMainPhase(TestSuiteExecutor.java:142)
	at com.kms.katalon.core.main.TestSuiteExecutor.execute(TestSuiteExecutor.java:91)
	at com.kms.katalon.core.main.TestCaseMain.startTestSuite(TestCaseMain.java:157)
	at com.kms.katalon.core.main.TestCaseMain$startTestSuite$0.call(Unknown Source)
	at TempTestSuite1575490849880.run(TempTestSuite1575490849880.groovy:36)
Caused by: com.kms.katalon.core.webui.exception.WebElementNotFoundException: Web element with id: 'Object Repository/Rate/Page_View Profile/button_Next' located by 'By.xpath: //*[@type = 'button' and @id = 'btnSubmitReview' and (text() = 'Next' or . = 'Next')]' not found
	at com.kms.katalon.core.webui.common.WebUiCommonHelper.findWebElement(WebUiCommonHelper.java:1113)
	at com.kms.katalon.core.webui.keyword.internal.WebUIAbstractKeyword.findWebElement(WebUIAbstractKeyword.groovy:27)
	at com.kms.katalon.core.webui.keyword.internal.WebUIAbstractKeyword.findWebElement(WebUIAbstractKeyword.groovy:26)
	at com.kms.katalon.core.webui.keyword.builtin.ClickKeyword$_click_closure1.doCall(ClickKeyword.groovy:68)
	at com.kms.katalon.core.webui.keyword.builtin.ClickKeyword$_click_closure1.call(ClickKeyword.groovy)
	at com.kms.katalon.core.webui.keyword.internal.WebUIKeywordMain.runKeyword(WebUIKeywordMain.groovy:20)
	... 19 more
"/>
         <system-out><![CDATA[2019-12-05 01:54:08 - [TEST_CASE][FAILED] - Test Cases/Rate users: Test Cases/Rate users FAILED.
Reason:
com.kms.katalon.core.exception.StepFailedException: Unable to click on object 'Object Repository/Rate/Page_View Profile/button_Next'
	at com.kms.katalon.core.webui.keyword.internal.WebUIKeywordMain.stepFailed(WebUIKeywordMain.groovy:64)
	at com.kms.katalon.core.webui.keyword.internal.WebUIKeywordMain.runKeyword(WebUIKeywordMain.groovy:26)
	at com.kms.katalon.core.webui.keyword.builtin.ClickKeyword.click(ClickKeyword.groovy:103)
	at com.kms.katalon.core.webui.keyword.builtin.ClickKeyword.execute(ClickKeyword.groovy:43)
	at com.kms.katalon.core.keyword.internal.KeywordExecutor.executeKeywordForPlatform(KeywordExecutor.groovy:60)
	at com.kms.katalon.core.webui.keyword.WebUiBuiltInKeywords.click(WebUiBuiltInKeywords.groovy:616)
	at com.kms.katalon.core.webui.keyword.WebUiBuiltInKeywords$click$3.call(Unknown Source)
	at Rate users.run(Rate users:65)
	at com.kms.katalon.core.main.ScriptEngine.run(ScriptEngine.java:194)
	at com.kms.katalon.core.main.ScriptEngine.runScriptAsRawText(ScriptEngine.java:119)
	at com.kms.katalon.core.main.TestCaseExecutor.runScript(TestCaseExecutor.java:337)
	at com.kms.katalon.core.main.TestCaseExecutor.doExecute(TestCaseExecutor.java:328)
	at com.kms.katalon.core.main.TestCaseExecutor.processExecutionPhase(TestCaseExecutor.java:307)
	at com.kms.katalon.core.main.TestCaseExecutor.accessMainPhase(TestCaseExecutor.java:299)
	at com.kms.katalon.core.main.TestCaseExecutor.execute(TestCaseExecutor.java:233)
	at com.kms.katalon.core.main.TestSuiteExecutor.accessTestCaseMainPhase(TestSuiteExecutor.java:169)
	at com.kms.katalon.core.main.TestSuiteExecutor.accessTestSuiteMainPhase(TestSuiteExecutor.java:142)
	at com.kms.katalon.core.main.TestSuiteExecutor.execute(TestSuiteExecutor.java:91)
	at com.kms.katalon.core.main.TestCaseMain.startTestSuite(TestCaseMain.java:157)
	at com.kms.katalon.core.main.TestCaseMain$startTestSuite$0.call(Unknown Source)
	at TempTestSuite1575490849880.run(TempTestSuite1575490849880.groovy:36)
Caused by: com.kms.katalon.core.webui.exception.WebElementNotFoundException: Web element with id: 'Object Repository/Rate/Page_View Profile/button_Next' located by 'By.xpath: //*[@type = 'button' and @id = 'btnSubmitReview' and (text() = 'Next' or . = 'Next')]' not found
	at com.kms.katalon.core.webui.common.WebUiCommonHelper.findWebElement(WebUiCommonHelper.java:1113)
	at com.kms.katalon.core.webui.keyword.internal.WebUIAbstractKeyword.findWebElement(WebUIAbstractKeyword.groovy:27)
	at com.kms.katalon.core.webui.keyword.internal.WebUIAbstractKeyword.findWebElement(WebUIAbstractKeyword.groovy:26)
	at com.kms.katalon.core.webui.keyword.builtin.ClickKeyword$_click_closure1.doCall(ClickKeyword.groovy:68)
	at com.kms.katalon.core.webui.keyword.builtin.ClickKeyword$_click_closure1.call(ClickKeyword.groovy)
	at com.kms.katalon.core.webui.keyword.internal.WebUIKeywordMain.runKeyword(WebUIKeywordMain.groovy:20)
	... 19 more


2019-12-05 01:54:08 - [TEST_STEP][PASSED] - Start listener action : beforeTestcase: null

2019-12-05 01:54:08 - [TEST_STEP][PASSED] - openBrowser(""): Browser is opened with url: ''

2019-12-05 01:54:08 - [MESSAGE][INFO] - Starting 'Firefox' driver

2019-12-05 01:54:13 - [MESSAGE][PASSED] - Browser is opened with url: ''

2019-12-05 01:54:13 - [TEST_STEP][PASSED] - navigateToUrl("https://www.thework.life"): Navigate to 'https://www.thework.life' successfully

2019-12-05 01:54:18 - [MESSAGE][PASSED] - Navigate to 'https://www.thework.life' successfully

2019-12-05 01:54:18 - [TEST_STEP][PASSED] - setText(findTestObject("Object Repository/Rate/Page_theworklife - Find Great People To Work With/input_Forgot password_username"), "worklifetest10001@gmail.com"): Text 'worklifetest10001@gmail.com' is set on object 'Object Repository/Rate/Page_theworklife - Find Great People To Work With/input_Forgot password_username'

2019-12-05 01:54:19 - [MESSAGE][PASSED] - Text 'worklifetest10001@gmail.com' is set on object 'Object Repository/Rate/Page_theworklife - Find Great People To Work With/input_Forgot password_username'

2019-12-05 01:54:19 - [TEST_STEP][PASSED] - setEncryptedText(findTestObject("Object Repository/Rate/Page_theworklife - Find Great People To Work With/input_Forgot password_password"), "x8UobeF0bbxd7GrPsdhkIlsTrhBxwBw1"): Text ****** has been set on object 'Object Repository/Rate/Page_theworklife - Find Great People To Work With/input_Forgot password_password'

2019-12-05 01:54:19 - [MESSAGE][PASSED] - Text ****** has been set on object 'Object Repository/Rate/Page_theworklife - Find Great People To Work With/input_Forgot password_password'

2019-12-05 01:54:19 - [TEST_STEP][PASSED] - click(findTestObject("Object Repository/Rate/Page_theworklife - Find Great People To Work With/button_Sign in")): Object: 'Object Repository/Rate/Page_theworklife - Find Great People To Work With/button_Sign in' is clicked on

2019-12-05 01:54:22 - [MESSAGE][PASSED] - Object: 'Object Repository/Rate/Page_theworklife - Find Great People To Work With/button_Sign in' is clicked on

2019-12-05 01:54:22 - [TEST_STEP][PASSED] - setEncryptedText(findTestObject("Object Repository/Rate/Page_theworklife - Find Great People To Work With/input_Password does not match_password"), "XU9cBalmEBp1UP+jEU2w4UUBUuNgBY4U"): Text ****** has been set on object 'Object Repository/Rate/Page_theworklife - Find Great People To Work With/input_Password does not match_password'

2019-12-05 01:54:22 - [MESSAGE][PASSED] - Text ****** has been set on object 'Object Repository/Rate/Page_theworklife - Find Great People To Work With/input_Password does not match_password'

2019-12-05 01:54:22 - [TEST_STEP][PASSED] - click(findTestObject("Object Repository/Rate/Page_theworklife - Find Great People To Work With/button_Sign in")): Object: 'Object Repository/Rate/Page_theworklife - Find Great People To Work With/button_Sign in' is clicked on

2019-12-05 01:54:29 - [MESSAGE][PASSED] - Object: 'Object Repository/Rate/Page_theworklife - Find Great People To Work With/button_Sign in' is clicked on

2019-12-05 01:54:29 - [TEST_STEP][PASSED] - setText(findTestObject("Object Repository/Rate/Page_Home/input_View all_searchText"), " vijay test"): Text ' vijay test' is set on object 'Object Repository/Rate/Page_Home/input_View all_searchText'

2019-12-05 01:54:30 - [MESSAGE][PASSED] - Text ' vijay test' is set on object 'Object Repository/Rate/Page_Home/input_View all_searchText'

2019-12-05 01:54:30 - [TEST_STEP][PASSED] - click(findTestObject("Search user/Search user button")): Object: 'Object Repository/Search user/Search user button' is clicked on

2019-12-05 01:54:41 - [MESSAGE][PASSED] - Object: 'Object Repository/Search user/Search user button' is clicked on

2019-12-05 01:54:41 - [TEST_STEP][PASSED] - click(findTestObject("Object Repository/Rate/Page_Search/div_Vijay Test")): Object: 'Object Repository/Rate/Page_Search/div_Vijay Test' is clicked on

2019-12-05 01:54:42 - [MESSAGE][PASSED] - Object: 'Object Repository/Rate/Page_Search/div_Vijay Test' is clicked on

2019-12-05 01:54:42 - [TEST_STEP][PASSED] - click(findTestObject("Object Repository/Rate/Page_View Profile/button_Rate Now")): Object: 'Object Repository/Rate/Page_View Profile/button_Rate Now' is clicked on

2019-12-05 01:54:53 - [MESSAGE][PASSED] - Object: 'Object Repository/Rate/Page_View Profile/button_Rate Now' is clicked on

2019-12-05 01:54:53 - [TEST_STEP][PASSED] - waitForElementClickable(findTestObject("Rate/Page_View Profile/span_Desire to work with again_star3"), 3): Object 'Object Repository/Rate/Page_View Profile/span_Desire to work with again_star3' is clickable

2019-12-05 01:54:55 - [MESSAGE][PASSED] - Object 'Object Repository/Rate/Page_View Profile/span_Desire to work with again_star3' is clickable

2019-12-05 01:54:55 - [TEST_STEP][NOT_RUN] - sleep(10000): NOT_RUN: sleep(10000)

2019-12-05 01:54:55 - [MESSAGE][NOT_RUN] - NOT_RUN: sleep(10000)

2019-12-05 01:54:55 - [TEST_STEP][PASSED] - delay(5): Delayed 5 second(s)

2019-12-05 01:55:00 - [MESSAGE][PASSED] - Delayed 5 second(s)

2019-12-05 01:55:00 - [TEST_STEP][PASSED] - click(findTestObject("Object Repository/Rate/Page_View Profile/span_Desire to work with again_star3")): Object: 'Object Repository/Rate/Page_View Profile/span_Desire to work with again_star3' is clicked on

2019-12-05 01:55:01 - [MESSAGE][ERROR] - TypeError: rect is undefined
Build info: version: '3.141.59', revision: 'e82be7d358', time: '2018-11-14T08:25:53'
System info: host: 'PUN-IT000636', ip: '192.168.43.182', os.name: 'Windows 10', os.arch: 'amd64', os.version: '10.0', java.version: '1.8.0_181'
Driver info: com.kms.katalon.core.webui.driver.firefox.CGeckoDriver
Capabilities {acceptInsecureCerts: true, browserName: firefox, browserVersion: 69.0.3, javascriptEnabled: true, moz:accessibilityChecks: false, moz:buildID: 20191009172106, moz:geckodriverVersion: 0.23.0, moz:headless: false, moz:processID: 22480, moz:profile: C:\Users\Suraj Kumar\AppDat..., moz:shutdownTimeout: 60000, moz:useNonSpecCompliantPointerOrigin: false, moz:webdriverClick: true, pageLoadStrategy: normal, platform: WINDOWS, platformName: WINDOWS, platformVersion: 10.0, proxy: Proxy(direct), rotatable: false, setWindowRect: true, strictFileInteractability: false, timeouts: {implicit: 0, pageLoad: 300000, script: 30000}, unhandledPromptBehavior: dismiss and notify}
Session ID: 778e48c0-28e1-48d3-a595-c52680c89471

2019-12-05 01:55:31 - [MESSAGE][ERROR] - TypeError: rect is undefined
Build info: version: '3.141.59', revision: 'e82be7d358', time: '2018-11-14T08:25:53'
System info: host: 'PUN-IT000636', ip: '192.168.43.182', os.name: 'Windows 10', os.arch: 'amd64', os.version: '10.0', java.version: '1.8.0_181'
Driver info: com.kms.katalon.core.webui.driver.firefox.CGeckoDriver
Capabilities {acceptInsecureCerts: true, browserName: firefox, browserVersion: 69.0.3, javascriptEnabled: true, moz:accessibilityChecks: false, moz:buildID: 20191009172106, moz:geckodriverVersion: 0.23.0, moz:headless: false, moz:processID: 22480, moz:profile: C:\Users\Suraj Kumar\AppDat..., moz:shutdownTimeout: 60000, moz:useNonSpecCompliantPointerOrigin: false, moz:webdriverClick: true, pageLoadStrategy: normal, platform: WINDOWS, platformName: WINDOWS, platformVersion: 10.0, proxy: Proxy(direct), rotatable: false, setWindowRect: true, strictFileInteractability: false, timeouts: {implicit: 0, pageLoad: 300000, script: 30000}, unhandledPromptBehavior: dismiss and notify}
Session ID: 778e48c0-28e1-48d3-a595-c52680c89471

2019-12-05 01:55:31 - [MESSAGE][PASSED] - Object: 'Object Repository/Rate/Page_View Profile/span_Desire to work with again_star3' is clicked on

2019-12-05 01:55:31 - [TEST_STEP][PASSED] - click(findTestObject("Object Repository/Rate/Page_View Profile/span_Encourages work life balance_star3")): Object: 'Object Repository/Rate/Page_View Profile/span_Encourages work life balance_star3' is clicked on

2019-12-05 01:55:31 - [MESSAGE][ERROR] - TypeError: rect is undefined
Build info: version: '3.141.59', revision: 'e82be7d358', time: '2018-11-14T08:25:53'
System info: host: 'PUN-IT000636', ip: '192.168.43.182', os.name: 'Windows 10', os.arch: 'amd64', os.version: '10.0', java.version: '1.8.0_181'
Driver info: com.kms.katalon.core.webui.driver.firefox.CGeckoDriver
Capabilities {acceptInsecureCerts: true, browserName: firefox, browserVersion: 69.0.3, javascriptEnabled: true, moz:accessibilityChecks: false, moz:buildID: 20191009172106, moz:geckodriverVersion: 0.23.0, moz:headless: false, moz:processID: 22480, moz:profile: C:\Users\Suraj Kumar\AppDat..., moz:shutdownTimeout: 60000, moz:useNonSpecCompliantPointerOrigin: false, moz:webdriverClick: true, pageLoadStrategy: normal, platform: WINDOWS, platformName: WINDOWS, platformVersion: 10.0, proxy: Proxy(direct), rotatable: false, setWindowRect: true, strictFileInteractability: false, timeouts: {implicit: 0, pageLoad: 300000, script: 30000}, unhandledPromptBehavior: dismiss and notify}
Session ID: 778e48c0-28e1-48d3-a595-c52680c89471

2019-12-05 01:56:01 - [MESSAGE][ERROR] - TypeError: rect is undefined
Build info: version: '3.141.59', revision: 'e82be7d358', time: '2018-11-14T08:25:53'
System info: host: 'PUN-IT000636', ip: '192.168.43.182', os.name: 'Windows 10', os.arch: 'amd64', os.version: '10.0', java.version: '1.8.0_181'
Driver info: com.kms.katalon.core.webui.driver.firefox.CGeckoDriver
Capabilities {acceptInsecureCerts: true, browserName: firefox, browserVersion: 69.0.3, javascriptEnabled: true, moz:accessibilityChecks: false, moz:buildID: 20191009172106, moz:geckodriverVersion: 0.23.0, moz:headless: false, moz:processID: 22480, moz:profile: C:\Users\Suraj Kumar\AppDat..., moz:shutdownTimeout: 60000, moz:useNonSpecCompliantPointerOrigin: false, moz:webdriverClick: true, pageLoadStrategy: normal, platform: WINDOWS, platformName: WINDOWS, platformVersion: 10.0, proxy: Proxy(direct), rotatable: false, setWindowRect: true, strictFileInteractability: false, timeouts: {implicit: 0, pageLoad: 300000, script: 30000}, unhandledPromptBehavior: dismiss and notify}
Session ID: 778e48c0-28e1-48d3-a595-c52680c89471

2019-12-05 01:56:02 - [MESSAGE][PASSED] - Object: 'Object Repository/Rate/Page_View Profile/span_Encourages work life balance_star3' is clicked on

2019-12-05 01:56:02 - [TEST_STEP][PASSED] - click(findTestObject("Object Repository/Rate/Page_View Profile/span_Dependability_star3")): Object: 'Object Repository/Rate/Page_View Profile/span_Dependability_star3' is clicked on

2019-12-05 01:56:02 - [MESSAGE][ERROR] - TypeError: rect is undefined
Build info: version: '3.141.59', revision: 'e82be7d358', time: '2018-11-14T08:25:53'
System info: host: 'PUN-IT000636', ip: '192.168.43.182', os.name: 'Windows 10', os.arch: 'amd64', os.version: '10.0', java.version: '1.8.0_181'
Driver info: com.kms.katalon.core.webui.driver.firefox.CGeckoDriver
Capabilities {acceptInsecureCerts: true, browserName: firefox, browserVersion: 69.0.3, javascriptEnabled: true, moz:accessibilityChecks: false, moz:buildID: 20191009172106, moz:geckodriverVersion: 0.23.0, moz:headless: false, moz:processID: 22480, moz:profile: C:\Users\Suraj Kumar\AppDat..., moz:shutdownTimeout: 60000, moz:useNonSpecCompliantPointerOrigin: false, moz:webdriverClick: true, pageLoadStrategy: normal, platform: WINDOWS, platformName: WINDOWS, platformVersion: 10.0, proxy: Proxy(direct), rotatable: false, setWindowRect: true, strictFileInteractability: false, timeouts: {implicit: 0, pageLoad: 300000, script: 30000}, unhandledPromptBehavior: dismiss and notify}
Session ID: 778e48c0-28e1-48d3-a595-c52680c89471

2019-12-05 01:56:32 - [MESSAGE][ERROR] - TypeError: rect is undefined
Build info: version: '3.141.59', revision: 'e82be7d358', time: '2018-11-14T08:25:53'
System info: host: 'PUN-IT000636', ip: '192.168.43.182', os.name: 'Windows 10', os.arch: 'amd64', os.version: '10.0', java.version: '1.8.0_181'
Driver info: com.kms.katalon.core.webui.driver.firefox.CGeckoDriver
Capabilities {acceptInsecureCerts: true, browserName: firefox, browserVersion: 69.0.3, javascriptEnabled: true, moz:accessibilityChecks: false, moz:buildID: 20191009172106, moz:geckodriverVersion: 0.23.0, moz:headless: false, moz:processID: 22480, moz:profile: C:\Users\Suraj Kumar\AppDat..., moz:shutdownTimeout: 60000, moz:useNonSpecCompliantPointerOrigin: false, moz:webdriverClick: true, pageLoadStrategy: normal, platform: WINDOWS, platformName: WINDOWS, platformVersion: 10.0, proxy: Proxy(direct), rotatable: false, setWindowRect: true, strictFileInteractability: false, timeouts: {implicit: 0, pageLoad: 300000, script: 30000}, unhandledPromptBehavior: dismiss and notify}
Session ID: 778e48c0-28e1-48d3-a595-c52680c89471

2019-12-05 01:56:32 - [MESSAGE][PASSED] - Object: 'Object Repository/Rate/Page_View Profile/span_Dependability_star3' is clicked on

2019-12-05 01:56:32 - [TEST_STEP][PASSED] - click(findTestObject("Object Repository/Rate/Page_View Profile/span_Solution Seeker_star3")): Object: 'Object Repository/Rate/Page_View Profile/span_Solution Seeker_star3' is clicked on

2019-12-05 01:56:33 - [MESSAGE][ERROR] - TypeError: rect is undefined
Build info: version: '3.141.59', revision: 'e82be7d358', time: '2018-11-14T08:25:53'
System info: host: 'PUN-IT000636', ip: '192.168.43.182', os.name: 'Windows 10', os.arch: 'amd64', os.version: '10.0', java.version: '1.8.0_181'
Driver info: com.kms.katalon.core.webui.driver.firefox.CGeckoDriver
Capabilities {acceptInsecureCerts: true, browserName: firefox, browserVersion: 69.0.3, javascriptEnabled: true, moz:accessibilityChecks: false, moz:buildID: 20191009172106, moz:geckodriverVersion: 0.23.0, moz:headless: false, moz:processID: 22480, moz:profile: C:\Users\Suraj Kumar\AppDat..., moz:shutdownTimeout: 60000, moz:useNonSpecCompliantPointerOrigin: false, moz:webdriverClick: true, pageLoadStrategy: normal, platform: WINDOWS, platformName: WINDOWS, platformVersion: 10.0, proxy: Proxy(direct), rotatable: false, setWindowRect: true, strictFileInteractability: false, timeouts: {implicit: 0, pageLoad: 300000, script: 30000}, unhandledPromptBehavior: dismiss and notify}
Session ID: 778e48c0-28e1-48d3-a595-c52680c89471

2019-12-05 01:57:03 - [MESSAGE][ERROR] - TypeError: rect is undefined
Build info: version: '3.141.59', revision: 'e82be7d358', time: '2018-11-14T08:25:53'
System info: host: 'PUN-IT000636', ip: '192.168.43.182', os.name: 'Windows 10', os.arch: 'amd64', os.version: '10.0', java.version: '1.8.0_181'
Driver info: com.kms.katalon.core.webui.driver.firefox.CGeckoDriver
Capabilities {acceptInsecureCerts: true, browserName: firefox, browserVersion: 69.0.3, javascriptEnabled: true, moz:accessibilityChecks: false, moz:buildID: 20191009172106, moz:geckodriverVersion: 0.23.0, moz:headless: false, moz:processID: 22480, moz:profile: C:\Users\Suraj Kumar\AppDat..., moz:shutdownTimeout: 60000, moz:useNonSpecCompliantPointerOrigin: false, moz:webdriverClick: true, pageLoadStrategy: normal, platform: WINDOWS, platformName: WINDOWS, platformVersion: 10.0, proxy: Proxy(direct), rotatable: false, setWindowRect: true, strictFileInteractability: false, timeouts: {implicit: 0, pageLoad: 300000, script: 30000}, unhandledPromptBehavior: dismiss and notify}
Session ID: 778e48c0-28e1-48d3-a595-c52680c89471

2019-12-05 01:57:03 - [MESSAGE][PASSED] - Object: 'Object Repository/Rate/Page_View Profile/span_Solution Seeker_star3' is clicked on

2019-12-05 01:57:03 - [TEST_STEP][PASSED] - click(findTestObject("Object Repository/Rate/Page_View Profile/span_Willingness to Learn_star3")): Object: 'Object Repository/Rate/Page_View Profile/span_Willingness to Learn_star3' is clicked on

2019-12-05 01:57:16 - [MESSAGE][ERROR] - TypeError: rect is undefined
Build info: version: '3.141.59', revision: 'e82be7d358', time: '2018-11-14T08:25:53'
System info: host: 'PUN-IT000636', ip: '192.168.43.182', os.name: 'Windows 10', os.arch: 'amd64', os.version: '10.0', java.version: '1.8.0_181'
Driver info: com.kms.katalon.core.webui.driver.firefox.CGeckoDriver
Capabilities {acceptInsecureCerts: true, browserName: firefox, browserVersion: 69.0.3, javascriptEnabled: true, moz:accessibilityChecks: false, moz:buildID: 20191009172106, moz:geckodriverVersion: 0.23.0, moz:headless: false, moz:processID: 22480, moz:profile: C:\Users\Suraj Kumar\AppDat..., moz:shutdownTimeout: 60000, moz:useNonSpecCompliantPointerOrigin: false, moz:webdriverClick: true, pageLoadStrategy: normal, platform: WINDOWS, platformName: WINDOWS, platformVersion: 10.0, proxy: Proxy(direct), rotatable: false, setWindowRect: true, strictFileInteractability: false, timeouts: {implicit: 0, pageLoad: 300000, script: 30000}, unhandledPromptBehavior: dismiss and notify}
Session ID: 778e48c0-28e1-48d3-a595-c52680c89471

2019-12-05 01:57:46 - [MESSAGE][ERROR] - TypeError: rect is undefined
Build info: version: '3.141.59', revision: 'e82be7d358', time: '2018-11-14T08:25:53'
System info: host: 'PUN-IT000636', ip: '192.168.43.182', os.name: 'Windows 10', os.arch: 'amd64', os.version: '10.0', java.version: '1.8.0_181'
Driver info: com.kms.katalon.core.webui.driver.firefox.CGeckoDriver
Capabilities {acceptInsecureCerts: true, browserName: firefox, browserVersion: 69.0.3, javascriptEnabled: true, moz:accessibilityChecks: false, moz:buildID: 20191009172106, moz:geckodriverVersion: 0.23.0, moz:headless: false, moz:processID: 22480, moz:profile: C:\Users\Suraj Kumar\AppDat..., moz:shutdownTimeout: 60000, moz:useNonSpecCompliantPointerOrigin: false, moz:webdriverClick: true, pageLoadStrategy: normal, platform: WINDOWS, platformName: WINDOWS, platformVersion: 10.0, proxy: Proxy(direct), rotatable: false, setWindowRect: true, strictFileInteractability: false, timeouts: {implicit: 0, pageLoad: 300000, script: 30000}, unhandledPromptBehavior: dismiss and notify}
Session ID: 778e48c0-28e1-48d3-a595-c52680c89471

2019-12-05 01:57:46 - [MESSAGE][PASSED] - Object: 'Object Repository/Rate/Page_View Profile/span_Willingness to Learn_star3' is clicked on

2019-12-05 01:57:46 - [TEST_STEP][PASSED] - click(findTestObject("Object Repository/Rate/Page_View Profile/span_Enthusiasm_star3")): Object: 'Object Repository/Rate/Page_View Profile/span_Enthusiasm_star3' is clicked on

2019-12-05 01:57:47 - [MESSAGE][ERROR] - TypeError: rect is undefined
Build info: version: '3.141.59', revision: 'e82be7d358', time: '2018-11-14T08:25:53'
System info: host: 'PUN-IT000636', ip: '192.168.43.182', os.name: 'Windows 10', os.arch: 'amd64', os.version: '10.0', java.version: '1.8.0_181'
Driver info: com.kms.katalon.core.webui.driver.firefox.CGeckoDriver
Capabilities {acceptInsecureCerts: true, browserName: firefox, browserVersion: 69.0.3, javascriptEnabled: true, moz:accessibilityChecks: false, moz:buildID: 20191009172106, moz:geckodriverVersion: 0.23.0, moz:headless: false, moz:processID: 22480, moz:profile: C:\Users\Suraj Kumar\AppDat..., moz:shutdownTimeout: 60000, moz:useNonSpecCompliantPointerOrigin: false, moz:webdriverClick: true, pageLoadStrategy: normal, platform: WINDOWS, platformName: WINDOWS, platformVersion: 10.0, proxy: Proxy(direct), rotatable: false, setWindowRect: true, strictFileInteractability: false, timeouts: {implicit: 0, pageLoad: 300000, script: 30000}, unhandledPromptBehavior: dismiss and notify}
Session ID: 778e48c0-28e1-48d3-a595-c52680c89471

2019-12-05 01:58:17 - [MESSAGE][ERROR] - TypeError: rect is undefined
Build info: version: '3.141.59', revision: 'e82be7d358', time: '2018-11-14T08:25:53'
System info: host: 'PUN-IT000636', ip: '192.168.43.182', os.name: 'Windows 10', os.arch: 'amd64', os.version: '10.0', java.version: '1.8.0_181'
Driver info: com.kms.katalon.core.webui.driver.firefox.CGeckoDriver
Capabilities {acceptInsecureCerts: true, browserName: firefox, browserVersion: 69.0.3, javascriptEnabled: true, moz:accessibilityChecks: false, moz:buildID: 20191009172106, moz:geckodriverVersion: 0.23.0, moz:headless: false, moz:processID: 22480, moz:profile: C:\Users\Suraj Kumar\AppDat..., moz:shutdownTimeout: 60000, moz:useNonSpecCompliantPointerOrigin: false, moz:webdriverClick: true, pageLoadStrategy: normal, platform: WINDOWS, platformName: WINDOWS, platformVersion: 10.0, proxy: Proxy(direct), rotatable: false, setWindowRect: true, strictFileInteractability: false, timeouts: {implicit: 0, pageLoad: 300000, script: 30000}, unhandledPromptBehavior: dismiss and notify}
Session ID: 778e48c0-28e1-48d3-a595-c52680c89471

2019-12-05 01:58:17 - [MESSAGE][PASSED] - Object: 'Object Repository/Rate/Page_View Profile/span_Enthusiasm_star3' is clicked on

2019-12-05 01:58:17 - [TEST_STEP][PASSED] - click(findTestObject("Object Repository/Rate/Page_View Profile/span_Clarity in Communication_star3")): Object: 'Object Repository/Rate/Page_View Profile/span_Clarity in Communication_star3' is clicked on

2019-12-05 01:58:18 - [MESSAGE][ERROR] - TypeError: rect is undefined
Build info: version: '3.141.59', revision: 'e82be7d358', time: '2018-11-14T08:25:53'
System info: host: 'PUN-IT000636', ip: '192.168.43.182', os.name: 'Windows 10', os.arch: 'amd64', os.version: '10.0', java.version: '1.8.0_181'
Driver info: com.kms.katalon.core.webui.driver.firefox.CGeckoDriver
Capabilities {acceptInsecureCerts: true, browserName: firefox, browserVersion: 69.0.3, javascriptEnabled: true, moz:accessibilityChecks: false, moz:buildID: 20191009172106, moz:geckodriverVersion: 0.23.0, moz:headless: false, moz:processID: 22480, moz:profile: C:\Users\Suraj Kumar\AppDat..., moz:shutdownTimeout: 60000, moz:useNonSpecCompliantPointerOrigin: false, moz:webdriverClick: true, pageLoadStrategy: normal, platform: WINDOWS, platformName: WINDOWS, platformVersion: 10.0, proxy: Proxy(direct), rotatable: false, setWindowRect: true, strictFileInteractability: false, timeouts: {implicit: 0, pageLoad: 300000, script: 30000}, unhandledPromptBehavior: dismiss and notify}
Session ID: 778e48c0-28e1-48d3-a595-c52680c89471

2019-12-05 01:58:48 - [MESSAGE][ERROR] - TypeError: rect is undefined
Build info: version: '3.141.59', revision: 'e82be7d358', time: '2018-11-14T08:25:53'
System info: host: 'PUN-IT000636', ip: '192.168.43.182', os.name: 'Windows 10', os.arch: 'amd64', os.version: '10.0', java.version: '1.8.0_181'
Driver info: com.kms.katalon.core.webui.driver.firefox.CGeckoDriver
Capabilities {acceptInsecureCerts: true, browserName: firefox, browserVersion: 69.0.3, javascriptEnabled: true, moz:accessibilityChecks: false, moz:buildID: 20191009172106, moz:geckodriverVersion: 0.23.0, moz:headless: false, moz:processID: 22480, moz:profile: C:\Users\Suraj Kumar\AppDat..., moz:shutdownTimeout: 60000, moz:useNonSpecCompliantPointerOrigin: false, moz:webdriverClick: true, pageLoadStrategy: normal, platform: WINDOWS, platformName: WINDOWS, platformVersion: 10.0, proxy: Proxy(direct), rotatable: false, setWindowRect: true, strictFileInteractability: false, timeouts: {implicit: 0, pageLoad: 300000, script: 30000}, unhandledPromptBehavior: dismiss and notify}
Session ID: 778e48c0-28e1-48d3-a595-c52680c89471

2019-12-05 01:58:48 - [MESSAGE][PASSED] - Object: 'Object Repository/Rate/Page_View Profile/span_Clarity in Communication_star3' is clicked on

2019-12-05 01:58:48 - [TEST_STEP][PASSED] - click(findTestObject("Object Repository/Rate/Page_View Profile/span_Mutual Respect_star3")): Object: 'Object Repository/Rate/Page_View Profile/span_Mutual Respect_star3' is clicked on

2019-12-05 01:58:48 - [MESSAGE][ERROR] - TypeError: rect is undefined
Build info: version: '3.141.59', revision: 'e82be7d358', time: '2018-11-14T08:25:53'
System info: host: 'PUN-IT000636', ip: '192.168.43.182', os.name: 'Windows 10', os.arch: 'amd64', os.version: '10.0', java.version: '1.8.0_181'
Driver info: com.kms.katalon.core.webui.driver.firefox.CGeckoDriver
Capabilities {acceptInsecureCerts: true, browserName: firefox, browserVersion: 69.0.3, javascriptEnabled: true, moz:accessibilityChecks: false, moz:buildID: 20191009172106, moz:geckodriverVersion: 0.23.0, moz:headless: false, moz:processID: 22480, moz:profile: C:\Users\Suraj Kumar\AppDat..., moz:shutdownTimeout: 60000, moz:useNonSpecCompliantPointerOrigin: false, moz:webdriverClick: true, pageLoadStrategy: normal, platform: WINDOWS, platformName: WINDOWS, platformVersion: 10.0, proxy: Proxy(direct), rotatable: false, setWindowRect: true, strictFileInteractability: false, timeouts: {implicit: 0, pageLoad: 300000, script: 30000}, unhandledPromptBehavior: dismiss and notify}
Session ID: 778e48c0-28e1-48d3-a595-c52680c89471

2019-12-05 01:59:19 - [MESSAGE][ERROR] - TypeError: rect is undefined
Build info: version: '3.141.59', revision: 'e82be7d358', time: '2018-11-14T08:25:53'
System info: host: 'PUN-IT000636', ip: '192.168.43.182', os.name: 'Windows 10', os.arch: 'amd64', os.version: '10.0', java.version: '1.8.0_181'
Driver info: com.kms.katalon.core.webui.driver.firefox.CGeckoDriver
Capabilities {acceptInsecureCerts: true, browserName: firefox, browserVersion: 69.0.3, javascriptEnabled: true, moz:accessibilityChecks: false, moz:buildID: 20191009172106, moz:geckodriverVersion: 0.23.0, moz:headless: false, moz:processID: 22480, moz:profile: C:\Users\Suraj Kumar\AppDat..., moz:shutdownTimeout: 60000, moz:useNonSpecCompliantPointerOrigin: false, moz:webdriverClick: true, pageLoadStrategy: normal, platform: WINDOWS, platformName: WINDOWS, platformVersion: 10.0, proxy: Proxy(direct), rotatable: false, setWindowRect: true, strictFileInteractability: false, timeouts: {implicit: 0, pageLoad: 300000, script: 30000}, unhandledPromptBehavior: dismiss and notify}
Session ID: 778e48c0-28e1-48d3-a595-c52680c89471

2019-12-05 01:59:19 - [MESSAGE][PASSED] - Object: 'Object Repository/Rate/Page_View Profile/span_Mutual Respect_star3' is clicked on

2019-12-05 01:59:19 - [TEST_STEP][FAILED] - click(findTestObject("Object Repository/Rate/Page_View Profile/button_Next")): Unable to click on object 'Object Repository/Rate/Page_View Profile/button_Next' (Root cause: com.kms.katalon.core.exception.StepFailedException: Unable to click on object 'Object Repository/Rate/Page_View Profile/button_Next'
	at com.kms.katalon.core.webui.keyword.internal.WebUIKeywordMain.stepFailed(WebUIKeywordMain.groovy:64)
	at com.kms.katalon.core.webui.keyword.internal.WebUIKeywordMain.runKeyword(WebUIKeywordMain.groovy:26)
	at com.kms.katalon.core.webui.keyword.builtin.ClickKeyword.click(ClickKeyword.groovy:103)
	at com.kms.katalon.core.webui.keyword.builtin.ClickKeyword.execute(ClickKeyword.groovy:43)
	at com.kms.katalon.core.keyword.internal.KeywordExecutor.executeKeywordForPlatform(KeywordExecutor.groovy:60)
	at com.kms.katalon.core.webui.keyword.WebUiBuiltInKeywords.click(WebUiBuiltInKeywords.groovy:616)
	at com.kms.katalon.core.webui.keyword.WebUiBuiltInKeywords$click$3.call(Unknown Source)
	at Rate users.run(Rate users:65)
	at com.kms.katalon.core.main.ScriptEngine.run(ScriptEngine.java:194)
	at com.kms.katalon.core.main.ScriptEngine.runScriptAsRawText(ScriptEngine.java:119)
	at com.kms.katalon.core.main.TestCaseExecutor.runScript(TestCaseExecutor.java:337)
	at com.kms.katalon.core.main.TestCaseExecutor.doExecute(TestCaseExecutor.java:328)
	at com.kms.katalon.core.main.TestCaseExecutor.processExecutionPhase(TestCaseExecutor.java:307)
	at com.kms.katalon.core.main.TestCaseExecutor.accessMainPhase(TestCaseExecutor.java:299)
	at com.kms.katalon.core.main.TestCaseExecutor.execute(TestCaseExecutor.java:233)
	at com.kms.katalon.core.main.TestSuiteExecutor.accessTestCaseMainPhase(TestSuiteExecutor.java:169)
	at com.kms.katalon.core.main.TestSuiteExecutor.accessTestSuiteMainPhase(TestSuiteExecutor.java:142)
	at com.kms.katalon.core.main.TestSuiteExecutor.execute(TestSuiteExecutor.java:91)
	at com.kms.katalon.core.main.TestCaseMain.startTestSuite(TestCaseMain.java:157)
	at com.kms.katalon.core.main.TestCaseMain$startTestSuite$0.call(Unknown Source)
	at TempTestSuite1575490849880.run(TempTestSuite1575490849880.groovy:36)
Caused by: com.kms.katalon.core.webui.exception.WebElementNotFoundException: Web element with id: 'Object Repository/Rate/Page_View Profile/button_Next' located by 'By.xpath: //*[@type = 'button' and @id = 'btnSubmitReview' and (text() = 'Next' or . = 'Next')]' not found
	at com.kms.katalon.core.webui.common.WebUiCommonHelper.findWebElement(WebUiCommonHelper.java:1113)
	at com.kms.katalon.core.webui.keyword.internal.WebUIAbstractKeyword.findWebElement(WebUIAbstractKeyword.groovy:27)
	at com.kms.katalon.core.webui.keyword.internal.WebUIAbstractKeyword.findWebElement(WebUIAbstractKeyword.groovy:26)
	at com.kms.katalon.core.webui.keyword.builtin.ClickKeyword$_click_closure1.doCall(ClickKeyword.groovy:68)
	at com.kms.katalon.core.webui.keyword.builtin.ClickKeyword$_click_closure1.call(ClickKeyword.groovy)
	at com.kms.katalon.core.webui.keyword.internal.WebUIKeywordMain.runKeyword(WebUIKeywordMain.groovy:20)
	at com.kms.katalon.core.webui.keyword.builtin.ClickKeyword.click(ClickKeyword.groovy:103)
	at com.kms.katalon.core.webui.keyword.builtin.ClickKeyword.execute(ClickKeyword.groovy:43)
	at com.kms.katalon.core.keyword.internal.KeywordExecutor.executeKeywordForPlatform(KeywordExecutor.groovy:60)
	at com.kms.katalon.core.webui.keyword.WebUiBuiltInKeywords.click(WebUiBuiltInKeywords.groovy:616)
	at com.kms.katalon.core.webui.keyword.WebUiBuiltInKeywords$click$3.call(Unknown Source)
	at Script1570259205189.run(Script1570259205189.groovy:65)
	... 13 more
)

2019-12-05 02:00:03 - [MESSAGE][INFO] - Unable to find the element located by 'By.xpath: //*[@type = 'button' and @id = 'btnSubmitReview' and (text() = 'Next' or . = 'Next')]'. Please recheck the objects properties to make sure the desired element is located. 

2019-12-05 02:00:03 - [MESSAGE][FAILED] - Unable to click on object 'Object Repository/Rate/Page_View Profile/button_Next' (Root cause: com.kms.katalon.core.exception.StepFailedException: Unable to click on object 'Object Repository/Rate/Page_View Profile/button_Next'
	at com.kms.katalon.core.webui.keyword.internal.WebUIKeywordMain.stepFailed(WebUIKeywordMain.groovy:64)
	at com.kms.katalon.core.webui.keyword.internal.WebUIKeywordMain.runKeyword(WebUIKeywordMain.groovy:26)
	at com.kms.katalon.core.webui.keyword.builtin.ClickKeyword.click(ClickKeyword.groovy:103)
	at com.kms.katalon.core.webui.keyword.builtin.ClickKeyword.execute(ClickKeyword.groovy:43)
	at com.kms.katalon.core.keyword.internal.KeywordExecutor.executeKeywordForPlatform(KeywordExecutor.groovy:60)
	at com.kms.katalon.core.webui.keyword.WebUiBuiltInKeywords.click(WebUiBuiltInKeywords.groovy:616)
	at com.kms.katalon.core.webui.keyword.WebUiBuiltInKeywords$click$3.call(Unknown Source)
	at Rate users.run(Rate users:65)
	at com.kms.katalon.core.main.ScriptEngine.run(ScriptEngine.java:194)
	at com.kms.katalon.core.main.ScriptEngine.runScriptAsRawText(ScriptEngine.java:119)
	at com.kms.katalon.core.main.TestCaseExecutor.runScript(TestCaseExecutor.java:337)
	at com.kms.katalon.core.main.TestCaseExecutor.doExecute(TestCaseExecutor.java:328)
	at com.kms.katalon.core.main.TestCaseExecutor.processExecutionPhase(TestCaseExecutor.java:307)
	at com.kms.katalon.core.main.TestCaseExecutor.accessMainPhase(TestCaseExecutor.java:299)
	at com.kms.katalon.core.main.TestCaseExecutor.execute(TestCaseExecutor.java:233)
	at com.kms.katalon.core.main.TestSuiteExecutor.accessTestCaseMainPhase(TestSuiteExecutor.java:169)
	at com.kms.katalon.core.main.TestSuiteExecutor.accessTestSuiteMainPhase(TestSuiteExecutor.java:142)
	at com.kms.katalon.core.main.TestSuiteExecutor.execute(TestSuiteExecutor.java:91)
	at com.kms.katalon.core.main.TestCaseMain.startTestSuite(TestCaseMain.java:157)
	at com.kms.katalon.core.main.TestCaseMain$startTestSuite$0.call(Unknown Source)
	at TempTestSuite1575490849880.run(TempTestSuite1575490849880.groovy:36)
Caused by: com.kms.katalon.core.webui.exception.WebElementNotFoundException: Web element with id: 'Object Repository/Rate/Page_View Profile/button_Next' located by 'By.xpath: //*[@type = 'button' and @id = 'btnSubmitReview' and (text() = 'Next' or . = 'Next')]' not found
	at com.kms.katalon.core.webui.common.WebUiCommonHelper.findWebElement(WebUiCommonHelper.java:1113)
	at com.kms.katalon.core.webui.keyword.internal.WebUIAbstractKeyword.findWebElement(WebUIAbstractKeyword.groovy:27)
	at com.kms.katalon.core.webui.keyword.internal.WebUIAbstractKeyword.findWebElement(WebUIAbstractKeyword.groovy:26)
	at com.kms.katalon.core.webui.keyword.builtin.ClickKeyword$_click_closure1.doCall(ClickKeyword.groovy:68)
	at com.kms.katalon.core.webui.keyword.builtin.ClickKeyword$_click_closure1.call(ClickKeyword.groovy)
	at com.kms.katalon.core.webui.keyword.internal.WebUIKeywordMain.runKeyword(WebUIKeywordMain.groovy:20)
	at com.kms.katalon.core.webui.keyword.builtin.ClickKeyword.click(ClickKeyword.groovy:103)
	at com.kms.katalon.core.webui.keyword.builtin.ClickKeyword.execute(ClickKeyword.groovy:43)
	at com.kms.katalon.core.keyword.internal.KeywordExecutor.executeKeywordForPlatform(KeywordExecutor.groovy:60)
	at com.kms.katalon.core.webui.keyword.WebUiBuiltInKeywords.click(WebUiBuiltInKeywords.groovy:616)
	at com.kms.katalon.core.webui.keyword.WebUiBuiltInKeywords$click$3.call(Unknown Source)
	at Script1570259205189.run(Script1570259205189.groovy:65)
	... 13 more
)
[[ATTACHMENT|C:\\Users\\Suraj Kumar\\git\\KatalonBDD\\Reports\\20191205_015049\\Sanity prod\\20191205_015049\\1575491403166.png]]

2019-12-05 02:00:03 - [TEST_STEP][PASSED] - Start listener action : afterTestcase: Browser is closed

2019-12-05 02:00:03 - [TEST_STEP][PASSED] - closeBrowser(): Browser is closed

2019-12-05 02:00:04 - [MESSAGE][PASSED] - Browser is closed

2019-12-05 02:00:07 - [TEST_STEP][PASSED] - Video: Video recording for test case 'Test Cases/Rate users' .

2019-12-05 02:00:07 - [MESSAGE][INFO] - Video recording for test case 'Test Cases/Rate users' .
[[ATTACHMENT|C:\\Users\\Suraj Kumar\\git\\KatalonBDD\\Reports\\20191205_015049\\Sanity prod\\20191205_015049/videos\\test_5.avi]]]]></system-out>
         <system-err><![CDATA[2019-12-05 01:54:08 - [TEST_CASE][FAILED] - Test Cases/Rate users: Test Cases/Rate users FAILED.
Reason:
com.kms.katalon.core.exception.StepFailedException: Unable to click on object 'Object Repository/Rate/Page_View Profile/button_Next'
	at com.kms.katalon.core.webui.keyword.internal.WebUIKeywordMain.stepFailed(WebUIKeywordMain.groovy:64)
	at com.kms.katalon.core.webui.keyword.internal.WebUIKeywordMain.runKeyword(WebUIKeywordMain.groovy:26)
	at com.kms.katalon.core.webui.keyword.builtin.ClickKeyword.click(ClickKeyword.groovy:103)
	at com.kms.katalon.core.webui.keyword.builtin.ClickKeyword.execute(ClickKeyword.groovy:43)
	at com.kms.katalon.core.keyword.internal.KeywordExecutor.executeKeywordForPlatform(KeywordExecutor.groovy:60)
	at com.kms.katalon.core.webui.keyword.WebUiBuiltInKeywords.click(WebUiBuiltInKeywords.groovy:616)
	at com.kms.katalon.core.webui.keyword.WebUiBuiltInKeywords$click$3.call(Unknown Source)
	at Rate users.run(Rate users:65)
	at com.kms.katalon.core.main.ScriptEngine.run(ScriptEngine.java:194)
	at com.kms.katalon.core.main.ScriptEngine.runScriptAsRawText(ScriptEngine.java:119)
	at com.kms.katalon.core.main.TestCaseExecutor.runScript(TestCaseExecutor.java:337)
	at com.kms.katalon.core.main.TestCaseExecutor.doExecute(TestCaseExecutor.java:328)
	at com.kms.katalon.core.main.TestCaseExecutor.processExecutionPhase(TestCaseExecutor.java:307)
	at com.kms.katalon.core.main.TestCaseExecutor.accessMainPhase(TestCaseExecutor.java:299)
	at com.kms.katalon.core.main.TestCaseExecutor.execute(TestCaseExecutor.java:233)
	at com.kms.katalon.core.main.TestSuiteExecutor.accessTestCaseMainPhase(TestSuiteExecutor.java:169)
	at com.kms.katalon.core.main.TestSuiteExecutor.accessTestSuiteMainPhase(TestSuiteExecutor.java:142)
	at com.kms.katalon.core.main.TestSuiteExecutor.execute(TestSuiteExecutor.java:91)
	at com.kms.katalon.core.main.TestCaseMain.startTestSuite(TestCaseMain.java:157)
	at com.kms.katalon.core.main.TestCaseMain$startTestSuite$0.call(Unknown Source)
	at TempTestSuite1575490849880.run(TempTestSuite1575490849880.groovy:36)
Caused by: com.kms.katalon.core.webui.exception.WebElementNotFoundException: Web element with id: 'Object Repository/Rate/Page_View Profile/button_Next' located by 'By.xpath: //*[@type = 'button' and @id = 'btnSubmitReview' and (text() = 'Next' or . = 'Next')]' not found
	at com.kms.katalon.core.webui.common.WebUiCommonHelper.findWebElement(WebUiCommonHelper.java:1113)
	at com.kms.katalon.core.webui.keyword.internal.WebUIAbstractKeyword.findWebElement(WebUIAbstractKeyword.groovy:27)
	at com.kms.katalon.core.webui.keyword.internal.WebUIAbstractKeyword.findWebElement(WebUIAbstractKeyword.groovy:26)
	at com.kms.katalon.core.webui.keyword.builtin.ClickKeyword$_click_closure1.doCall(ClickKeyword.groovy:68)
	at com.kms.katalon.core.webui.keyword.builtin.ClickKeyword$_click_closure1.call(ClickKeyword.groovy)
	at com.kms.katalon.core.webui.keyword.internal.WebUIKeywordMain.runKeyword(WebUIKeywordMain.groovy:20)
	... 19 more]]></system-err>
      </testcase>
      <testcase name="Test Cases/Search users" time="41.46" classname="Test Cases/Search users" status="PASSED">
         <system-out><![CDATA[2019-12-05 02:00:07 - [TEST_CASE][PASSED] - Test Cases/Search users: Test Cases/Search users

2019-12-05 02:00:07 - [TEST_STEP][PASSED] - Start listener action : beforeTestcase: null

2019-12-05 02:00:08 - [TEST_STEP][PASSED] - openBrowser(ProdAppUrl): Browser is opened with url: 'null'

2019-12-05 02:00:08 - [MESSAGE][INFO] - Starting 'Firefox' driver

2019-12-05 02:00:12 - [MESSAGE][PASSED] - Browser is opened with url: 'null'

2019-12-05 02:00:12 - [TEST_STEP][PASSED] - navigateToUrl("https://www.thework.life/"): Navigate to 'https://www.thework.life/' successfully

2019-12-05 02:00:18 - [MESSAGE][PASSED] - Navigate to 'https://www.thework.life/' successfully

2019-12-05 02:00:18 - [TEST_STEP][PASSED] - setText(findTestObject("Object Repository/Search user/Page_theworklife - Find Great People To Work With/input_Forgot password_username"), "worklifetest10001@gmail.com"): Text 'worklifetest10001@gmail.com' is set on object 'Object Repository/Search user/Page_theworklife - Find Great People To Work With/input_Forgot password_username'

2019-12-05 02:00:19 - [MESSAGE][PASSED] - Text 'worklifetest10001@gmail.com' is set on object 'Object Repository/Search user/Page_theworklife - Find Great People To Work With/input_Forgot password_username'

2019-12-05 02:00:19 - [TEST_STEP][PASSED] - setEncryptedText(findTestObject("Object Repository/Search user/Page_theworklife - Find Great People To Work With/input_Forgot password_password"), "XU9cBalmEBp1UP+jEU2w4UUBUuNgBY4U"): Text ****** has been set on object 'Object Repository/Search user/Page_theworklife - Find Great People To Work With/input_Forgot password_password'

2019-12-05 02:00:19 - [MESSAGE][PASSED] - Text ****** has been set on object 'Object Repository/Search user/Page_theworklife - Find Great People To Work With/input_Forgot password_password'

2019-12-05 02:00:19 - [TEST_STEP][PASSED] - click(findTestObject("Object Repository/Search user/Page_theworklife - Find Great People To Work With/button_Sign in")): Object: 'Object Repository/Search user/Page_theworklife - Find Great People To Work With/button_Sign in' is clicked on

2019-12-05 02:00:27 - [MESSAGE][PASSED] - Object: 'Object Repository/Search user/Page_theworklife - Find Great People To Work With/button_Sign in' is clicked on

2019-12-05 02:00:27 - [TEST_STEP][PASSED] - waitForElementClickable(findTestObject("Object Repository/Rate/Page_Home/input_View all_searchText"), 2): Object 'Object Repository/Rate/Page_Home/input_View all_searchText' is clickable

2019-12-05 02:00:27 - [MESSAGE][PASSED] - Object 'Object Repository/Rate/Page_Home/input_View all_searchText' is clickable

2019-12-05 02:00:27 - [TEST_STEP][PASSED] - setText(findTestObject("Object Repository/Rate/Page_Home/input_View all_searchText"), "vijay test"): Text 'vijay test' is set on object 'Object Repository/Rate/Page_Home/input_View all_searchText'

2019-12-05 02:00:28 - [MESSAGE][PASSED] - Text 'vijay test' is set on object 'Object Repository/Rate/Page_Home/input_View all_searchText'

2019-12-05 02:00:28 - [TEST_STEP][PASSED] - click(findTestObject("Search user/Search user button")): Object: 'Object Repository/Search user/Search user button' is clicked on

2019-12-05 02:00:44 - [MESSAGE][PASSED] - Object: 'Object Repository/Search user/Search user button' is clicked on

2019-12-05 02:00:44 - [TEST_STEP][PASSED] - click(findTestObject("Object Repository/Rate/Page_Search/div_Vijay Test")): Object: 'Object Repository/Rate/Page_Search/div_Vijay Test' is clicked on

2019-12-05 02:00:44 - [MESSAGE][PASSED] - Object: 'Object Repository/Rate/Page_Search/div_Vijay Test' is clicked on

2019-12-05 02:00:44 - [TEST_STEP][PASSED] - closeBrowser(): Browser is closed

2019-12-05 02:00:46 - [MESSAGE][PASSED] - Browser is closed

2019-12-05 02:00:46 - [TEST_STEP][PASSED] - Start listener action : afterTestcase: Browser is closed

2019-12-05 02:00:46 - [TEST_STEP][PASSED] - closeBrowser(): Browser is closed

2019-12-05 02:00:46 - [MESSAGE][PASSED] - Browser is closed

2019-12-05 02:00:49 - [TEST_STEP][PASSED] - Video: Video recording for test case 'Test Cases/Search users' .

2019-12-05 02:00:49 - [MESSAGE][INFO] - Video recording for test case 'Test Cases/Search users' .
[[ATTACHMENT|C:\\Users\\Suraj Kumar\\git\\KatalonBDD\\Reports\\20191205_015049\\Sanity prod\\20191205_015049/videos\\test_6.avi]]]]></system-out>
         <system-err><![CDATA[]]></system-err>
      </testcase>
      <testcase name="Test Cases/workLifeTest/ProfileCreationAddSkill" time="57.145" classname="Test Cases/workLifeTest/ProfileCreationAddSkill" status="PASSED">
         <system-out><![CDATA[2019-12-05 02:00:49 - [TEST_CASE][PASSED] - Test Cases/workLifeTest/ProfileCreationAddSkill: Test Cases/workLifeTest/ProfileCreationAddSkill

2019-12-05 02:00:49 - [TEST_STEP][PASSED] - Start listener action : beforeTestcase: null

2019-12-05 02:00:49 - [TEST_STEP][PASSED] - skill = "SkillInput" + System.currentTimeMillis(): null

2019-12-05 02:00:49 - [TEST_STEP][PASSED] - openBrowser(ProdAppUrl): Browser is opened with url: 'null'

2019-12-05 02:00:49 - [MESSAGE][INFO] - Starting 'Firefox' driver

2019-12-05 02:00:55 - [MESSAGE][PASSED] - Browser is opened with url: 'null'

2019-12-05 02:00:55 - [TEST_STEP][PASSED] - navigateToUrl("https://www.thework.life/"): Navigate to 'https://www.thework.life/' successfully

2019-12-05 02:01:11 - [MESSAGE][PASSED] - Navigate to 'https://www.thework.life/' successfully

2019-12-05 02:01:11 - [TEST_STEP][PASSED] - setText(findTestObject("Object Repository/SkillPageObject/Page_theworklife - Find Great People To Work With/input_Forgot password_username"), "worklifetest10001@gmail.com"): Text 'worklifetest10001@gmail.com' is set on object 'Object Repository/SkillPageObject/Page_theworklife - Find Great People To Work With/input_Forgot password_username'

2019-12-05 02:01:11 - [MESSAGE][PASSED] - Text 'worklifetest10001@gmail.com' is set on object 'Object Repository/SkillPageObject/Page_theworklife - Find Great People To Work With/input_Forgot password_username'

2019-12-05 02:01:11 - [TEST_STEP][PASSED] - setEncryptedText(findTestObject("Object Repository/SkillPageObject/Page_theworklife - Find Great People To Work With/input_Forgot password_password"), "XU9cBalmEBp1UP+jEU2w4UUBUuNgBY4U"): Text ****** has been set on object 'Object Repository/SkillPageObject/Page_theworklife - Find Great People To Work With/input_Forgot password_password'

2019-12-05 02:01:12 - [MESSAGE][PASSED] - Text ****** has been set on object 'Object Repository/SkillPageObject/Page_theworklife - Find Great People To Work With/input_Forgot password_password'

2019-12-05 02:01:12 - [TEST_STEP][PASSED] - click(findTestObject("Object Repository/SkillPageObject/Page_theworklife - Find Great People To Work With/button_Sign in")): Object: 'Object Repository/SkillPageObject/Page_theworklife - Find Great People To Work With/button_Sign in' is clicked on

2019-12-05 02:01:19 - [MESSAGE][PASSED] - Object: 'Object Repository/SkillPageObject/Page_theworklife - Find Great People To Work With/button_Sign in' is clicked on

2019-12-05 02:01:19 - [TEST_STEP][PASSED] - click(findTestObject("Object Repository/SkillPageObject/Page_Home/a_profile")): Object: 'Object Repository/SkillPageObject/Page_Home/a_profile' is clicked on

2019-12-05 02:01:20 - [MESSAGE][PASSED] - Object: 'Object Repository/SkillPageObject/Page_Home/a_profile' is clicked on

2019-12-05 02:01:20 - [TEST_STEP][PASSED] - click(findTestObject("Object Repository/SkillPageObject/Page_Home/a_Edit Profile")): Object: 'Object Repository/SkillPageObject/Page_Home/a_Edit Profile' is clicked on

2019-12-05 02:01:24 - [MESSAGE][PASSED] - Object: 'Object Repository/SkillPageObject/Page_Home/a_Edit Profile' is clicked on

2019-12-05 02:01:24 - [TEST_STEP][PASSED] - click(findTestObject("Object Repository/SkillPageObject/Page_Edit Profile/a_Skills")): Object: 'Object Repository/SkillPageObject/Page_Edit Profile/a_Skills' is clicked on

2019-12-05 02:01:25 - [MESSAGE][PASSED] - Object: 'Object Repository/SkillPageObject/Page_Edit Profile/a_Skills' is clicked on

2019-12-05 02:01:25 - [TEST_STEP][PASSED] - click(findTestObject("Object Repository/SkillPageObject/Page_Edit Profile/input_Add Skills_skills_name")): Object: 'Object Repository/SkillPageObject/Page_Edit Profile/input_Add Skills_skills_name' is clicked on

2019-12-05 02:01:31 - [MESSAGE][PASSED] - Object: 'Object Repository/SkillPageObject/Page_Edit Profile/input_Add Skills_skills_name' is clicked on

2019-12-05 02:01:31 - [TEST_STEP][PASSED] - clearText(findTestObject("Object Repository/SkillPageObject/Page_Edit Profile/input_Add Skills_skills_name")): Text of object 'Object Repository/SkillPageObject/Page_Edit Profile/input_Add Skills_skills_name' is cleared

2019-12-05 02:01:31 - [MESSAGE][PASSED] - Text of object 'Object Repository/SkillPageObject/Page_Edit Profile/input_Add Skills_skills_name' is cleared

2019-12-05 02:01:31 - [TEST_STEP][PASSED] - delay(1): Delayed 1 second(s)

2019-12-05 02:01:32 - [MESSAGE][PASSED] - Delayed 1 second(s)

2019-12-05 02:01:32 - [TEST_STEP][PASSED] - sendKeys(findTestObject("Object Repository/SkillPageObject/Page_Edit Profile/input_Add Skills_skills_name"), skill.toString()): Keys 'SkillInput1575491449820' sent to object: 'Object Repository/SkillPageObject/Page_Edit Profile/input_Add Skills_skills_name'

2019-12-05 02:01:33 - [MESSAGE][PASSED] - Keys 'SkillInput1575491449820' sent to object: 'Object Repository/SkillPageObject/Page_Edit Profile/input_Add Skills_skills_name'

2019-12-05 02:01:33 - [TEST_STEP][PASSED] - delay(3): Delayed 3 second(s)

2019-12-05 02:01:36 - [MESSAGE][PASSED] - Delayed 3 second(s)

2019-12-05 02:01:36 - [TEST_STEP][PASSED] - click(findTestObject("Object Repository/SkillPageObject/Page_Edit Profile/div_Add Skills                                                                                    Add Skill")): Object: 'Object Repository/SkillPageObject/Page_Edit Profile/div_Add Skills                                                                                    Add Skill' is clicked on

2019-12-05 02:01:40 - [MESSAGE][PASSED] - Object: 'Object Repository/SkillPageObject/Page_Edit Profile/div_Add Skills                                                                                    Add Skill' is clicked on

2019-12-05 02:01:40 - [TEST_STEP][PASSED] - click(findTestObject("Object Repository/SkillPageObject/Page_Edit Profile/button_Add Skill")): Object: 'Object Repository/SkillPageObject/Page_Edit Profile/button_Add Skill' is clicked on

2019-12-05 02:01:41 - [MESSAGE][PASSED] - Object: 'Object Repository/SkillPageObject/Page_Edit Profile/button_Add Skill' is clicked on

2019-12-05 02:01:41 - [TEST_STEP][PASSED] - println(skill): null

2019-12-05 02:01:41 - [TEST_STEP][PASSED] - verifyElementPresent(findTestObject("SkillPageObject/Page_Edit Profile/li_test123450", ["text":skill]), 0): Object 'Object Repository/SkillPageObject/Page_Edit Profile/li_test123450' is present

2019-12-05 02:01:41 - [MESSAGE][WARNING] - Timeout '0' is invalid. Using default page load timeout: '30'

2019-12-05 02:01:42 - [MESSAGE][PASSED] - Object 'Object Repository/SkillPageObject/Page_Edit Profile/li_test123450' is present

2019-12-05 02:01:42 - [TEST_STEP][PASSED] - Start listener action : afterTestcase: Browser is closed

2019-12-05 02:01:42 - [TEST_STEP][PASSED] - closeBrowser(): Browser is closed

2019-12-05 02:01:44 - [MESSAGE][PASSED] - Browser is closed

2019-12-05 02:01:46 - [TEST_STEP][PASSED] - Video: Video recording for test case 'Test Cases/workLifeTest/ProfileCreationAddSkill' .

[...]
	at com.kms.katalon.core.webui.common.WebUiCommonHelper.findWebElement(WebUiCommonHelper.java:1113)
	at com.kms.katalon.core.webui.keyword.internal.WebUIAbstractKeyword.findWebElement(WebUIAbstractKeyword.groovy:27)
	at com.kms.katalon.core.webui.keyword.internal.WebUIAbstractKeyword.findWebElement(WebUIAbstractKeyword.groovy:26)
	at com.kms.katalon.core.webui.keyword.builtin.ClickKeyword$_click_closure1.doCall(ClickKeyword.groovy:68)
	at com.kms.katalon.core.webui.keyword.builtin.ClickKeyword$_click_closure1.call(ClickKeyword.groovy)
	at com.kms.katalon.core.webui.keyword.internal.WebUIKeywordMain.runKeyword(WebUIKeywordMain.groovy:20)
	at com.kms.katalon.core.webui.keyword.builtin.ClickKeyword.click(ClickKeyword.groovy:103)
	at com.kms.katalon.core.webui.keyword.builtin.ClickKeyword.execute(ClickKeyword.groovy:43)
	at com.kms.katalon.core.keyword.internal.KeywordExecutor.executeKeywordForPlatform(KeywordExecutor.groovy:60)
	at com.kms.katalon.core.webui.keyword.WebUiBuiltInKeywords.click(WebUiBuiltInKeywords.groovy:616)
	at com.kms.katalon.core.webui.keyword.WebUiBuiltInKeywords$click$3.call(Unknown Source)
	at Script1575490105790.run(Script1575490105790.groovy:65)
	... 13 more
)
[[ATTACHMENT|C:\\Users\\Suraj Kumar\\git\\KatalonBDD\\Reports\\20191205_015049\\Sanity prod\\20191205_015049\\1575492263212.png]]

2019-12-05 02:14:23 - [TEST_STEP][PASSED] - Start listener action : afterTestcase: Browser is closed

2019-12-05 02:14:23 - [TEST_STEP][PASSED] - closeBrowser(): Browser is closed

2019-12-05 02:14:24 - [MESSAGE][PASSED] - Browser is closed

2019-12-05 02:14:27 - [TEST_STEP][PASSED] - Video: Video recording for test case 'Test Cases/Rate users - third party - prod' .

2019-12-05 02:14:27 - [MESSAGE][INFO] - Video recording for test case 'Test Cases/Rate users - third party - prod' .
[[ATTACHMENT|C:\\Users\\Suraj Kumar\\git\\KatalonBDD\\Reports\\20191205_015049\\Sanity prod\\20191205_015049/videos\\test_15.avi]]]]></system-out>
         <system-err><![CDATA[2019-12-05 02:08:33 - [TEST_CASE][FAILED] - Test Cases/Rate users - third party - prod: Test Cases/Rate users - third party - prod FAILED.
Reason:
com.kms.katalon.core.exception.StepFailedException: Unable to click on object 'Object Repository/Rate/Page_View Profile/button_Next'
	at com.kms.katalon.core.webui.keyword.internal.WebUIKeywordMain.stepFailed(WebUIKeywordMain.groovy:64)
	at com.kms.katalon.core.webui.keyword.internal.WebUIKeywordMain.runKeyword(WebUIKeywordMain.groovy:26)
	at com.kms.katalon.core.webui.keyword.builtin.ClickKeyword.click(ClickKeyword.groovy:103)
	at com.kms.katalon.core.webui.keyword.builtin.ClickKeyword.execute(ClickKeyword.groovy:43)
	at com.kms.katalon.core.keyword.internal.KeywordExecutor.executeKeywordForPlatform(KeywordExecutor.groovy:60)
	at com.kms.katalon.core.webui.keyword.WebUiBuiltInKeywords.click(WebUiBuiltInKeywords.groovy:616)
	at com.kms.katalon.core.webui.keyword.WebUiBuiltInKeywords$click$3.call(Unknown Source)
	at Rate users - third party - prod.run(Rate users - third party - prod:65)
	at com.kms.katalon.core.main.ScriptEngine.run(ScriptEngine.java:194)
	at com.kms.katalon.core.main.ScriptEngine.runScriptAsRawText(ScriptEngine.java:119)
	at com.kms.katalon.core.main.TestCaseExecutor.runScript(TestCaseExecutor.java:337)
	at com.kms.katalon.core.main.TestCaseExecutor.doExecute(TestCaseExecutor.java:328)
	at com.kms.katalon.core.main.TestCaseExecutor.processExecutionPhase(TestCaseExecutor.java:307)
	at com.kms.katalon.core.main.TestCaseExecutor.accessMainPhase(TestCaseExecutor.java:299)
	at com.kms.katalon.core.main.TestCaseExecutor.execute(TestCaseExecutor.java:233)
	at com.kms.katalon.core.main.TestSuiteExecutor.accessTestCaseMainPhase(TestSuiteExecutor.java:169)
	at com.kms.katalon.core.main.TestSuiteExecutor.accessTestSuiteMainPhase(TestSuiteExecutor.java:142)
	at com.kms.katalon.core.main.TestSuiteExecutor.execute(TestSuiteExecutor.java:91)
	at com.kms.katalon.core.main.TestCaseMain.startTestSuite(TestCaseMain.java:157)
	at com.kms.katalon.core.main.TestCaseMain$startTestSuite$0.call(Unknown Source)
	at TempTestSuite1575490849880.run(TempTestSuite1575490849880.groovy:36)
Caused by: com.kms.katalon.core.webui.exception.WebElementNotFoundException: Web element with id: 'Object Repository/Rate/Page_View Profile/button_Next' located by 'By.xpath: //*[@type = 'button' and @id = 'btnSubmitReview' and (text() = 'Next' or . = 'Next')]' not found
	at com.kms.katalon.core.webui.common.WebUiCommonHelper.findWebElement(WebUiCommonHelper.java:1113)
	at com.kms.katalon.core.webui.keyword.internal.WebUIAbstractKeyword.findWebElement(WebUIAbstractKeyword.groovy:27)
	at com.kms.katalon.core.webui.keyword.internal.WebUIAbstractKeyword.findWebElement(WebUIAbstractKeyword.groovy:26)
	at com.kms.katalon.core.webui.keyword.builtin.ClickKeyword$_click_closure1.doCall(ClickKeyword.groovy:68)
	at com.kms.katalon.core.webui.keyword.builtin.ClickKeyword$_click_closure1.call(ClickKeyword.groovy)
	at com.kms.katalon.core.webui.keyword.internal.WebUIKeywordMain.runKeyword(WebUIKeywordMain.groovy:20)
	... 19 more]]></system-err>
      </testcase>
      <testcase name="Test Cases/Third party profile" time="121.786" classname="Test Cases/Third party profile" status="PASSED">
         <system-out><![CDATA[2019-12-05 02:14:27 - [TEST_CASE][PASSED] - Test Cases/Third party profile: Test Cases/Third party profile

2019-12-05 02:14:27 - [TEST_STEP][PASSED] - Start listener action : beforeTestcase: null

2019-12-05 02:14:27 - [TEST_STEP][PASSED] - openBrowser(ProdAppUrl): Browser is opened with url: 'null'

2019-12-05 02:14:27 - [MESSAGE][INFO] - Starting 'Firefox' driver

2019-12-05 02:14:35 - [MESSAGE][PASSED] - Browser is opened with url: 'null'

2019-12-05 02:14:35 - [TEST_STEP][PASSED] - navigateToUrl("https://www.thework.life/"): Navigate to 'https://www.thework.life/' successfully

2019-12-05 02:14:40 - [MESSAGE][PASSED] - Navigate to 'https://www.thework.life/' successfully

2019-12-05 02:14:40 - [TEST_STEP][PASSED] - setText(findTestObject("Object Repository/Third party/Page_theworklife - Find Great People To Work With/input_Forgot password_username"), "vijayvstest01@gmail.com"): Text 'vijayvstest01@gmail.com' is set on object 'Object Repository/Third party/Page_theworklife - Find Great People To Work With/input_Forgot password_username'

2019-12-05 02:14:44 - [MESSAGE][PASSED] - Text 'vijayvstest01@gmail.com' is set on object 'Object Repository/Third party/Page_theworklife - Find Great People To Work With/input_Forgot password_username'

2019-12-05 02:14:44 - [TEST_STEP][PASSED] - setEncryptedText(findTestObject("Object Repository/Third party/Page_theworklife - Find Great People To Work With/input_Forgot password_password"), "cvW8qx4B2o3F4VwP/kNsqA=="): Text ****** has been set on object 'Object Repository/Third party/Page_theworklife - Find Great People To Work With/input_Forgot password_password'

2019-12-05 02:14:46 - [MESSAGE][PASSED] - Text ****** has been set on object 'Object Repository/Third party/Page_theworklife - Find Great People To Work With/input_Forgot password_password'

2019-12-05 02:14:46 - [TEST_STEP][PASSED] - click(findTestObject("Object Repository/Third party/Page_theworklife - Find Great People To Work With/button_Sign in")): Object: 'Object Repository/Third party/Page_theworklife - Find Great People To Work With/button_Sign in' is clicked on

2019-12-05 02:14:55 - [MESSAGE][PASSED] - Object: 'Object Repository/Third party/Page_theworklife - Find Great People To Work With/button_Sign in' is clicked on

2019-12-05 02:14:55 - [TEST_STEP][PASSED] - setText(findTestObject("Object Repository/Third party/Page_Home/input_View all_searchText"), "user"): Text 'user' is set on object 'Object Repository/Third party/Page_Home/input_View all_searchText'

2019-12-05 02:14:58 - [MESSAGE][PASSED] - Text 'user' is set on object 'Object Repository/Third party/Page_Home/input_View all_searchText'

2019-12-05 02:14:58 - [TEST_STEP][PASSED] - click(findTestObject("Third party/Page_Search/Search user button")): Object: 'Object Repository/Third party/Page_Search/Search user button' is clicked on

2019-12-05 02:15:20 - [MESSAGE][PASSED] - Object: 'Object Repository/Third party/Page_Search/Search user button' is clicked on

2019-12-05 02:15:20 - [TEST_STEP][PASSED] - waitForElementVisible(findTestObject("Third party/Page_Search/span_Create their profile anonymously"), 3): Object 'Object Repository/Third party/Page_Search/span_Create their profile anonymously' is visible

2019-12-05 02:15:22 - [MESSAGE][PASSED] - Object 'Object Repository/Third party/Page_Search/span_Create their profile anonymously' is visible

2019-12-05 02:15:22 - [TEST_STEP][PASSED] - click(findTestObject("Object Repository/Third party/Page_Search/span_Create their profile anonymously")): Object: 'Object Repository/Third party/Page_Search/span_Create their profile anonymously' is clicked on

2019-12-05 02:15:25 - [MESSAGE][PASSED] - Object: 'Object Repository/Third party/Page_Search/span_Create their profile anonymously' is clicked on

2019-12-05 02:15:25 - [TEST_STEP][PASSED] - waitForElementVisible(findTestObject("Third party/Page_Search/div_(Optional)_multiple_emails-container"), 3): Object 'Object Repository/Third party/Page_Search/div_(Optional)_multiple_emails-container' is not visible after 3 second(s)

2019-12-05 02:15:36 - [MESSAGE][WARNING] - Object 'Object Repository/Third party/Page_Search/div_(Optional)_multiple_emails-container' is not visible after 3 second(s)

2019-12-05 02:15:36 - [TEST_STEP][PASSED] - click(findTestObject("Object Repository/Third party/Page_Search/div_(Optional)_multiple_emails-container")): Object: 'Object Repository/Third party/Page_Search/div_(Optional)_multiple_emails-container' is clicked on

2019-12-05 02:15:39 - [MESSAGE][PASSED] - Object: 'Object Repository/Third party/Page_Search/div_(Optional)_multiple_emails-container' is clicked on

2019-12-05 02:15:39 - [TEST_STEP][PASSED] - setText(findTestObject("Object Repository/Third party/Page_Search/input_Linkedin_txtLiLink"), "appliedai" + System.currentTimeMillis()): Text 'appliedai1575492339404' is set on object 'Object Repository/Third party/Page_Search/input_Linkedin_txtLiLink'

2019-12-05 02:15:42 - [MESSAGE][PASSED] - Text 'appliedai1575492339404' is set on object 'Object Repository/Third party/Page_Search/input_Linkedin_txtLiLink'

2019-12-05 02:15:42 - [TEST_STEP][PASSED] - click(findTestObject("Object Repository/Third party/Page_Search/div_(Optional)_multiple_emails-container")): Object: 'Object Repository/Third party/Page_Search/div_(Optional)_multiple_emails-container' is clicked on

2019-12-05 02:15:45 - [MESSAGE][PASSED] - Object: 'Object Repository/Third party/Page_Search/div_(Optional)_multiple_emails-container' is clicked on

2019-12-05 02:15:45 - [TEST_STEP][PASSED] - setText(findTestObject("Object Repository/Third party/Page_Search/input_(Optional)_multiple_emails-input text-left"), "testing@appliedaiconsulting.com"): Text 'testing@appliedaiconsulting.com' is set on object 'Object Repository/Third party/Page_Search/input_(Optional)_multiple_emails-input text-left'

2019-12-05 02:15:47 - [MESSAGE][PASSED] - Text 'testing@appliedaiconsulting.com' is set on object 'Object Repository/Third party/Page_Search/input_(Optional)_multiple_emails-input text-left'

2019-12-05 02:15:47 - [TEST_STEP][PASSED] - setText(findTestObject("Object Repository/Third party/Page_Search/input_Name_txtFirstName"), "user" + System.currentTimeMillis()): Text 'user1575492347836' is set on object 'Object Repository/Third party/Page_Search/input_Name_txtFirstName'

2019-12-05 02:15:51 - [MESSAGE][PASSED] - Text 'user1575492347836' is set on object 'Object Repository/Third party/Page_Search/input_Name_txtFirstName'

2019-12-05 02:15:51 - [TEST_STEP][PASSED] - click(findTestObject("Object Repository/Third party/Page_Search/button_Add")): Object: 'Object Repository/Third party/Page_Search/button_Add' is clicked on

2019-12-05 02:15:54 - [MESSAGE][PASSED] - Object: 'Object Repository/Third party/Page_Search/button_Add' is clicked on

2019-12-05 02:15:54 - [TEST_STEP][PASSED] - waitForElementClickable(findTestObject("Third party/Page_Search/a_OK"), 3): Object 'Object Repository/Third party/Page_Search/a_OK' is clickable

2019-12-05 02:16:01 - [MESSAGE][PASSED] - Object 'Object Repository/Third party/Page_Search/a_OK' is clickable

2019-12-05 02:16:01 - [TEST_STEP][PASSED] - sleep(4000): null

2019-12-05 02:16:05 - [TEST_STEP][PASSED] - click(findTestObject("Third party/Page_Search/a_OK")): Object: 'Object Repository/Third party/Page_Search/a_OK' is clicked on

2019-12-05 02:16:25 - [MESSAGE][PASSED] - Object: 'Object Repository/Third party/Page_Search/a_OK' is clicked on

2019-12-05 02:16:25 - [TEST_STEP][PASSED] - closeBrowser(): Browser is closed

2019-12-05 02:16:26 - [MESSAGE][PASSED] - Browser is closed

2019-12-05 02:16:26 - [TEST_STEP][PASSED] - Start listener action : afterTestcase: Browser is closed

2019-12-05 02:16:26 - [TEST_STEP][PASSED] - closeBrowser(): Browser is closed

2019-12-05 02:16:26 - [MESSAGE][PASSED] - Browser is closed

2019-12-05 02:16:29 - [TEST_STEP][PASSED] - Video: Video recording for test case 'Test Cases/Third party profile' .

2019-12-05 02:16:29 - [MESSAGE][INFO] - Video recording for test case 'Test Cases/Third party profile' .
[[ATTACHMENT|C:\\Users\\Suraj Kumar\\git\\KatalonBDD\\Reports\\20191205_015049\\Sanity prod\\20191205_015049/videos\\test_16.avi]]]]></system-out>
         <system-err><![CDATA[]]></system-err>
      </testcase>
      <system-out><![CDATA[2019-12-05 01:50:53 - [TEST_SUITE][FAILED] - Sanity prod: Test Cases/Rate users FAILED.
Reason:
com.kms.katalon.core.exception.StepFailedException: Unable to click on object 'Object Repository/Rate/Page_View Profile/button_Next'
	at com.kms.katalon.core.webui.keyword.internal.WebUIKeywordMain.stepFailed(WebUIKeywordMain.groovy:64)
	at com.kms.katalon.core.webui.keyword.internal.WebUIKeywordMain.runKeyword(WebUIKeywordMain.groovy:26)
	at com.kms.katalon.core.webui.keyword.builtin.ClickKeyword.click(ClickKeyword.groovy:103)
	at com.kms.katalon.core.webui.keyword.builtin.ClickKeyword.execute(ClickKeyword.groovy:43)
	at com.kms.katalon.core.keyword.internal.KeywordExecutor.executeKeywordForPlatform(KeywordExecutor.groovy:60)
	at com.kms.katalon.core.webui.keyword.WebUiBuiltInKeywords.click(WebUiBuiltInKeywords.groovy:616)
	at com.kms.katalon.core.webui.keyword.WebUiBuiltInKeywords$click$3.call(Unknown Source)
	at Rate users.run(Rate users:65)
	at com.kms.katalon.core.main.ScriptEngine.run(ScriptEngine.java:194)
	at com.kms.katalon.core.main.ScriptEngine.runScriptAsRawText(ScriptEngine.java:119)
	at com.kms.katalon.core.main.TestCaseExecutor.runScript(TestCaseExecutor.java:337)
	at com.kms.katalon.core.main.TestCaseExecutor.doExecute(TestCaseExecutor.java:328)
	at com.kms.katalon.core.main.TestCaseExecutor.processExecutionPhase(TestCaseExecutor.java:307)
	at com.kms.katalon.core.main.TestCaseExecutor.accessMainPhase(TestCaseExecutor.java:299)
	at com.kms.katalon.core.main.TestCaseExecutor.execute(TestCaseExecutor.java:233)
	at com.kms.katalon.core.main.TestSuiteExecutor.accessTestCaseMainPhase(TestSuiteExecutor.java:169)
	at com.kms.katalon.core.main.TestSuiteExecutor.accessTestSuiteMainPhase(TestSuiteExecutor.java:142)
	at com.kms.katalon.core.main.TestSuiteExecutor.execute(TestSuiteExecutor.java:91)
	at com.kms.katalon.core.main.TestCaseMain.startTestSuite(TestCaseMain.java:157)
	at com.kms.katalon.core.main.TestCaseMain$startTestSuite$0.call(Unknown Source)
	at TempTestSuite1575490849880.run(TempTestSuite1575490849880.groovy:36)
Caused by: com.kms.katalon.core.webui.exception.WebElementNotFoundException: Web element with id: 'Object Repository/Rate/Page_View Profile/button_Next' located by 'By.xpath: //*[@type = 'button' and @id = 'btnSubmitReview' and (text() = 'Next' or . = 'Next')]' not found
	at com.kms.katalon.core.webui.common.WebUiCommonHelper.findWebElement(WebUiCommonHelper.java:1113)
	at com.kms.katalon.core.webui.keyword.internal.WebUIAbstractKeyword.findWebElement(WebUIAbstractKeyword.groovy:27)
	at com.kms.katalon.core.webui.keyword.internal.WebUIAbstractKeyword.findWebElement(WebUIAbstractKeyword.groovy:26)
	at com.kms.katalon.core.webui.keyword.builtin.ClickKeyword$_click_closure1.doCall(ClickKeyword.groovy:68)
	at com.kms.katalon.core.webui.keyword.builtin.ClickKeyword$_click_closure1.call(ClickKeyword.groovy)
	at com.kms.katalon.core.webui.keyword.internal.WebUIKeywordMain.runKeyword(WebUIKeywordMain.groovy:20)
	... 19 more]]></system-out>
      <system-err><![CDATA[2019-12-05 01:50:53 - [TEST_SUITE][FAILED] - Sanity prod: Test Cases/Rate users FAILED.
Reason:
com.kms.katalon.core.exception.StepFailedException: Unable to click on object 'Object Repository/Rate/Page_View Profile/button_Next'
	at com.kms.katalon.core.webui.keyword.internal.WebUIKeywordMain.stepFailed(WebUIKeywordMain.groovy:64)
	at com.kms.katalon.core.webui.keyword.internal.WebUIKeywordMain.runKeyword(WebUIKeywordMain.groovy:26)
	at com.kms.katalon.core.webui.keyword.builtin.ClickKeyword.click(ClickKeyword.groovy:103)
	at com.kms.katalon.core.webui.keyword.builtin.ClickKeyword.execute(ClickKeyword.groovy:43)
	at com.kms.katalon.core.keyword.internal.KeywordExecutor.executeKeywordForPlatform(KeywordExecutor.groovy:60)
	at com.kms.katalon.core.webui.keyword.WebUiBuiltInKeywords.click(WebUiBuiltInKeywords.groovy:616)
	at com.kms.katalon.core.webui.keyword.WebUiBuiltInKeywords$click$3.call(Unknown Source)
	at Rate users.run(Rate users:65)
	at com.kms.katalon.core.main.ScriptEngine.run(ScriptEngine.java:194)
	at com.kms.katalon.core.main.ScriptEngine.runScriptAsRawText(ScriptEngine.java:119)
	at com.kms.katalon.core.main.TestCaseExecutor.runScript(TestCaseExecutor.java:337)
	at com.kms.katalon.core.main.TestCaseExecutor.doExecute(TestCaseExecutor.java:328)
	at com.kms.katalon.core.main.TestCaseExecutor.processExecutionPhase(TestCaseExecutor.java:307)
	at com.kms.katalon.core.main.TestCaseExecutor.accessMainPhase(TestCaseExecutor.java:299)
	at com.kms.katalon.core.main.TestCaseExecutor.execute(TestCaseExecutor.java:233)
	at com.kms.katalon.core.main.TestSuiteExecutor.accessTestCaseMainPhase(TestSuiteExecutor.java:169)
	at com.kms.katalon.core.main.TestSuiteExecutor.accessTestSuiteMainPhase(TestSuiteExecutor.java:142)
	at com.kms.katalon.core.main.TestSuiteExecutor.execute(TestSuiteExecutor.java:91)
	at com.kms.katalon.core.main.TestCaseMain.startTestSuite(TestCaseMain.java:157)
	at com.kms.katalon.core.main.TestCaseMain$startTestSuite$0.call(Unknown Source)
	at TempTestSuite1575490849880.run(TempTestSuite1575490849880.groovy:36)
Caused by: com.kms.katalon.core.webui.exception.WebElementNotFoundException: Web element with id: 'Object Repository/Rate/Page_View Profile/button_Next' located by 'By.xpath: //*[@type = 'button' and @id = 'btnSubmitReview' and (text() = 'Next' or . = 'Next')]' not found
	at com.kms.katalon.core.webui.common.WebUiCommonHelper.findWebElement(WebUiCommonHelper.java:1113)
	at com.kms.katalon.core.webui.keyword.internal.WebUIAbstractKeyword.findWebElement(WebUIAbstractKeyword.groovy:27)
	at com.kms.katalon.core.webui.keyword.internal.WebUIAbstractKeyword.findWebElement(WebUIAbstractKeyword.groovy:26)
	at com.kms.katalon.core.webui.keyword.builtin.ClickKeyword$_click_closure1.doCall(ClickKeyword.groovy:68)
	at com.kms.katalon.core.webui.keyword.builtin.ClickKeyword$_click_closure1.call(ClickKeyword.groovy)
	at com.kms.katalon.core.webui.keyword.internal.WebUIKeywordMain.runKeyword(WebUIKeywordMain.groovy:20)
	... 19 more]]></system-err>
   </testsuite>
</testsuites>
